"D:/UE4 Projects/LD43-2018/LD2018/Content/Geometry/Meshes/CubeMaterial.uasset" 0
"D:/UE4 Projects/LD43-2018/LD2018/Content/Geometry/Meshes/1M_Cube_Chamfer.uasset" 1
"D:/UE4 Projects/LD43-2018/LD2018/Content/Geometry/Meshes/TemplateFloor.uasset" 2
"D:/UE4 Projects/LD43-2018/LD2018/Content/Mannequin/Character/Mesh/UE4_Mannequin_Skeleton.uasset" 3
"D:/UE4 Projects/LD43-2018/LD2018/Content/Mannequin/Animations/ThirdPersonJump_End.uasset" 4
"D:/UE4 Projects/LD43-2018/LD2018/Content/TopDownBP/Blueprints/Old/Pair.uasset" 5
"../../../Engine/Content/EditorBlueprintResources/StandardMacros.uasset" 6
"D:/UE4 Projects/LD43-2018/LD2018/Content/Mannequin/Animations/ThirdPerson_Jump.uasset" 7
"D:/UE4 Projects/LD43-2018/LD2018/Content/Mannequin/Animations/ThirdPersonJump_Loop.uasset" 8
"D:/UE4 Projects/LD43-2018/LD2018/Content/Mannequin/Animations/ThirdPersonJump_Start.uasset" 9
"D:/UE4 Projects/LD43-2018/LD2018/Content/Mannequin/Animations/ThirdPersonIdle.uasset" 10
"D:/UE4 Projects/LD43-2018/LD2018/Content/Mannequin/Animations/ThirdPersonRun.uasset" 11
"D:/UE4 Projects/LD43-2018/LD2018/Content/Mannequin/Animations/ThirdPersonWalk.uasset" 12
"D:/UE4 Projects/LD43-2018/LD2018/Content/Mannequin/Animations/ThirdPerson_IdleRun_2D.uasset" 13
"D:/UE4 Projects/LD43-2018/LD2018/Content/Mannequin/Animations/ThirdPerson_AnimBP.uasset" 14
"../../../Engine/Content/Functions/Engine_MaterialFunctions01/Density/ExponentialDensity.uasset" 15
"../../../Engine/Content/Functions/Engine_MaterialFunctions01/Gradient/RadialGradientExponential.uasset" 16
"D:/UE4 Projects/LD43-2018/LD2018/Content/TopDownBP/Blueprints/M_Cursor_Decal.uasset" 17
"../../../Engine/Content/Functions/Engine_MaterialFunctions02/Utility/BlendAngleCorrectedNormals.uasset" 18
"../../../Engine/Content/Functions/MaterialLayerFunctions/MatLayerBlend_NormalBlend.uasset" 19
"../../../Engine/Content/Functions/MaterialLayerFunctions/MatLayerBlend_Simple.uasset" 20
"D:/UE4 Projects/LD43-2018/LD2018/Content/Mannequin/Character/Materials/MaterialLayers/T_ML_Rubber_Blue_01_D.uasset" 21
"D:/UE4 Projects/LD43-2018/LD2018/Content/Mannequin/Character/Materials/MaterialLayers/T_ML_Rubber_Blue_01_N.uasset" 22
"D:/UE4 Projects/LD43-2018/LD2018/Content/Mannequin/Character/Materials/MaterialLayers/ML_GlossyBlack_Latex_UE4.uasset" 23
"D:/UE4 Projects/LD43-2018/LD2018/Content/Mannequin/Character/Materials/MaterialLayers/ML_Plastic_Shiny_Beige.uasset" 24
"D:/UE4 Projects/LD43-2018/LD2018/Content/Mannequin/Character/Textures/UE4_LOGO_CARD.uasset" 25
"D:/UE4 Projects/LD43-2018/LD2018/Content/Mannequin/Character/Materials/MaterialLayers/ML_Plastic_Shiny_Beige_LOGO.uasset" 26
"D:/UE4 Projects/LD43-2018/LD2018/Content/Mannequin/Character/Materials/MaterialLayers/T_ML_Aluminum01.uasset" 27
"D:/UE4 Projects/LD43-2018/LD2018/Content/Mannequin/Character/Materials/MaterialLayers/T_ML_Aluminum01_N.uasset" 28
"D:/UE4 Projects/LD43-2018/LD2018/Content/Mannequin/Character/Materials/MaterialLayers/ML_SoftMetal_UE4.uasset" 29
"D:/UE4 Projects/LD43-2018/LD2018/Content/Mannequin/Character/Textures/UE4_Mannequin__normals.uasset" 30
"D:/UE4 Projects/LD43-2018/LD2018/Content/Mannequin/Character/Textures/UE4_Mannequin_MAT_MASKA.uasset" 31
"D:/UE4 Projects/LD43-2018/LD2018/Content/Mannequin/Character/Materials/M_UE4Man_Body.uasset" 32
"D:/UE4 Projects/LD43-2018/LD2018/Content/Mannequin/Character/Textures/UE4Man_Logo_N.uasset" 33
"D:/UE4 Projects/LD43-2018/LD2018/Content/Mannequin/Character/Materials/M_UE4Man_ChestLogo.uasset" 34
"D:/UE4 Projects/LD43-2018/LD2018/Content/Mannequin/Character/Mesh/SK_Mannequin_PhysicsAsset.uasset" 35
"D:/UE4 Projects/LD43-2018/LD2018/Content/Mannequin/Character/Mesh/SK_Mannequin.uasset" 36
"D:/UE4 Projects/LD43-2018/LD2018/Content/TopDownBP/Blueprints/Old/TopDownCharacter.uasset" 37
"D:/UE4 Projects/LD43-2018/LD2018/Content/TopDownBP/Blueprints/Old/TopDownController.uasset" 38
"../../../Engine/Content/Functions/Engine_MaterialFunctions01/Opacity/CameraDepthFade.uasset" 39
"../../../Engine/Content/EngineMaterials/T_Default_Material_Grid_M.uasset" 40
"../../../Engine/Content/EngineMaterials/T_Default_Material_Grid_N.uasset" 41
"../../../Engine/Content/EngineMaterials/WorldGridMaterial.uasset" 42
"../../../Engine/Content/ArtTools/RenderToTexture/Meshes/S_1_Unit_Plane.uasset" 43
"../../../Engine/Content/EngineMaterials/DefaultMaterial.uasset" 44
"../../../Engine/Content/BasicShapes/Cone.uasset" 45
"../../../Engine/Content/BasicShapes/Cylinder.uasset" 46
"../../../Engine/Content/BasicShapes/Plane.uasset" 47
"../../../Engine/Content/BasicShapes/Sphere.uasset" 48
"../../../Engine/Content/EditorLandscapeResources/DataLayer.uasset" 49
"../../../Engine/Content/EditorMaterials/GizmoMaterial.uasset" 50
"../../../Engine/Content/EditorMaterials/MAT_Groups_Toggle.uasset" 51
"../../../Engine/Content/EditorMaterials/MAT_Groups_Visibility.uasset" 52
"../../../Engine/Content/EditorMaterials/PreviewShadowIndicator.uasset" 53
"../../../Engine/Content/EditorMaterials/PreviewShadowIndicatorMaterial.uasset" 54
"../../../Engine/Content/EditorMaterials/MatineeGroups/MAT_ColorTrack.uasset" 55
"../../../Engine/Content/EditorMaterials/MatineeGroups/MAT_Groups_Anim.uasset" 56
"../../../Engine/Content/EditorMaterials/MatineeGroups/MAT_Groups_AudioMaster.uasset" 57
"../../../Engine/Content/EditorMaterials/MatineeGroups/MAT_Groups_Director.uasset" 58
"../../../Engine/Content/EditorMaterials/MatineeGroups/MAT_Groups_Event.uasset" 59
"../../../Engine/Content/EditorMaterials/MatineeGroups/MAT_Groups_Fade.uasset" 60
"../../../Engine/Content/EditorMaterials/MatineeGroups/MAT_Groups_Float.uasset" 61
"../../../Engine/Content/EditorMaterials/MatineeGroups/MAT_Groups_Move.uasset" 62
"../../../Engine/Content/EditorMaterials/MatineeGroups/MAT_Groups_Slomo.uasset" 63
"../../../Engine/Content/EditorMaterials/MatineeGroups/MAT_Groups_Sound.uasset" 64
"../../../Engine/Content/EditorMaterials/MatineeGroups/MAT_Groups_Vector.uasset" 65
"../../../Engine/Content/EditorMaterials/ParticleSystems/PSysThumbnail_NoImage.uasset" 66
"../../../Engine/Content/EditorMaterials/ParticleSystems/PSysThumbnail_OOD.uasset" 67
"../../../Engine/Content/EditorMaterials/Camera/CineMat.uasset" 68
"../../../Engine/Content/EditorMaterials/Camera/MI_CineMat_Rig.uasset" 69
"../../../Engine/Content/EditorMeshes/Camera/SM_CraneRig_Arm.uasset" 70
"../../../Engine/Content/EditorMeshes/Camera/SM_CraneRig_Base.uasset" 71
"../../../Engine/Content/EditorMeshes/Camera/SM_CraneRig_Body.uasset" 72
"../../../Engine/Content/EditorMeshes/Camera/SM_CraneRig_Mount.uasset" 73
"../../../Engine/Content/EditorMeshes/Camera/SM_RailRig_Mount.uasset" 74
"../../../Engine/Content/EditorMeshes/Camera/SM_RailRig_Track.uasset" 75
"../../../Engine/Content/EditorResources/BSPVertex.uasset" 76
"../../../Engine/Content/EditorResources/EmptyActor.uasset" 77
"../../../Engine/Content/EditorResources/S_Actor.uasset" 78
"../../../Engine/Content/EditorResources/S_Trigger.uasset" 79
"../../../Engine/Content/EditorResources/LightIcons/S_LightError.uasset" 80
"../../../Engine/Content/EditorResources/SequenceRecorder/Countdown.uasset" 81
"../../../Engine/Content/EditorResources/SequenceRecorder/RecordingIndicator.uasset" 82
"../../../Engine/Content/EditorSounds/Notifications/CompileFailed.uasset" 83
"../../../Engine/Content/EditorSounds/Notifications/CompileFailed_Cue.uasset" 84
"../../../Engine/Content/EditorSounds/Notifications/CompileSuccess.uasset" 85
"../../../Engine/Content/EditorSounds/Notifications/CompileStart_Cue.uasset" 86
"../../../Engine/Content/EditorSounds/Notifications/CompileSuccess_Cue.uasset" 87
"../../../Engine/Content/EngineDamageTypes/DmgTypeBP_Environmental.uasset" 88
"../../../Engine/Content/EngineDebugMaterials/HeatmapGradient.uasset" 89
"../../../Engine/Content/EngineDebugMaterials/BoneWeightMaterial.uasset" 90
"../../../Engine/Content/EngineDebugMaterials/ClothMaterial.uasset" 91
"../../../Engine/Content/EngineDebugMaterials/ClothMaterial_WF.uasset" 92
"../../../Engine/Content/EngineDebugMaterials/DebugEditorMaterial.uasset" 93
"../../../Engine/Content/EngineDebugMaterials/DebugMeshMaterial.uasset" 94
"../../../Engine/Content/EngineDebugMaterials/GeomMaterial.uasset" 95
"../../../Engine/Content/EngineDebugMaterials/M_SimpleTranslucent.uasset" 96
"../../../Engine/Content/EngineFonts/Faces/RobotoBold.uasset" 97
"../../../Engine/Content/EngineFonts/Faces/RobotoBoldItalic.uasset" 98
"../../../Engine/Content/EngineFonts/Faces/RobotoItalic.uasset" 99
"../../../Engine/Content/EngineFonts/Faces/RobotoLight.uasset" 100
"../../../Engine/Content/EngineFonts/Faces/RobotoRegular.uasset" 101
"../../../Engine/Content/EngineFonts/Roboto.uasset" 102
"../../../Engine/Content/EngineFonts/Faces/RobotoTiny.uasset" 103
"../../../Engine/Content/EngineFonts/RobotoTiny.uasset" 104
"../../../Engine/Content/EngineMaterials/BaseFlattenDiffuseMap.uasset" 105
"../../../Engine/Content/EngineMaterials/BaseFlattenEmissiveMap.uasset" 106
"../../../Engine/Content/EngineMaterials/BaseFlattenGrayscaleMap.uasset" 107
"../../../Engine/Content/EngineMaterials/BaseFlattenNormalMap.uasset" 108
"../../../Engine/Content/EngineMaterials/BaseFlattenMaterial.uasset" 109
"../../../Engine/Content/EngineMaterials/DefaultBloomKernel.uasset" 110
"../../../Engine/Content/EngineMaterials/DefaultBokeh.uasset" 111
"../../../Engine/Content/EngineMaterials/DefaultDiffuse.uasset" 112
"../../../Engine/Content/EngineMaterials/DefaultDeferredDecalMaterial.uasset" 113
"../../../Engine/Content/EngineMaterials/DefaultLightFunctionMaterial.uasset" 114
"../../../Engine/Content/EngineMaterials/DefaultPhysicalMaterial.uasset" 115
"../../../Engine/Content/Functions/Engine_MaterialFunctions02/Utility/BreakOutFloat2Components.uasset" 116
"../../../Engine/Content/EngineMaterials/DefaultPostProcessMaterial.uasset" 117
"../../../Engine/Content/EngineFonts/RobotoDistanceField.uasset" 118
"../../../Engine/Content/EngineMaterials/DefaultTextMaterialOpaque.uasset" 119
"../../../Engine/Content/EngineMaterials/DefaultWhiteGrid.uasset" 120
"../../../Engine/Content/EngineMaterials/EditorBrushMaterial.uasset" 121
"../../../Engine/Content/EngineMaterials/Good64x64TilingNoiseHighFreq.uasset" 122
"../../../Engine/Content/EngineMaterials/MiniFont.uasset" 123
"../../../Engine/Content/EngineMaterials/InvalidLightmapSettings.uasset" 124
"../../../Engine/Content/EngineMaterials/M_InvalidLightmapSettings.uasset" 125
"../../../Engine/Content/Functions/Engine_MaterialFunctions02/WorldPositionOffset/CameraOffset.uasset" 126
"../../../Engine/Content/EngineMaterials/PhAT_JointLimitMaterial.uasset" 127
"../../../Engine/Content/EngineMaterials/PreintegratedSkinBRDF.uasset" 128
"../../../Engine/Content/EngineMaterials/RemoveSurfaceMaterial.uasset" 129
"../../../Engine/Content/EngineMaterials/WeightMapPlaceholderTexture.uasset" 130
"../../../Engine/Content/EngineResources/WhiteSquareTexture.uasset" 131
"../../../Engine/Content/EngineMaterials/Widget3DPassThrough.uasset" 132
"../../../Engine/Content/EngineMaterials/Widget3DPassThrough_Masked.uasset" 133
"../../../Engine/Content/EngineMaterials/Widget3DPassThrough_Opaque.uasset" 134
"../../../Engine/Content/EngineMaterials/Widget3DPassThrough_Masked_OneSided.uasset" 135
"../../../Engine/Content/EngineMaterials/Widget3DPassThrough_Opaque_OneSided.uasset" 136
"../../../Engine/Content/EngineMaterials/Widget3DPassThrough_Translucent.uasset" 137
"../../../Engine/Content/EngineMaterials/Widget3DPassThrough_Translucent_OneSided.uasset" 138
"../../../Engine/Content/EngineMeshes/Cylinder.uasset" 139
"../../../Engine/Content/EngineMeshes/Sphere.uasset" 140
"../../../Engine/Content/EngineResources/Black.uasset" 141
"../../../Engine/Content/EngineResources/DefaultTexture.uasset" 142
"../../../Engine/Content/EngineResources/DefaultTextureCube.uasset" 143
"../../../Engine/Content/EngineResources/DefaultVolumeTexture2D.uasset" 144
"../../../Engine/Content/EngineResources/DefaultVolumeTexture.uasset" 145
"../../../Engine/Content/EngineResources/GradientTexture0.uasset" 146
"../../../Engine/Content/EngineSounds/Master.uasset" 147
"../../../Engine/Content/Functions/Engine_MaterialFunctions01/Shading/ConvertFromDiffSpec.uasset" 148
"../../../Engine/Content/Functions/Engine_MaterialFunctions01/Shading/PowerToRoughness.uasset" 149
"../../../Engine/Content/Maps/Templates/Thumbnails/Default.uasset" 150
"../../../Engine/Content/Maps/Templates/Thumbnails/VR-Basic.uasset" 151
"../../../Engine/Content/MobileResources/T_MobileControls_texture.uasset" 152
"../../../Engine/Content/MobileResources/T_MobileMenu2.uasset" 153
"../../../Engine/Content/MobileResources/HUD/AnalogHat.uasset" 154
"../../../Engine/Content/MobileResources/HUD/VirtualJoystick_Background.uasset" 155
"../../../Engine/Content/MobileResources/HUD/VirtualJoystick_Thumb.uasset" 156
"../../../Engine/Content/MobileResources/HUD/DefaultVirtualJoysticks.uasset" 157
"../../../Engine/Content/MobileResources/HUD/LeftVirtualJoystickOnly.uasset" 158
"../../../Engine/Content/MobileResources/HUD/MobileHUDButton1_off.uasset" 159
"../../../Engine/Content/MobileResources/HUD/MobileHUDButton1_on.uasset" 160
"../../../Engine/Content/MobileResources/HUD/MobileHUDButton2_off.uasset" 161
"../../../Engine/Content/MobileResources/HUD/MobileHUDButton2_on.uasset" 162
"../../../Engine/Content/MobileResources/HUD/MobileHUDButton3.uasset" 163
"../../../Engine/Content/MobileResources/HUD/MobileHUDButtonFire.uasset" 164
"../../../Engine/Content/MobileResources/HUD/MobileHUDDirectionPad.uasset" 165
"../../../Engine/Content/MobileResources/HUD/MobileHUDDirectionPad2.uasset" 166
"../../../Engine/Content/MobileResources/HUD/MobileHUDDirectionPad3.uasset" 167
"../../../Engine/Content/MobileResources/HUD/MobileHUDDirectionStick.uasset" 168
"../../../Engine/Content/MobileResources/HUD/T_Castle_ThumbstickInner.uasset" 169
"../../../Engine/Content/MobileResources/HUD/T_Castle_ThumbstickOutter.uasset" 170
"../../../Engine/Content/Tutorial/ContentIntroCurve.uasset" 171
"../../../Engine/Content/Tutorial/Basics/TutorialAssets/icon_tab_Levels_40x.uasset" 172
"../../../Engine/Content/VREditor/LaserPointer/VR_LaserPower_01.uasset" 173
"../../../Engine/Content/VREditor/TransformGizmo/TransformGizmoMaterial.uasset" 174
"../../../Engine/Content/VREditor/TransformGizmo/TranslucentTransformGizmoMaterial.uasset" 175
"../../../Engine/Content/VREditor/TransformGizmo/BoundingBoxCorner.uasset" 176
"../../../Engine/Content/VREditor/TransformGizmo/BoundingBoxEdge.uasset" 177
"../../../Engine/Content/VREditor/TransformGizmo/PlaneTranslationHandle.uasset" 178
"../../../Engine/Content/VREditor/TransformGizmo/Main.uasset" 179
"../../../Engine/Content/VREditor/TransformGizmo/Xray.uasset" 180
"../../../Engine/Content/VREditor/TransformGizmo/SM_Sequencer_Key.uasset" 181
"../../../Engine/Content/VREditor/TransformGizmo/SM_Sequencer_Node.uasset" 182
"../../Plugins/2D/Paper2D/Content/PlaceholderTextures/DummySpriteTexture.uasset" 183
"../../Plugins/2D/Paper2D/Content/DummySprite.uasset" 184
"../../Plugins/2D/Paper2D/Content/DefaultPaperTerrainMaterial.uasset" 185
"../../Plugins/2D/Paper2D/Content/DefaultSpriteMaterial.uasset" 186
"../../Plugins/2D/Paper2D/Content/MaskedUnlitSpriteMaterial.uasset" 187
"../../Plugins/2D/Paper2D/Content/OpaqueUnlitSpriteMaterial.uasset" 188
"../../Plugins/Runtime/Oculus/OculusVR/Content/Materials/PokeAHoleMaterial.uasset" 189
"../../Plugins/Runtime/Oculus/OculusVR/Content/Textures/GearVRController_AO.uasset" 190
"../../Plugins/Runtime/Oculus/OculusVR/Content/Textures/GearVRController_Color.uasset" 191
"../../Plugins/Runtime/Oculus/OculusVR/Content/Textures/GearVRController_Normal.uasset" 192
"../../Plugins/Runtime/Oculus/OculusVR/Content/Materials/GearVRControllerMaterial.uasset" 193
"../../Plugins/Runtime/Oculus/OculusVR/Content/Meshes/GearVrController.uasset" 194
"../../Plugins/Runtime/Oculus/OculusVR/Content/Textures/touchController_albedo.uasset" 195
"../../Plugins/Runtime/Oculus/OculusVR/Content/Textures/touchController_controlmap.uasset" 196
"../../Plugins/Runtime/Oculus/OculusVR/Content/Materials/touchController_mat.uasset" 197
"../../Plugins/Runtime/Oculus/OculusVR/Content/Meshes/LeftTouchController.uasset" 198
"../../Plugins/Runtime/Oculus/OculusVR/Content/Meshes/RiftHMD.uasset" 199
"../../Plugins/Runtime/Oculus/OculusVR/Content/Meshes/RightTouchController.uasset" 200
"../../../Engine/Content/EngineSky/C_Sky_Cloud_Color.uasset" 201
"../../../Engine/Content/EngineSky/C_Sky_Horizon_Color.uasset" 202
"../../../Engine/Content/EngineSky/C_Sky_Zenith_Color.uasset" 203
"../../../Engine/Content/EngineSky/T_Sky_Blue.uasset" 204
"../../../Engine/Content/EngineSky/T_Sky_Clouds_M.uasset" 205
"../../../Engine/Content/EngineSky/T_Sky_Stars.uasset" 206
"../../../Engine/Content/EngineSky/M_Sky_Panning_Clouds2.uasset" 207
"../../../Engine/Content/EngineSky/SM_SkySphere.uasset" 208
"../../../Engine/Content/EngineSky/BP_Sky_Sphere.uasset" 209
"D:/UE4 Projects/LD43-2018/LD2018/Content/TopDownBP/Blueprints/OurController.uasset" 210
"D:/UE4 Projects/LD43-2018/LD2018/Content/TopDownBP/Meshes/BtnHover.uasset" 211
"D:/UE4 Projects/LD43-2018/LD2018/Content/TopDownBP/Meshes/grados.uasset" 212
"D:/UE4 Projects/LD43-2018/LD2018/Content/TopDownBP/Blueprints/CompassWidget.uasset" 213
"../../../Engine/Content/BasicShapes/BasicShapeMaterial.uasset" 214
"../../../Engine/Content/BasicShapes/Cube.uasset" 215
"D:/UE4 Projects/LD43-2018/LD2018/Content/TopDownBP/Blueprints/Unit_BP.uasset" 216
"D:/UE4 Projects/LD43-2018/LD2018/Content/TopDownBP/Blueprints/Directions_Enum.uasset" 217
"D:/UE4 Projects/LD43-2018/LD2018/Content/TopDownBP/Blueprints/Owner_Enum.uasset" 218
"D:/UE4 Projects/LD43-2018/LD2018/Content/TopDownBP/Blueprints/SelectedTile_WB.uasset" 219
"D:/UE4 Projects/LD43-2018/LD2018/Content/TopDownBP/Blueprints/OurHud.uasset" 220
"D:/UE4 Projects/LD43-2018/LD2018/Content/TopDownBP/Meshes/Grass.uasset" 221
"D:/UE4 Projects/LD43-2018/LD2018/Content/TopDownBP/Meshes/Wall.uasset" 222
"D:/UE4 Projects/LD43-2018/LD2018/Content/TopDownBP/Meshes/Window.uasset" 223
"D:/UE4 Projects/LD43-2018/LD2018/Content/TopDownBP/Meshes/GrassBot_Inst.uasset" 224
"D:/UE4 Projects/LD43-2018/LD2018/Content/TopDownBP/Meshes/GrassPlayer_Inst.uasset" 225
"D:/UE4 Projects/LD43-2018/LD2018/Content/TopDownBP/Meshes/WallBot_Inst.uasset" 226
"D:/UE4 Projects/LD43-2018/LD2018/Content/TopDownBP/Meshes/WallPlayer_Inst.uasset" 227
"D:/UE4 Projects/LD43-2018/LD2018/Content/TopDownBP/Blueprints/TileTypes_Enum.uasset" 228
"D:/UE4 Projects/LD43-2018/LD2018/Content/TopDownBP/Meshes/Block.uasset" 229
"D:/UE4 Projects/LD43-2018/LD2018/Content/TopDownBP/Meshes/Empty.uasset" 230
"D:/UE4 Projects/LD43-2018/LD2018/Content/TopDownBP/Meshes/Hospital.uasset" 231
"D:/UE4 Projects/LD43-2018/LD2018/Content/TopDownBP/Meshes/House.uasset" 232
"D:/UE4 Projects/LD43-2018/LD2018/Content/TopDownBP/Meshes/Lose.uasset" 233
"D:/UE4 Projects/LD43-2018/LD2018/Content/TopDownBP/Meshes/Win.uasset" 234
"D:/UE4 Projects/LD43-2018/LD2018/Content/TopDownBP/Blueprints/Tile_BP.uasset" 235
"D:/UE4 Projects/LD43-2018/LD2018/Content/TopDownBP/Blueprints/GameManager_BP.uasset" 236
"D:/UE4 Projects/LD43-2018/LD2018/Content/TopDownBP/Blueprints/CameraPawn_BP.uasset" 237
"D:/UE4 Projects/LD43-2018/LD2018/Content/TopDownBP/Blueprints/TopDownGameMode.uasset" 238
"D:/UE4 Projects/LD43-2018/LD2018/Content/TopDownBP/Maps/Level1_BuiltData.uasset" 239
"D:/UE4 Projects/LD43-2018/LD2018/Content/TopDownBP/Meshes/GrassAsset.uasset" 240
"D:/UE4 Projects/LD43-2018/LD2018/Content/TopDownBP/Meshes/GrassAsset_Mat.uasset" 241
"D:/UE4 Projects/LD43-2018/LD2018/Content/Geometry/Meshes/1M_Cube.uasset" 242
"D:/UE4 Projects/LD43-2018/LD2018/Content/TopDownBP/Maps/Level1.umap" 243
"D:/UE4 Projects/LD43-2018/LD2018/Content/TopDownBP/Meshes/cable-clouds.uasset" 244
"D:/UE4 Projects/LD43-2018/LD2018/Content/TopDownBP/Blueprints_MainMenu/MainMenuWidget.uasset" 245
"D:/UE4 Projects/LD43-2018/LD2018/Content/TopDownBP/Blueprints_MainMenu/MainMenuHUD.uasset" 246
"D:/UE4 Projects/LD43-2018/LD2018/Content/TopDownBP/Blueprints_MainMenu/MainMenuPlayerController.uasset" 247
"D:/UE4 Projects/LD43-2018/LD2018/Content/TopDownBP/Blueprints_MainMenu/MainMenuGameMode.uasset" 248
"D:/UE4 Projects/LD43-2018/LD2018/Content/TopDownBP/Maps/MainMenu_BuiltData.uasset" 249
"D:/UE4 Projects/LD43-2018/LD2018/Content/TopDownBP/Maps/MainMenu.umap" 250
