Log file open, 12/01/18 14:17:24
LogWindows: Failed to load 'aqProf.dll' (GetLastError=126)
LogWindows: File 'aqProf.dll' does not exist
LogWindows: Failed to load 'VSPerf140.dll' (GetLastError=126)
LogWindows: File 'VSPerf140.dll' does not exist
LogWindows: Failed to load 'VtuneApi.dll' (GetLastError=126)
LogWindows: File 'VtuneApi.dll' does not exist
LogWindows: Failed to load 'VtuneApi32e.dll' (GetLastError=126)
LogWindows: File 'VtuneApi32e.dll' does not exist
LogInit: Display: Running engine for game: LD43
LogPlatformFile: Not using cached read wrapper
LogTaskGraph: Started task graph with 5 named threads and 14 total threads with 3 sets of task threads.
LogStats: Stats thread started at 0.298928
LogD3D11RHI: Loaded GFSDK_Aftermath_Lib.x64.dll
LogICUInternationalization: Display: ICU TimeZone Detection - Raw Offset: +2:00, Platform Override: ''
LogPluginManager: Mounting plugin Paper2D
LogPluginManager: Mounting plugin AISupport
LogPluginManager: Mounting plugin LightPropagationVolume
LogPluginManager: Mounting plugin CLionSourceCodeAccess
LogPluginManager: Mounting plugin CodeLiteSourceCodeAccess
LogPluginManager: Mounting plugin GitSourceControl
LogPluginManager: Mounting plugin KDevelopSourceCodeAccess
LogPluginManager: Mounting plugin NullSourceCodeAccess
LogPluginManager: Mounting plugin PerforceSourceControl
LogPluginManager: Mounting plugin SubversionSourceControl
LogPluginManager: Mounting plugin UObjectPlugin
LogPluginManager: Mounting plugin VisualStudioCodeSourceCodeAccess
LogPluginManager: Mounting plugin VisualStudioSourceCodeAccess
LogPluginManager: Mounting plugin XCodeSourceCodeAccess
LogPluginManager: Mounting plugin AssetManagerEditor
LogPluginManager: Mounting plugin CryptoKeys
LogPluginManager: Mounting plugin DataValidation
LogPluginManager: Mounting plugin FacialAnimation
LogPluginManager: Mounting plugin GameplayTagsEditor
LogPluginManager: Mounting plugin MacGraphicsSwitching
LogPluginManager: Mounting plugin MeshEditor
LogPluginManager: Mounting plugin MobileLauncherProfileWizard
LogPluginManager: Mounting plugin PluginBrowser
LogPluginManager: Mounting plugin SpeedTreeImporter
LogPluginManager: Mounting plugin DatasmithContent
LogPluginManager: Mounting plugin AlembicImporter
LogPluginManager: Mounting plugin AppleImageUtils
LogPluginManager: Mounting plugin AppleVision
LogPluginManager: Mounting plugin BackChannel
LogPluginManager: Mounting plugin CharacterAI
LogPluginManager: Mounting plugin GeometryCache
LogPluginManager: Mounting plugin HTML5Networking
LogPluginManager: Mounting plugin ProxyLODPlugin
LogPluginManager: Mounting plugin MagicLeap
LogPluginManager: Mounting plugin MagicLeapEmulator
LogPluginManager: Mounting plugin MagicLeapMedia
LogPluginManager: Mounting plugin AndroidMedia
LogPluginManager: Mounting plugin AvfMedia
LogPluginManager: Mounting plugin ImgMedia
LogPluginManager: Mounting plugin LinearTimecode
LogPluginManager: Mounting plugin MediaCompositing
LogPluginManager: Mounting plugin MediaPlayerEditor
LogPluginManager: Mounting plugin WmfMedia
LogPluginManager: Mounting plugin TcpMessaging
LogPluginManager: Mounting plugin UdpMessaging
LogPluginManager: Mounting plugin ActorSequence
LogPluginManager: Mounting plugin LevelSequenceEditor
LogPluginManager: Mounting plugin MatineeToLevelSequence
LogPluginManager: Mounting plugin NetcodeUnitTest
LogPluginManager: Mounting plugin NUTUnrealEngine4
LogPluginManager: Mounting plugin OnlineSubsystemGooglePlay
LogPluginManager: Mounting plugin OnlineSubsystemIOS
LogPluginManager: Mounting plugin OnlineSubsystem
LogPluginManager: Mounting plugin OnlineSubsystemNull
LogPluginManager: Mounting plugin OnlineSubsystemUtils
LogPluginManager: Mounting plugin LauncherChunkInstaller
LogPluginManager: Mounting plugin AndroidDeviceProfileSelector
LogPluginManager: Mounting plugin AndroidMoviePlayer
LogPluginManager: Mounting plugin AndroidPermission
LogPluginManager: Mounting plugin AppleMoviePlayer
LogPluginManager: Mounting plugin ArchVisCharacter
LogPluginManager: Mounting plugin AudioCapture
LogPluginManager: Mounting plugin CableComponent
LogPluginManager: Mounting plugin CustomMeshComponent
LogPluginManager: Mounting plugin EditableMesh
LogPluginManager: Mounting plugin ExampleDeviceProfileSelector
LogPluginManager: Mounting plugin GoogleCloudMessaging
LogPluginManager: Mounting plugin ImmediatePhysics
LogPluginManager: Mounting plugin IOSDeviceProfileSelector
LogPluginManager: Mounting plugin LinuxDeviceProfileSelector
LogPluginManager: Mounting plugin LocationServicesBPLibrary
LogPluginManager: Mounting plugin MobilePatchingUtils
LogPluginManager: Mounting plugin OculusVR
LogPluginManager: Plugin shader directory ../../../Engine/Plugins/Runtime/Oculus/OculusVR/Shaders found
LogPluginManager: Mapping shader source directory ../../../Engine/Plugins/Runtime/Oculus/OculusVR/Shaders to virtual directory /Plugin/OculusVR
LogPluginManager: Mounting plugin PhysXVehicles
LogPluginManager: Mounting plugin ProceduralMeshComponent
LogPluginManager: Mounting plugin RuntimePhysXCooking
LogPluginManager: Mounting plugin SteamVR
LogPluginManager: Mounting plugin WindowsMoviePlayer
LogStreaming: Display: Took  0.318s to configure plugins.
LogInit: Using libcurl 7.55.1-DEV
LogInit:  - built for x86_64-pc-win32
LogInit:  - supports SSL with OpenSSL/1.0.2h
LogInit:  - supports HTTP deflate (compression) using libz 1.2.8
LogInit:  - other features:
LogInit:      CURL_VERSION_SSL
LogInit:      CURL_VERSION_LIBZ
LogInit:      CURL_VERSION_IPV6
LogInit:      CURL_VERSION_ASYNCHDNS
LogInit:      CURL_VERSION_LARGEFILE
LogInit:      CURL_VERSION_IDN
LogInit:  CurlRequestOptions (configurable via config and command line):
LogInit:  - bVerifyPeer = false  - Libcurl will NOT verify peer certificate
LogInit:  - bUseHttpProxy = false  - Libcurl will NOT use HTTP proxy
LogInit:  - bDontReuseConnections = false  - Libcurl will reuse connections
LogInit:  - CertBundlePath = nullptr  - Libcurl will use whatever was configured at build time.
LogInit:  - MaxHostConnections = 16  - Libcurl will limit the number of connections to a host
LogInit:  - LocalHostAddr = Default
LogInit:  - BufferSize = 65536
LogInit: WinSock: version 1.1 (2.2), MaxSocks=32767, MaxUdp=65467
LogInit: Build: ++UE4+Release-4.20-CL-4369336
LogInit: Engine Version: 4.20.3-4369336+++UE4+Release-4.20
LogInit: Compatible Engine Version: 4.20.0-4212847+++UE4+Release-4.20
LogInit: Net CL: 4212847
LogInit: OS: Windows 7 (Service Pack 1), CPU: Intel(R) Core(TM) i5-4440 CPU @ 3.10GHz, GPU: Radeon (TM) RX 480 Graphics
LogInit: Compiled (64-bit): Sep 17 2018 12:26:19
LogInit: Compiled with Visual C++: 19.13.26129.00
LogInit: Build Configuration: Development
LogInit: Branch Name: ++UE4+Release-4.20
LogInit: Command Line: 
LogInit: Base Directory: E:/Epic Games/UE_4.20/Engine/Binaries/Win64/
LogInit: Installed Engine Build: 1
LogDevObjectVersion: Number of dev versions registered: 20
LogDevObjectVersion:   Dev-Blueprints (B0D832E4-1F89-4F0D-ACCF-7EB736FD4AA2): 10
LogDevObjectVersion:   Dev-Build (E1C64328-A22C-4D53-A36C-8E866417BD8C): 0
LogDevObjectVersion:   Dev-Core (375EC13C-06E4-48FB-B500-84F0262A717E): 2
LogDevObjectVersion:   Dev-Editor (E4B068ED-F494-42E9-A231-DA0B2E46BB41): 24
LogDevObjectVersion:   Dev-Framework (CFFC743F-43B0-4480-9391-14DF171D2073): 34
LogDevObjectVersion:   Dev-Mobile (B02B49B5-BB20-44E9-A304-32B752E40360): 2
LogDevObjectVersion:   Dev-Networking (A4E4105C-59A1-49B5-A7C5-40C4547EDFEE): 0
LogDevObjectVersion:   Dev-Online (39C831C9-5AE6-47DC-9A44-9C173E1C8E7C): 0
LogDevObjectVersion:   Dev-Physics (78F01B33-EBEA-4F98-B9B4-84EACCB95AA2): 0
LogDevObjectVersion:   Dev-Platform (6631380F-2D4D-43E0-8009-CF276956A95A): 0
LogDevObjectVersion:   Dev-Rendering (12F88B9F-8875-4AFC-A67C-D90C383ABD29): 26
LogDevObjectVersion:   Dev-Sequencer (7B5AE74C-D270-4C10-A958-57980B212A5A): 9
LogDevObjectVersion:   Dev-VR (D7296918-1DD6-4BDD-9DE2-64A83CC13884): 2
LogDevObjectVersion:   Dev-LoadTimes (C2A15278-BFE7-4AFE-6C17-90FF531DF755): 1
LogDevObjectVersion:   Private-Geometry (6EACA3D4-40EC-4CC1-B786-8BED09428FC5): 3
LogDevObjectVersion:   Dev-AnimPhys (29E575DD-E0A3-4627-9D10-D276232CDCEA): 17
LogDevObjectVersion:   Dev-ReflectionCapture (6B266CEC-1EC7-4B8F-A30B-E4D90942FC07): 1
LogDevObjectVersion:   Dev-Automation (0DF73D61-A23F-47EA-B727-89E90C41499A): 1
LogDevObjectVersion:   FortniteMain (601D1886-AC64-4F84-AA16-D3DE0DEAC7D6): 12
LogDevObjectVersion:   Dev-Enterprise (9DFFBCD6-494F-0158-E221-12823C92A888): 1
LogStreaming: Display: Took  0.000s to delete old logs.
LogInit: Presizing for max 8388607 objects, including 0 objects not considered by GC, pre-allocating 0 bytes for permanent pool.
LogInit: Object subsystem initialized
[2018.12.01-12.17.27:023][  0]LogInit: Selected Device Profile: [Windows]
[2018.12.01-12.17.27:023][  0]LogInit: Applying CVar settings loaded from the selected device profile: [Windows]
[2018.12.01-12.17.27:051][  0]LogHAL: Display: Platform has ~ 8 GB [8516788224 / 8589934592 / 8], which maps to Default [LargestMinGB=32, LargerMinGB=12, DefaultMinGB=8, SmallerMinGB=6, SmallestMinGB=0)
[2018.12.01-12.17.27:051][  0]LogInit: Setting Device Profile CVar: [[r.Vulkan.UseRealUBs:1]]
[2018.12.01-12.17.27:051][  0]LogInit: Going up to parent DeviceProfile []
[2018.12.01-12.17.27:062][  0]LogInit: Computer: G-MAN
[2018.12.01-12.17.27:062][  0]LogInit: User: marius
[2018.12.01-12.17.27:062][  0]LogInit: CPU Page size=4096, Cores=4
[2018.12.01-12.17.27:062][  0]LogInit: High frequency timer resolution =3.026523 MHz
[2018.12.01-12.17.27:063][  0]LogMemory: Memory total: Physical=7.9GB (8GB approx)
[2018.12.01-12.17.27:063][  0]LogMemory: Platform Memory Stats for Windows
[2018.12.01-12.17.27:063][  0]LogMemory: Process Physical Memory: 99.78 MB used, 99.78 MB peak
[2018.12.01-12.17.27:063][  0]LogMemory: Process Virtual Memory: 85.20 MB used, 85.20 MB peak
[2018.12.01-12.17.27:063][  0]LogMemory: Physical Memory: 6380.58 MB used,  1741.66 MB free, 8122.24 MB total
[2018.12.01-12.17.27:063][  0]LogMemory: Virtual Memory: 474.21 MB used,  1741.66 MB free, 8388608.00 MB total
[2018.12.01-12.17.28:268][  0]LogInit: Using OS detected language (en-US).
[2018.12.01-12.17.28:269][  0]LogInit: Using OS detected locale (en-US).
[2018.12.01-12.17.28:403][  0]LogTextLocalizationManager: No specific localization for 'en-US' exists, so the 'en' localization will be used.
[2018.12.01-12.17.30:571][  0]LogStreaming: Display: Took  2.303s to InitEngineTextLocalization.
[2018.12.01-12.17.30:571][  0]LogWindows: Failed to load 'shcore.dll' (GetLastError=126)
[2018.12.01-12.17.30:572][  0]LogWindows: File 'shcore.dll' does not exist
[2018.12.01-12.17.30:572][  0]LogInit: Setting process to DPI aware
[2018.12.01-12.17.31:065][  0]LogSlate: New Slate User Created.  User Index 0, Is Virtual User: 0
[2018.12.01-12.17.31:065][  0]LogSlate: Slate User Registered.  User Index 0, Is Virtual User: 0
[2018.12.01-12.17.32:906][  0]LogHMD: Failed to initialize OpenVR with code 100
[2018.12.01-12.17.32:906][  0]LogD3D11RHI: D3D11 adapters:
[2018.12.01-12.17.32:959][  0]LogD3D11RHI:    0. 'Radeon (TM) RX 480 Graphics' (Feature Level 11_0)
[2018.12.01-12.17.32:959][  0]LogD3D11RHI:       8134/0/3805 MB DedicatedVideo/DedicatedSystem/SharedSystem, Outputs:1, VendorId:0x1002
[2018.12.01-12.17.32:959][  0]LogD3D11RHI: Chosen D3D11 Adapter: 0
[2018.12.01-12.17.32:965][  0]LogD3D11RHI: Creating new Direct3DDevice
[2018.12.01-12.17.32:965][  0]LogD3D11RHI:     GPU DeviceId: 0x67df (for the marketing name, search the web for "GPU Device Id")
[2018.12.01-12.17.32:965][  0]LogWindows: EnumDisplayDevices:
[2018.12.01-12.17.32:966][  0]LogWindows:    0. 'Radeon (TM) RX 480 Graphics' (P:1 D:1)
[2018.12.01-12.17.32:966][  0]LogWindows:    1. 'Radeon (TM) RX 480 Graphics' (P:0 D:0)
[2018.12.01-12.17.32:966][  0]LogWindows:    2. 'Radeon (TM) RX 480 Graphics' (P:0 D:0)
[2018.12.01-12.17.32:967][  0]LogWindows:    3. 'Radeon (TM) RX 480 Graphics' (P:0 D:0)
[2018.12.01-12.17.32:967][  0]LogWindows:    4. 'Radeon (TM) RX 480 Graphics' (P:0 D:0)
[2018.12.01-12.17.32:968][  0]LogWindows:    5. 'Radeon (TM) RX 480 Graphics' (P:0 D:0)
[2018.12.01-12.17.32:968][  0]LogWindows:    6. 'RDPDD Chained DD' (P:0 D:0)
[2018.12.01-12.17.32:968][  0]LogWindows:    7. 'RDP Encoder Mirror Driver' (P:0 D:0)
[2018.12.01-12.17.32:968][  0]LogWindows:    8. 'RDP Reflector Display Driver' (P:0 D:0)
[2018.12.01-12.17.32:968][  0]LogWindows:    9. 'LogMeIn Mirror Driver' (P:0 D:0)
[2018.12.01-12.17.32:968][  0]LogWindows: DebugString: GetVideoDriverDetailsInvalid PrimaryIsNotTheChoosenAdapter GetVideoDriverDetailsInvalid PrimaryIsNotTheChoosenAdapter GetVideoDriverDetailsInvalid PrimaryIsNotTheChoosenAdapter GetVideoDriverDetailsInvalid PrimaryIsNotTheChoosenAdapter FoundDriverCount:6 
[2018.12.01-12.17.32:968][  0]LogD3D11RHI:     Adapter Name: Radeon (TM) RX 480 Graphics
[2018.12.01-12.17.32:968][  0]LogD3D11RHI:   Driver Version: Adrenalin 18.11.1 (internal:25.20.14011.1003, unified:25.20.14011.1003)
[2018.12.01-12.17.32:968][  0]LogD3D11RHI:      Driver Date: 11-7-2018
[2018.12.01-12.17.32:968][  0]LogRHI: Texture pool is 5693 MB (70% of 8134 MB)
[2018.12.01-12.17.33:387][  0]LogD3D11RHI: Async texture creation enabled
[2018.12.01-12.17.33:397][  0]LogD3D11RHI: GPU Timing Frequency: 25.000000 (Debug: 2 1)
[2018.12.01-12.17.33:398][  0]LogShaderCompilers: Guid format shader working directory is 27 characters bigger than the processId version (D:/UE4 Projects/LD43/Intermediate/Shaders/WorkingDirectory/3264/).
[2018.12.01-12.17.33:398][  0]LogShaderCompilers: Cleaned the shader compiler working directory 'C:/Users/marius/AppData/Local/Temp/UnrealShaderWorkingDir/B6D0F0204C3813F1AF246C9512805023/'.
[2018.12.01-12.17.34:559][  0]LogTemp: Display: Loaded TP AllDesktopTargetPlatform
[2018.12.01-12.17.34:587][  0]LogTemp: Display: Loaded TP MacClientTargetPlatform
[2018.12.01-12.17.34:605][  0]LogTemp: Display: Loaded TP MacNoEditorTargetPlatform
[2018.12.01-12.17.34:631][  0]LogTemp: Display: Loaded TP MacServerTargetPlatform
[2018.12.01-12.17.34:661][  0]LogTemp: Display: Loaded TP MacTargetPlatform
[2018.12.01-12.17.34:690][  0]LogTemp: Display: Loaded TP WindowsClientTargetPlatform
[2018.12.01-12.17.34:713][  0]LogTemp: Display: Loaded TP WindowsNoEditorTargetPlatform
[2018.12.01-12.17.34:732][  0]LogTemp: Display: Loaded TP WindowsServerTargetPlatform
[2018.12.01-12.17.34:753][  0]LogTemp: Display: Loaded TP WindowsTargetPlatform
[2018.12.01-12.17.34:865][  0]LogTemp: Display: Loaded TP AndroidTargetPlatform
[2018.12.01-12.17.34:865][  0]LogTemp: Display: Loaded TP AndroidTargetPlatform
[2018.12.01-12.17.34:865][  0]LogTemp: Display: Loaded TP AndroidTargetPlatform
[2018.12.01-12.17.34:865][  0]LogTemp: Display: Loaded TP AndroidTargetPlatform
[2018.12.01-12.17.34:865][  0]LogTemp: Display: Loaded TP AndroidTargetPlatform
[2018.12.01-12.17.34:865][  0]LogTemp: Display: Loaded TP AndroidTargetPlatform
[2018.12.01-12.17.34:865][  0]LogTemp: Display: Loaded TP AndroidTargetPlatform
[2018.12.01-12.17.34:865][  0]LogTemp: Display: Loaded TP AndroidTargetPlatform
[2018.12.01-12.17.34:865][  0]LogTemp: Display: Loaded TP AndroidTargetPlatform
[2018.12.01-12.17.34:865][  0]LogTemp: Display: Loaded TP AndroidTargetPlatform
[2018.12.01-12.17.34:865][  0]LogTemp: Display: Loaded TP AndroidTargetPlatform
[2018.12.01-12.17.34:865][  0]LogTemp: Display: Loaded TP AndroidTargetPlatform
[2018.12.01-12.17.34:865][  0]LogTemp: Display: Loaded TP AndroidTargetPlatform
[2018.12.01-12.17.34:865][  0]LogTemp: Display: Loaded TP AndroidTargetPlatform
[2018.12.01-12.17.34:865][  0]LogTemp: Display: Loaded TP AndroidTargetPlatform
[2018.12.01-12.17.34:865][  0]LogTemp: Display: Loaded TP AndroidTargetPlatform
[2018.12.01-12.17.34:865][  0]LogTemp: Display: Loaded TP AndroidTargetPlatform
[2018.12.01-12.17.34:865][  0]LogTemp: Display: Loaded TP AndroidTargetPlatform
[2018.12.01-12.17.34:877][  0]LogTemp: Display: Loaded TP HTML5TargetPlatform
[2018.12.01-12.17.34:970][  0]LogTemp: Display: Loaded TP IOSTargetPlatform
[2018.12.01-12.17.34:970][  0]LogTemp: Display: Loaded TP IOSTargetPlatform
[2018.12.01-12.17.35:010][  0]LogTemp: Display: Loaded TP TVOSTargetPlatform
[2018.12.01-12.17.35:010][  0]LogTemp: Display: Loaded TP TVOSTargetPlatform
[2018.12.01-12.17.35:031][  0]LogTemp: Display: Loaded TP LinuxClientTargetPlatform
[2018.12.01-12.17.35:056][  0]LogTemp: Display: Loaded TP LinuxNoEditorTargetPlatform
[2018.12.01-12.17.35:080][  0]LogTemp: Display: Loaded TP LinuxServerTargetPlatform
[2018.12.01-12.17.35:116][  0]LogTemp: Display: Loaded TP LinuxTargetPlatform
[2018.12.01-12.17.35:256][  0]LogTemp: Display: Loaded TP LuminTargetPlatform
[2018.12.01-12.17.35:256][  0]LogTargetPlatformManager: Display: Building Assets For Windows
[2018.12.01-12.17.35:884][  0]LogXGEController: Cannot use XGE Controller as Incredibuild is not installed on this machine.
[2018.12.01-12.17.35:884][  0]LogShaderCompilers: Cannot use XGE Shader Compiler as Incredibuild is not installed on this machine.
[2018.12.01-12.17.35:891][  0]LogShaderCompilers: Display: Using Local Shader Compiler.
[2018.12.01-12.17.37:840][  0]LogDerivedDataCache: Display: Max Cache Size: 512 MB
[2018.12.01-12.17.38:330][  0]LogDerivedDataCache: Loaded boot cache 0.49s 71MB C:/Users/marius/AppData/Local/UnrealEngine/4.20/DerivedDataCache/Boot.ddc.
[2018.12.01-12.17.38:330][  0]LogDerivedDataCache: Display: Loaded Boot cache: C:/Users/marius/AppData/Local/UnrealEngine/4.20/DerivedDataCache/Boot.ddc
[2018.12.01-12.17.38:330][  0]LogDerivedDataCache: FDerivedDataBackendGraph:  Pak pak cache file D:/UE4 Projects/LD43/DerivedDataCache/DDC.ddp not found, will not use a pak cache.
[2018.12.01-12.17.38:330][  0]LogDerivedDataCache: Unable to find inner node Pak for hierarchical cache Hierarchy.
[2018.12.01-12.17.38:330][  0]LogDerivedDataCache: FDerivedDataBackendGraph:  CompressedPak pak cache file D:/UE4 Projects/LD43/DerivedDataCache/Compressed.ddp not found, will not use a pak cache.
[2018.12.01-12.17.38:330][  0]LogDerivedDataCache: Unable to find inner node CompressedPak for hierarchical cache Hierarchy.
[2018.12.01-12.17.38:760][  0]LogDerivedDataCache: Display: Pak cache opened for reading ../../../Engine/DerivedDataCache/Compressed.ddp.
[2018.12.01-12.17.38:772][  0]LogDerivedDataCache: Using Local data cache path C:/Users/marius/AppData/Local/UnrealEngine/Common/DerivedDataCache: Writable
[2018.12.01-12.17.38:772][  0]LogDerivedDataCache: Shared data cache path not found in *engine.ini, will not use an Shared cache.
[2018.12.01-12.17.38:772][  0]LogDerivedDataCache: Unable to find inner node Shared for hierarchical cache Hierarchy.
[2018.12.01-12.17.38:809][  0]LogMaterial: Verifying Global Shaders for PCD3D_SM5
[2018.12.01-12.17.38:823][  0]LogSlate: Using FreeType 2.6.0
[2018.12.01-12.17.38:880][  0]LogSlate: SlateFontServices - WITH_FREETYPE: 1, WITH_HARFBUZZ: 1
[2018.12.01-12.17.39:725][  0]LogAssetRegistry: FAssetRegistry took 0.0299 seconds to start up
[2018.12.01-12.17.40:972][  0]LogInit: Selected Device Profile: [Windows]
[2018.12.01-12.17.44:744][  0]LogSimplygon: Simplygon DLL not present - disabling.
[2018.12.01-12.17.44:875][  0]LogMeshReduction: Using SimplygonSwarm for distributed automatic mesh merging
[2018.12.01-12.17.44:875][  0]LogMeshReduction: Using ProxyLODMeshReduction for automatic mesh merging
[2018.12.01-12.17.44:875][  0]LogMeshReduction: Using QuadricMeshReduction for automatic static mesh reduction
[2018.12.01-12.17.44:875][  0]LogMeshReduction: No automatic skeletal mesh reduction module available
[2018.12.01-12.17.45:228][  0]LogNetVersion: LD43 1.0.0, NetCL: 4212847, EngineNetVer: 5, GameNetVer: 0 (Checksum: 1708076833)
[2018.12.01-12.17.52:050][  0]LogPackageLocalizationCache: Processed 11 localized package path(s) for 2 prioritized culture(s) in 0.350557 seconds
[2018.12.01-12.17.52:137][  0]LogUObjectArray: 38425 objects as part of root set at end of initial load.
[2018.12.01-12.17.52:137][  0]LogUObjectAllocator: 6690864 out of 0 bytes used by permanent object pool.
[2018.12.01-12.17.52:137][  0]LogUObjectArray: CloseDisregardForGC: 0/0 objects in disregard for GC pool
[2018.12.01-12.18.29:458][  0]LogTcpMessaging: Initializing TcpMessaging bridge
[2018.12.01-12.18.29:488][  0]LogUdpMessaging: Initializing bridge on interface 0.0.0.0:0 to multicast group 230.0.0.1:6666.
[2018.12.01-12.18.30:529][  0]SourceControl: Source control is disabled
[2018.12.01-12.18.30:529][  0]SourceControl: Source control is disabled
[2018.12.01-12.18.30:638][  0]SourceControl: Source control is disabled
[2018.12.01-12.18.30:651][  0]SourceControl: Source control is disabled
[2018.12.01-12.18.31:869][  0]LogAndroidPermission: UAndroidPermissionCallbackProxy::GetInstance
[2018.12.01-12.18.32:059][  0]LogOcInput: OculusInput pre-init called
[2018.12.01-12.18.32:537][  0]LogEngine: Initializing Engine...
[2018.12.01-12.18.32:595][  0]LogHMD: Failed to initialize OpenVR with code 100
[2018.12.01-12.18.32:614][  0]LogStats: UGameplayTagsManager::ConstructGameplayTagTree: ImportINI prefixes -  0.000 s
[2018.12.01-12.18.32:614][  0]LogStats: UGameplayTagsManager::ConstructGameplayTagTree: Construct from data asset -  0.000 s
[2018.12.01-12.18.32:614][  0]LogStats: UGameplayTagsManager::ConstructGameplayTagTree: ImportINI -  0.000 s
[2018.12.01-12.18.32:614][  0]LogStats: UGameplayTagsManager::ConstructGameplayTagTree: GameplayTagTreeChangedEvent.Broadcast -  0.000 s
[2018.12.01-12.18.32:889][  0]LogInit: Initializing FReadOnlyCVARCache
[2018.12.01-12.18.33:049][  0]LogAIModule: Creating AISystem for world Untitled
[2018.12.01-12.18.33:153][  0]LogInit: XAudio2 using 'Speakers (Logitech G430 Gaming Headset)' : 6 channels at 48 kHz using 16 bits per sample (channel mask 0x3f)
[2018.12.01-12.18.33:197][  0]LogInit: FAudioDevice initialized.
[2018.12.01-12.18.33:198][  0]LogNetVersion: Set ProjectVersion to 1.0.0.0. Version Checksum will be recalculated on next use.
[2018.12.01-12.18.33:308][  0]LogDerivedDataCache: Saved boot cache 0.11s 71MB C:/Users/marius/AppData/Local/UnrealEngine/4.20/DerivedDataCache/Boot.ddc.
[2018.12.01-12.18.33:313][  0]LogInit: Texture streaming: Enabled
[2018.12.01-12.18.33:399][  0]LogEngineSessionManager: EngineSessionManager initialized
[2018.12.01-12.18.33:439][  0]LogInit: Transaction tracking system initialized
[2018.12.01-12.18.33:585][  0]BlueprintLog: New page: Editor Load
[2018.12.01-12.18.34:224][  0]LocalizationService: Localization service is disabled
[2018.12.01-12.18.34:509][  0]LogLinker: Warning: Can't find file '/Game/2DSideScrollerBP/2DSideScrollerOverview'
[2018.12.01-12.18.34:510][  0]LogLinker: Warning: Can't find file '/Game/2DSideScrollerBP/2DSideScrollerOverview'
[2018.12.01-12.18.34:510][  0]LogUObjectGlobals: Warning: Failed to find object 'Class /Game/2DSideScrollerBP/2DSideScrollerOverview.2DSideScrollerOverview_C'
[2018.12.01-12.18.37:213][  0]LogFileCache: Scanning file cache for directory 'D:/UE4 Projects/LD43/Content/' took 0.01s
[2018.12.01-12.18.37:213][  0]LogCook: Display: Max memory allowance for cook 16384mb min free memory 0mb
[2018.12.01-12.18.37:213][  0]LogCook: Display: Mobile HDR setting 1
[2018.12.01-12.18.37:217][  0]LogGameplayTags: Display: UGameplayTagsManager::DoneAddingNativeTags. DelegateIsBound: 0
[2018.12.01-12.18.37:217][  0]LogStats: UGameplayTagsManager::ConstructGameplayTagTree: ImportINI prefixes -  0.000 s
[2018.12.01-12.18.37:217][  0]LogStats: UGameplayTagsManager::ConstructGameplayTagTree: Construct from data asset -  0.000 s
[2018.12.01-12.18.37:217][  0]LogStats: UGameplayTagsManager::ConstructGameplayTagTree: ImportINI -  0.000 s
[2018.12.01-12.18.37:217][  0]LogStats: UGameplayTagsManager::ConstructGameplayTagTree: GameplayTagTreeChangedEvent.Broadcast -  0.000 s
[2018.12.01-12.18.40:821][  0]SourceControl: Source control is disabled
[2018.12.01-12.18.40:821][  0]Cmd: MAP LOAD FILE="D:/UE4 Projects/LD43/Content/TopDownBP/Maps/TopDownExampleMap.umap" TEMPLATE=0 SHOWPROGRESS=1 FEATURELEVEL=3
[2018.12.01-12.18.40:822][  0]LightingResults: New page: Lighting Build
[2018.12.01-12.18.40:831][  0]MapCheck: New page: Map Check
[2018.12.01-12.18.40:831][  0]LightingResults: New page: Lighting Build
[2018.12.01-12.18.44:037][  0]LogAIModule: Creating AISystem for world TopDownExampleMap
[2018.12.01-12.18.44:612][  0]LogEditorServer: Finished looking for orphan Actors (0.010 secs)
[2018.12.01-12.18.44:718][  0]Cmd: MAP CHECKDEP NOCLEARLOG
[2018.12.01-12.18.44:780][  0]MapCheck: Map check complete: 0 Error(s), 0 Warning(s), took 62.2ms to complete.
[2018.12.01-12.18.44:780][  0]LogFileHelpers: Loading map 'TopDownExampleMap' took 3.959
[2018.12.01-12.18.45:216][  0]LogSlate: Updating window title bar state: overlay mode, drag disabled, window buttons hidden, title bar hidden
[2018.12.01-12.18.45:224][  0]LogSlate: Updating window title bar state: overlay mode, drag disabled, window buttons hidden, title bar hidden
[2018.12.01-12.18.45:232][  0]LogSlate: Updating window title bar state: overlay mode, drag disabled, window buttons hidden, title bar hidden
[2018.12.01-12.18.45:239][  0]LogSlate: Updating window title bar state: overlay mode, drag disabled, window buttons hidden, title bar hidden
[2018.12.01-12.18.45:257][  0]LogCollectionManager: Loaded 0 collections in 0.001716 seconds
[2018.12.01-12.18.45:313][  0]LogFileCache: Scanning file cache for directory 'D:/UE4 Projects/LD43/Saved/Collections/' took 0.01s
[2018.12.01-12.18.45:313][  0]LogFileCache: Scanning file cache for directory 'D:/UE4 Projects/LD43/Content/Developers/marius/Collections/' took 0.01s
[2018.12.01-12.18.45:313][  0]LogFileCache: Scanning file cache for directory 'D:/UE4 Projects/LD43/Content/Collections/' took 0.01s
[2018.12.01-12.18.45:313][  0]LogCollectionManager: Rebuilt the GUID cache for 0 collections in 0.000000 seconds
[2018.12.01-12.18.45:324][  0]LogContentBrowser: Native class hierarchy populated in 0.0105 seconds. Added 2572 classes and 603 folders.
[2018.12.01-12.18.45:347][  0]LogContentBrowser: Native class hierarchy updated for 'WidgetCarousel' in 0.0003 seconds. Added 0 classes and 0 folders.
[2018.12.01-12.18.46:216][  0]LogContentBrowser: Native class hierarchy updated for 'AddContentDialog' in 0.0003 seconds. Added 0 classes and 0 folders.
[2018.12.01-12.18.46:242][  0]LogContentBrowser: Native class hierarchy updated for 'SceneOutliner' in 0.0003 seconds. Added 1 classes and 2 folders.
[2018.12.01-12.18.46:380][  0]LogSlate: Took 0.010493 seconds to synchronously load lazily loaded font '../../../Engine/Content/Slate/Fonts/Roboto-Regular.ttf' (155K)
[2018.12.01-12.18.46:400][  0]LogSlate: Took 0.018930 seconds to synchronously load lazily loaded font '../../../Engine/Content/Slate/Fonts/Roboto-Bold.ttf' (160K)
[2018.12.01-12.18.46:417][  0]LogSlate: Took 0.011601 seconds to synchronously load lazily loaded font '../../../Engine/Content/Editor/Slate/Fonts/FontAwesome.ttf' (139K)
[2018.12.01-12.18.46:672][  0]LogRenderer: Reallocating scene render targets to support 1208x576 Format 10 NumSamples 1 (Frame:1).
[2018.12.01-12.18.47:129][  0]LogContentBrowser: Native class hierarchy updated for 'HierarchicalLODOutliner' in 0.0003 seconds. Added 0 classes and 0 folders.
[2018.12.01-12.18.47:129][  0]LogLoad: (Engine Initialization) Total time: 128.01 seconds
[2018.12.01-12.18.47:129][  0]LogLoad: (Engine Initialization) Total Blueprint compile time: 0.00 seconds
[2018.12.01-12.18.47:168][  0]LogContentStreaming: Texture pool size now 1000 MB
[2018.12.01-12.18.47:247][  0]LogSlate: Took 0.000250 seconds to synchronously load lazily loaded font '../../../Engine/Content/Slate/Fonts/Roboto-Light.ttf' (167K)
[2018.12.01-12.18.47:345][  1]LogAssetRegistry: Asset discovery search completed in 67.6388 seconds
[2018.12.01-12.18.47:354][  1]LogCollectionManager: Rebuilt the object cache for 0 collections in 0.000001 seconds (found 0 objects)
[2018.12.01-12.18.47:362][  1]LogCollectionManager: Fixed up redirectors for 0 collections in 0.015571 seconds (updated 0 objects)
[2018.12.01-12.19.01:315][835]LogEditorViewport: Clicking on Actor (LMB): StaticMeshActor (Cube4)
[2018.12.01-12.19.02:523][884]Cmd: DELETE
[2018.12.01-12.19.02:523][884]Cmd: ACTOR DELETE
[2018.12.01-12.19.02:593][884]LogEditorActor: Deleted Actor: StaticMeshActor
[2018.12.01-12.19.02:625][884]LogEditorActor: Deleted 1 Actors (0.075 secs)
[2018.12.01-12.19.03:020][928]LogEditorViewport: Clicking on Actor (LMB): StaticMeshActor (Cube17)
[2018.12.01-12.19.03:146][937]Cmd: DELETE
[2018.12.01-12.19.03:146][937]Cmd: ACTOR DELETE
[2018.12.01-12.19.03:149][937]LogEditorActor: Deleted Actor: StaticMeshActor
[2018.12.01-12.19.03:172][937]LogEditorActor: Deleted 1 Actors (0.026 secs)
[2018.12.01-12.19.03:654][994]LogEditorViewport: Clicking on Actor (LMB): StaticMeshActor (Cube20)
[2018.12.01-12.19.03:763][  1]Cmd: DELETE
[2018.12.01-12.19.03:763][  1]Cmd: ACTOR DELETE
[2018.12.01-12.19.03:766][  1]LogEditorActor: Deleted Actor: StaticMeshActor
[2018.12.01-12.19.03:790][  1]LogEditorActor: Deleted 1 Actors (0.026 secs)
[2018.12.01-12.19.04:213][ 51]LogEditorViewport: Clicking on Actor (LMB): StaticMeshActor (Cube31)
[2018.12.01-12.19.04:285][ 53]Cmd: DELETE
[2018.12.01-12.19.04:285][ 53]Cmd: ACTOR DELETE
[2018.12.01-12.19.04:288][ 53]LogEditorActor: Deleted Actor: StaticMeshActor
[2018.12.01-12.19.04:312][ 53]LogEditorActor: Deleted 1 Actors (0.026 secs)
[2018.12.01-12.19.04:749][102]LogEditorViewport: Clicking on Actor (LMB): StaticMeshActor (Cube30)
[2018.12.01-12.19.04:842][107]Cmd: DELETE
[2018.12.01-12.19.04:842][107]Cmd: ACTOR DELETE
[2018.12.01-12.19.04:845][107]LogEditorActor: Deleted Actor: StaticMeshActor
[2018.12.01-12.19.04:867][107]LogEditorActor: Deleted 1 Actors (0.025 secs)
[2018.12.01-12.19.05:258][153]LogEditorViewport: Clicking on Actor (LMB): StaticMeshActor (Cube29)
[2018.12.01-12.19.05:350][158]Cmd: DELETE
[2018.12.01-12.19.05:350][158]Cmd: ACTOR DELETE
[2018.12.01-12.19.05:353][158]LogEditorActor: Deleted Actor: StaticMeshActor
[2018.12.01-12.19.05:376][158]LogEditorActor: Deleted 1 Actors (0.026 secs)
[2018.12.01-12.19.05:932][224]LogEditorViewport: Clicking on Actor (LMB): StaticMeshActor (Cube14)
[2018.12.01-12.19.06:030][229]Cmd: DELETE
[2018.12.01-12.19.06:030][229]Cmd: ACTOR DELETE
[2018.12.01-12.19.06:033][229]LogEditorActor: Deleted Actor: StaticMeshActor
[2018.12.01-12.19.06:056][229]LogEditorActor: Deleted 1 Actors (0.026 secs)
[2018.12.01-12.19.06:822][320]LogEditorViewport: Clicking on Actor (LMB): StaticMeshActor (Cube26)
[2018.12.01-12.19.06:924][326]Cmd: DELETE
[2018.12.01-12.19.06:924][326]Cmd: ACTOR DELETE
[2018.12.01-12.19.06:927][326]LogEditorActor: Deleted Actor: StaticMeshActor
[2018.12.01-12.19.06:951][326]LogEditorActor: Deleted 1 Actors (0.026 secs)
[2018.12.01-12.19.07:424][382]LogEditorViewport: Clicking on Actor (LMB): StaticMeshActor (Cube27)
[2018.12.01-12.19.07:519][387]Cmd: DELETE
[2018.12.01-12.19.07:519][387]Cmd: ACTOR DELETE
[2018.12.01-12.19.07:521][387]LogEditorActor: Deleted Actor: StaticMeshActor
[2018.12.01-12.19.07:545][387]LogEditorActor: Deleted 1 Actors (0.026 secs)
[2018.12.01-12.19.07:969][437]LogEditorViewport: Clicking on Actor (LMB): StaticMeshActor (Cube28)
[2018.12.01-12.19.08:406][483]Cmd: DELETE
[2018.12.01-12.19.08:406][483]Cmd: ACTOR DELETE
[2018.12.01-12.19.08:409][483]LogEditorActor: Deleted Actor: StaticMeshActor
[2018.12.01-12.19.08:432][483]LogEditorActor: Deleted 1 Actors (0.026 secs)
[2018.12.01-12.19.08:890][537]LogEditorViewport: Clicking on Actor (LMB): StaticMeshActor (Cube10)
[2018.12.01-12.19.09:134][560]Cmd: DELETE
[2018.12.01-12.19.09:134][560]Cmd: ACTOR DELETE
[2018.12.01-12.19.09:137][560]LogEditorActor: Deleted Actor: StaticMeshActor
[2018.12.01-12.19.09:162][560]LogEditorActor: Deleted 1 Actors (0.027 secs)
[2018.12.01-12.19.09:727][627]LogEditorViewport: Clicking on Actor (LMB): StaticMeshActor (Cube25)
[2018.12.01-12.19.10:073][662]Cmd: DELETE
[2018.12.01-12.19.10:073][662]Cmd: ACTOR DELETE
[2018.12.01-12.19.10:075][662]LogEditorActor: Deleted Actor: StaticMeshActor
[2018.12.01-12.19.10:097][662]LogEditorActor: Deleted 1 Actors (0.024 secs)
[2018.12.01-12.19.11:479][827]LogEditorViewport: Clicking on Actor (LMB): StaticMeshActor (Floor)
[2018.12.01-12.19.12:104][892]LogEditorViewport: Clicking on Actor (LMB): StaticMeshActor (Cube21)
[2018.12.01-12.19.12:525][936]Cmd: DELETE
[2018.12.01-12.19.12:525][936]Cmd: ACTOR DELETE
[2018.12.01-12.19.12:527][936]LogEditorActor: Deleted Actor: StaticMeshActor
[2018.12.01-12.19.12:550][936]LogEditorActor: Deleted 1 Actors (0.025 secs)
[2018.12.01-12.19.12:882][975]LogEditorViewport: Clicking on Actor (LMB): StaticMeshActor (Cube2)
[2018.12.01-12.19.13:085][993]Cmd: DELETE
[2018.12.01-12.19.13:085][993]Cmd: ACTOR DELETE
[2018.12.01-12.19.13:087][993]LogEditorActor: Deleted Actor: StaticMeshActor
[2018.12.01-12.19.13:110][993]LogEditorActor: Deleted 1 Actors (0.026 secs)
[2018.12.01-12.19.13:550][ 45]LogEditorViewport: Clicking on Actor (LMB): StaticMeshActor (Cube)
[2018.12.01-12.19.13:755][ 63]Cmd: DELETE
[2018.12.01-12.19.13:755][ 63]Cmd: ACTOR DELETE
[2018.12.01-12.19.13:758][ 63]LogEditorActor: Deleted Actor: StaticMeshActor
[2018.12.01-12.19.13:782][ 63]LogEditorActor: Deleted 1 Actors (0.026 secs)
[2018.12.01-12.19.14:138][105]LogEditorViewport: Clicking on Actor (LMB): StaticMeshActor (Cube8)
[2018.12.01-12.19.14:409][131]Cmd: DELETE
[2018.12.01-12.19.14:409][131]Cmd: ACTOR DELETE
[2018.12.01-12.19.14:411][131]LogEditorActor: Deleted Actor: StaticMeshActor
[2018.12.01-12.19.14:434][131]LogEditorActor: Deleted 1 Actors (0.025 secs)
[2018.12.01-12.19.14:891][185]LogEditorViewport: Clicking on Actor (LMB): StaticMeshActor (Cube24)
[2018.12.01-12.19.15:112][205]Cmd: DELETE
[2018.12.01-12.19.15:112][205]Cmd: ACTOR DELETE
[2018.12.01-12.19.15:114][205]LogEditorActor: Deleted Actor: StaticMeshActor
[2018.12.01-12.19.15:138][205]LogEditorActor: Deleted 1 Actors (0.026 secs)
[2018.12.01-12.19.15:569][256]LogEditorViewport: Clicking on Actor (LMB): StaticMeshActor (Cube23)
[2018.12.01-12.19.15:747][271]Cmd: DELETE
[2018.12.01-12.19.15:747][271]Cmd: ACTOR DELETE
[2018.12.01-12.19.15:749][271]LogEditorActor: Deleted Actor: StaticMeshActor
[2018.12.01-12.19.15:773][271]LogEditorActor: Deleted 1 Actors (0.026 secs)
[2018.12.01-12.19.16:104][310]LogEditorViewport: Clicking on Actor (LMB): StaticMeshActor (Cube22)
[2018.12.01-12.19.16:224][318]Cmd: DELETE
[2018.12.01-12.19.16:224][318]Cmd: ACTOR DELETE
[2018.12.01-12.19.16:227][318]LogEditorActor: Deleted Actor: StaticMeshActor
[2018.12.01-12.19.16:251][318]LogEditorActor: Deleted 1 Actors (0.027 secs)
[2018.12.01-12.19.17:980][518]LogSlate: Took 0.000223 seconds to synchronously load lazily loaded font '../../../Engine/Content/Slate/Fonts/Roboto-Light.ttf' (167K)
[2018.12.01-12.19.17:983][518]LogSlate: FSceneViewport::OnFocusLost() reason 2
[2018.12.01-12.19.18:002][518]Cmd: OBJ SAVEPACKAGE PACKAGE="/Game/TopDownBP/Maps/TopDownExampleMap" FILE="D:/UE4 Projects/LD43/Content/TopDownBP/Maps/TopDownExampleMap.umap" SILENT=true AUTOSAVING=false KEEPDIRTY=false
[2018.12.01-12.19.18:380][518]LogSavePackage: Moving 'D:/UE4 Projects/LD43/Saved/TopDownExampleMap4923B61E4BC8641AF07E84B1B91FF07E.tmp' to 'D:/UE4 Projects/LD43/Content/TopDownBP/Maps/TopDownExampleMap.umap'
[2018.12.01-12.19.18:401][518]Cmd: OBJ SAVEPACKAGE PACKAGE="/Game/TopDownBP/Maps/TopDownExampleMap_BuiltData" FILE="D:/UE4 Projects/LD43/Content/TopDownBP/Maps/TopDownExampleMap_BuiltData.uasset" SILENT=true
[2018.12.01-12.19.18:580][518]LogSavePackage: Moving 'D:/UE4 Projects/LD43/Saved/TopDownExampleMap_BuiltData38FF0B1F48B8181D132C6F9B05DD4B4F.tmp' to 'D:/UE4 Projects/LD43/Content/TopDownBP/Maps/TopDownExampleMap_BuiltData.uasset'
[2018.12.01-12.19.23:209][ 53]LogEditorViewport: Clicking on Actor (LMB): StaticMeshActor (Wall3)
[2018.12.01-12.19.23:602][ 80]Cmd: DELETE
[2018.12.01-12.19.23:602][ 80]Cmd: ACTOR DELETE
[2018.12.01-12.19.23:604][ 80]LogEditorActor: Deleted Actor: StaticMeshActor
[2018.12.01-12.19.23:628][ 80]LogEditorActor: Deleted 1 Actors (0.026 secs)
[2018.12.01-12.19.23:944][116]LogEditorViewport: Clicking on Actor (LMB): StaticMeshActor (Wall1)
[2018.12.01-12.19.24:023][119]Cmd: DELETE
[2018.12.01-12.19.24:023][119]Cmd: ACTOR DELETE
[2018.12.01-12.19.24:025][119]LogEditorActor: Deleted Actor: StaticMeshActor
[2018.12.01-12.19.24:048][119]LogEditorActor: Deleted 1 Actors (0.025 secs)
[2018.12.01-12.19.25:098][244]LogEditorViewport: Clicking on Actor (LMB): StaticMeshActor (Wall5)
[2018.12.01-12.19.25:193][249]Cmd: DELETE
[2018.12.01-12.19.25:193][249]Cmd: ACTOR DELETE
[2018.12.01-12.19.25:195][249]LogEditorActor: Deleted Actor: StaticMeshActor
[2018.12.01-12.19.25:218][249]LogEditorActor: Deleted 1 Actors (0.025 secs)
[2018.12.01-12.19.26:217][368]LogEditorViewport: Clicking on Actor (LMB): StaticMeshActor (Wall2)
[2018.12.01-12.19.26:289][370]Cmd: DELETE
[2018.12.01-12.19.26:289][370]Cmd: ACTOR DELETE
[2018.12.01-12.19.26:291][370]LogEditorActor: Deleted Actor: StaticMeshActor
[2018.12.01-12.19.26:315][370]LogEditorActor: Deleted 1 Actors (0.026 secs)
[2018.12.01-12.20.55:378][676]LogSlate: FSceneViewport::OnFocusLost() reason 2
[2018.12.01-12.20.57:999][969]MapCheck: New page: Map Check
[2018.12.01-12.20.58:231][969]LogSlate: FSceneViewport::OnFocusLost() reason 2
[2018.12.01-12.20.58:313][969]LightingResults: New page: Lighting Build - Dec 1, 2018, 4:20:58 PM
[2018.12.01-12.20.58:722][969]LogSwarmInterface: [OpenConnection] Registering TCP channel ...
[2018.12.01-12.20.58:973][969]LogSwarmInterface: [OpenConnection] Connecting to agent ...
[2018.12.01-12.20.59:156][969]LogSwarmInterface: [TryOpenConnection] Testing the Agent
[2018.12.01-12.21.01:562][969]LogSwarmInterface: Error: [TryOpenConnection] Waiting for the agent to start up ...
[2018.12.01-12.21.01:686][969]LogSwarmInterface: Error: System.Net.Sockets.SocketException (0x80004005): No connection could be made because the target machine actively refused it 127.0.0.1:8008

Server stack trace: 
   at System.Net.Sockets.Socket.DoConnect(EndPoint endPointSnapshot, SocketAddress socketAddress)
   at System.Net.Sockets.Socket.Connect(EndPoint remoteEP)
   at System.Runtime.Remoting.Channels.RemoteConnection.CreateNewSocket(EndPoint ipEndPoint)
   at System.Runtime.Remoting.Channels.SocketCache.GetSocket(String machinePortAndSid, Boolean openNew)
   at System.Runtime.Remoting.Channels.Tcp.TcpClientTransportSink.SendRequestWithRetry(IMessage msg, ITransportHeaders requestHeaders, Stream requestStream)
   at System.Runtime.Remoting.Channels.Tcp.TcpClientTransportSink.AsyncProcessRequest(IClientChannelSinkStack sinkStack, IMessage msg, ITransportHeaders headers, Stream stream)
   at System.Runtime.Remoting.Channels.BinaryClientFormatterSink.AsyncProcessMessage(IMessage msg, IMessageSink replySink)

Exception rethrown at [0]: 
   at System.Runtime.Remoting.Proxies.RealProxy.HandleReturnMessage(IMessage reqMsg, IMessage retMsg)
   at System.Runtime.Remoting.Proxies.RealProxy.PrivateInvoke(MessageData& msgData, Int32 type)
   at NSwarm.IAgentInterfaceWrapper.MethodDelegate.EndInvoke(Hashtable& OutParameters, IAsyncResult result)
   at NSwarm.FSwarmInterface.TryOpenConnection(FConnectionCallback CallbackFunc, IntPtr CallbackData, ELogFlags LoggingFlags) in D:\Build\++UE4\Sync\Saved\CsTools\Engine\Source\Editor\SwarmInterface\DotNET\SwarmInterface.cs:line 2811
[2018.12.01-12.21.07:716][969]LogSwarmInterface: [TryOpenConnection] Opening Connection to Agent
[2018.12.01-12.21.07:717][969]LogSwarmInterface: [TryOpenConnection] Local Process ID is 3264
[2018.12.01-12.21.09:429][969]LogStaticLightingSystem: Running Lightmass w/ ImmediateImport mode ENABLED
[2018.12.01-12.21.09:429][969]LogStaticLightingSystem: Running Lightmass w/ ImmediateProcess mode ENABLED
[2018.12.01-12.21.09:429][969]LogStaticLightingSystem: Running Lightmass w/ Sorting mode ENABLED
[2018.12.01-12.21.09:429][969]LogStaticLightingSystem: Running Lightmass w/ Mapping paddings ENABLED
[2018.12.01-12.21.09:429][969]LogStaticLightingSystem: Running Lightmass w/ Mapping debug paddings DISABLED
[2018.12.01-12.21.10:127][969]LogEditorBuildUtils: Build time 0:11
[2018.12.01-12.21.10:159][969]LogMaterial: Display: Missing cached shader map for material FLightmassMaterialRenderer MaterialInstanceDynamic_0, compiling. 
[2018.12.01-12.21.10:308][969]LogShaderCompilers: Display: Shaders left to compile 2
[2018.12.01-12.21.10:308][969]LogMaterial: Display: Missing cached shader map for material FLightmassMaterialRenderer MaterialInstanceDynamic_0, compiling. 
[2018.12.01-12.21.12:032][970]LogShaderCompilers: Display: Shaders left to compile 2
[2018.12.01-12.21.17:696][984]Job is a success!
[2018.12.01-12.21.18:486][985]LogVolumetricLightmapImport: Imported Volumetric Lightmap in 0.013s
[2018.12.01-12.21.18:486][985]LogVolumetricLightmapImport:      Indirection Texture 16x16x16 = 0.0Mb
[2018.12.01-12.21.18:486][985]LogVolumetricLightmapImport:      BrickData 175x5x5 = 0.2Mb
[2018.12.01-12.21.18:486][985]LogVolumetricLightmapImport:      Bricks at Level
[2018.12.01-12.21.18:486][985]LogVolumetricLightmapImport:          0: 2.9% covering 100.0% of volume
[2018.12.01-12.21.18:486][985]LogVolumetricLightmapImport:          1: 11.4% covering 6.3% of volume
[2018.12.01-12.21.18:486][985]LogVolumetricLightmapImport:          2: 85.7% covering 0.7% of volume
[2018.12.01-12.21.19:097][985]LogTexture: Display: Building textures: HQ_Lightmap1_1 (AutoDXT, 1024X1024)
[2018.12.01-12.21.19:097][985]LogTexture: Display: Building textures: SkyOcclusion1_1 (AutoDXT, 1024X512)
[2018.12.01-12.21.19:097][985]LogTexture: Display: Building textures: LQ_Lightmap_1_1 (DXT1, 1024X1024)
[2018.12.01-12.21.19:097][985]LogTexture: Display: Building textures: SkyOcclusion1_2 (AutoDXT, 64X32)
[2018.12.01-12.21.19:097][985]LogTexture: Display: Building textures: HQ_Lightmap1_2 (AutoDXT, 64X64)
[2018.12.01-12.21.19:097][985]LogTexture: Display: Building textures: LQ_Lightmap_1_2 (DXT1, 64X64)
[2018.12.01-12.21.19:204][985]LogTexture: Display: Building textures: ShadowMapTexture2D_3 (G8, 32X32)
[2018.12.01-12.21.19:205][985]LogTexture: Display: Building textures: ShadowMapTexture2D_2 (G8, 512X512)
[2018.12.01-12.21.19:675][985]Lightmass on G-MAN: 4.68 sec total, 121 ms importing, 20 ms setup, 470 ms photons, 3.39 sec processing, 0 ms extra exporting [2/2 mappings]. Threads: 13.5 sec total, 1.62 sec processing.
[2018.12.01-12.21.19:727][985]LogStaticLightingSystem: Illumination: 21.1 sec (592 ms encoding lightmaps, 105 ms encoding shadowmaps)
[2018.12.01-12.21.19:727][985]LogStaticLightingSystem: Lightmap texture memory:  2.7 MB (2.7 MB streaming, 0.0 MB non-streaming), 4 textures
[2018.12.01-12.21.19:727][985]LogStaticLightingSystem: Shadowmap texture memory: 0.3 MB (0.3 MB streaming, 0.0 MB non-streaming), 2 textures
[2018.12.01-12.21.20:386][985]DumpUnbuiltLightIteractions
[2018.12.01-12.21.20:386][985]Lights with unbuilt interactions: 0
[2018.12.01-12.21.20:386][985]
[2018.12.01-12.21.20:386][985]Primitives with unbuilt interactions: 0
[2018.12.01-12.21.20:453][986]Cmd: MAP CHECK NOTIFYRESULTS
[2018.12.01-12.21.20:453][986]MapCheck: New page: TopDownExampleMap - Dec 1, 2018, 4:21:20 PM
[2018.12.01-12.21.20:712][986]MapCheck: Map check complete: 0 Error(s), 0 Warning(s), took 258.958ms to complete.
[2018.12.01-12.21.27:906][691]LogSourceControl: Warning: 'D:/UE4 Projects/LD43/' is not part of a Git repository
[2018.12.01-12.21.52:684][603]SourceControl: Error: fatal: Not a git repository (or any of the parent directories): .git
[2018.12.01-12.21.52:684][603]SourceControl: Error: fatal: Not a git repository (or any of the parent directories): .git
[2018.12.01-12.21.52:684][603]SourceControl: Error: Failed to enable Git source control. You need to initialize the project as a Git repository first.
[2018.12.01-12.22.03:464][867]SourceControl: Error: fatal: Not a git repository (or any of the parent directories): .git
[2018.12.01-12.22.03:464][867]SourceControl: Error: fatal: Not a git repository (or any of the parent directories): .git
[2018.12.01-12.22.03:465][867]SourceControl: Error: Failed to enable Git source control. You need to initialize the project as a Git repository first.
[2018.12.01-12.22.14:205][131]SourceControl: Error: fatal: Not a git repository (or any of the parent directories): .git
[2018.12.01-12.22.14:205][131]SourceControl: Error: fatal: Not a git repository (or any of the parent directories): .git
[2018.12.01-12.22.14:205][131]SourceControl: Error: Failed to enable Git source control. You need to initialize the project as a Git repository first.
[2018.12.01-12.22.19:264][718]SourceControl: Error: fatal: Not a git repository (or any of the parent directories): .git
[2018.12.01-12.22.19:264][718]SourceControl: Error: fatal: Not a git repository (or any of the parent directories): .git
[2018.12.01-12.22.19:264][718]SourceControl: Error: Failed to enable Git source control. You need to initialize the project as a Git repository first.
[2018.12.01-12.22.26:787][542]SourceControl: Error: warning: LF will be replaced by CRLF in .gitignore.
[2018.12.01-12.22.26:787][542]SourceControl: Error: The file will have its original line endings in your working directory.
[2018.12.01-12.22.27:019][561]LogSourceControl: commit successful: [master (root-commit) e877cb5] Initial commit
[2018.12.01-12.22.27:036][562]SourceControl: [master (root-commit) e877cb5] Initial commit
[2018.12.01-12.22.27:036][562]SourceControl:  46 files changed, 157 insertions(+)
[2018.12.01-12.22.27:036][562]SourceControl:  create mode 100644 .gitignore
[2018.12.01-12.22.27:036][562]SourceControl:  create mode 100644 Config/DefaultEditor.ini
[2018.12.01-12.22.27:036][562]SourceControl:  create mode 100644 Config/DefaultEditorPerProjectUserSettings.ini
[2018.12.01-12.22.27:036][562]SourceControl:  create mode 100644 Config/DefaultEngine.ini
[2018.12.01-12.22.27:036][562]SourceControl:  create mode 100644 Config/DefaultGame.ini
[2018.12.01-12.22.27:036][562]SourceControl:  create mode 100644 Config/DefaultInput.ini
[2018.12.01-12.22.27:036][562]SourceControl:  create mode 100644 Content/Geometry/Meshes/1M_Cube.uasset
[2018.12.01-12.22.27:036][562]SourceControl:  create mode 100644 Content/Geometry/Meshes/1M_Cube_Chamfer.uasset
[2018.12.01-12.22.27:036][562]SourceControl:  create mode 100644 Content/Geometry/Meshes/CubeMaterial.uasset
[2018.12.01-12.22.27:036][562]SourceControl:  create mode 100644 Content/Geometry/Meshes/TemplateFloor.uasset
[2018.12.01-12.22.27:036][562]SourceControl:  create mode 100644 Content/Mannequin/Animations/ThirdPersonIdle.uasset
[2018.12.01-12.22.27:036][562]SourceControl:  create mode 100644 Content/Mannequin/Animations/ThirdPersonJump_End.uasset
[2018.12.01-12.22.27:036][562]SourceControl:  create mode 100644 Content/Mannequin/Animations/ThirdPersonJump_Loop.uasset
[2018.12.01-12.22.27:036][562]SourceControl:  create mode 100644 Content/Mannequin/Animations/ThirdPersonJump_Start.uasset
[2018.12.01-12.22.27:036][562]SourceControl:  create mode 100644 Content/Mannequin/Animations/ThirdPersonRun.uasset
[2018.12.01-12.22.27:036][562]SourceControl:  create mode 100644 Content/Mannequin/Animations/ThirdPersonWalk.uasset
[2018.12.01-12.22.27:036][562]SourceControl:  create mode 100644 Content/Mannequin/Animations/ThirdPerson_AnimBP.uasset
[2018.12.01-12.22.27:036][562]SourceControl:  create mode 100644 Content/Mannequin/Animations/ThirdPerson_IdleRun_2D.uasset
[2018.12.01-12.22.27:036][562]SourceControl:  create mode 100644 Content/Mannequin/Animations/ThirdPerson_Jump.uasset
[2018.12.01-12.22.27:036][562]SourceControl:  create mode 100644 Content/Mannequin/Character/Materials/M_UE4Man_Body.uasset
[2018.12.01-12.22.27:036][562]SourceControl:  create mode 100644 Content/Mannequin/Character/Materials/M_UE4Man_ChestLogo.uasset
[2018.12.01-12.22.27:036][562]SourceControl:  create mode 100644 Content/Mannequin/Character/Materials/MaterialLayers/ML_GlossyBlack_Latex_UE4.uasset
[2018.12.01-12.22.27:036][562]SourceControl:  create mode 100644 Content/Mannequin/Character/Materials/MaterialLayers/ML_Plastic_Shiny_Beige.uasset
[2018.12.01-12.22.27:036][562]SourceControl:  create mode 100644 Content/Mannequin/Character/Materials/MaterialLayers/ML_Plastic_Shiny_Beige_LOGO.uasset
[2018.12.01-12.22.27:036][562]SourceControl:  create mode 100644 Content/Mannequin/Character/Materials/MaterialLayers/ML_SoftMetal_UE4.uasset
[2018.12.01-12.22.27:037][562]SourceControl:  create mode 100644 Content/Mannequin/Character/Materials/MaterialLayers/T_ML_Aluminum01.uasset
[2018.12.01-12.22.27:037][562]SourceControl:  create mode 100644 Content/Mannequin/Character/Materials/MaterialLayers/T_ML_Aluminum01_N.uasset
[2018.12.01-12.22.27:037][562]SourceControl:  create mode 100644 Content/Mannequin/Character/Materials/MaterialLayers/T_ML_Rubber_Blue_01_D.uasset
[2018.12.01-12.22.27:037][562]SourceControl:  create mode 100644 Content/Mannequin/Character/Materials/MaterialLayers/T_ML_Rubber_Blue_01_N.uasset
[2018.12.01-12.22.27:037][562]SourceControl:  create mode 100644 Content/Mannequin/Character/Mesh/SK_Mannequin.uasset
[2018.12.01-12.22.27:037][562]SourceControl:  create mode 100644 Content/Mannequin/Character/Mesh/SK_Mannequin_PhysicsAsset.uasset
[2018.12.01-12.22.27:037][562]SourceControl:  create mode 100644 Content/Mannequin/Character/Mesh/UE4_Mannequin_Skeleton.uasset
[2018.12.01-12.22.27:037][562]SourceControl:  create mode 100644 Content/Mannequin/Character/Textures/UE4Man_Logo_N.uasset
[2018.12.01-12.22.27:037][562]SourceControl:  create mode 100644 Content/Mannequin/Character/Textures/UE4_LOGO_CARD.uasset
[2018.12.01-12.22.27:037][562]SourceControl:  create mode 100644 Content/Mannequin/Character/Textures/UE4_Mannequin_MAT_MASKA.uasset
[2018.12.01-12.22.27:037][562]SourceControl:  create mode 100644 Content/Mannequin/Character/Textures/UE4_Mannequin__normals.uasset
[2018.12.01-12.22.27:037][562]SourceControl:  create mode 100644 Content/TopDownBP/Blueprints/M_Cursor_Decal.uasset
[2018.12.01-12.22.27:037][562]SourceControl:  create mode 100644 Content/TopDownBP/Blueprints/TopDownCharacter.uasset
[2018.12.01-12.22.27:037][562]SourceControl:  create mode 100644 Content/TopDownBP/Blueprints/TopDownController.uasset
[2018.12.01-12.22.27:037][562]SourceControl:  create mode 100644 Content/TopDownBP/Blueprints/TopDownGameMode.uasset
[2018.12.01-12.22.27:037][562]SourceControl:  create mode 100644 Content/TopDownBP/Character/TopDownIdleRun.uasset
[2018.12.01-12.22.27:037][562]SourceControl:  create mode 100644 Content/TopDownBP/Character/TopDownSkeletalMesh.uasset
[2018.12.01-12.22.27:037][562]SourceControl:  create mode 100644 Content/TopDownBP/Maps/TopDownExampleMap.umap
[2018.12.01-12.22.27:037][562]SourceControl:  create mode 100644 Content/TopDownBP/Maps/TopDownExampleMap_BuiltData.uasset
[2018.12.01-12.22.27:037][562]SourceControl:  create mode 100644 Content/TopDownBP/TopDownOverview.uasset
[2018.12.01-12.22.27:037][562]SourceControl:  create mode 100644 LD43.uproject
[2018.12.01-12.22.32:241][142]LogSlate: Window 'Source Control Login' being destroyed
[2018.12.01-12.22.36:588][629]SourceControl: fatal: E:/Epic Games/UE_4.20/Engine/Content: 'E:/Epic Games/UE_4.20/Engine/Content' is outside repository
[2018.12.01-12.22.36:869][629]EditorErrors: Warning: No assets to check in!
[2018.12.01-12.22.43:247][380]LogEditorViewport: Clicking on Actor (LMB): BP_Sky_Sphere_C (SkySphereBlueprint)
[2018.12.01-12.22.56:431][665]LogSlate: FSceneViewport::OnFocusLost() reason 2
[2018.12.01-12.25.08:579][873]LogSlate: FSceneViewport::OnFocusLost() reason 2
[2018.12.01-12.25.10:252][ 72]LogSlate: FSceneViewport::OnFocusLost() reason 2
[2018.12.01-12.25.17:488][912]SourceControl: Source control is disabled
[2018.12.01-12.25.17:488][912]LogSlate: Window 'Source Control Login' being destroyed
[2018.12.01-12.25.18:630][ 48]LogSlate: FSceneViewport::OnFocusLost() reason 2
[2018.12.01-12.25.19:483][149]LogSlate: FSceneViewport::OnFocusLost() reason 2
[2018.12.01-12.26.04:994][156]LogSlate: Window 'Source Control Login' being destroyed
[2018.12.01-12.26.05:939][247]LogSlate: FSceneViewport::OnFocusLost() reason 2
[2018.12.01-12.26.07:678][441]SourceControl: fatal: E:/Epic Games/UE_4.20/Engine/Content: 'E:/Epic Games/UE_4.20/Engine/Content' is outside repository
[2018.12.01-12.26.07:815][441]EditorErrors: Warning: No assets to check in!
[2018.12.01-12.26.09:595][633]LogSlate: FSceneViewport::OnFocusLost() reason 2
[2018.12.01-12.26.10:977][796]LogSlate: FSceneViewport::OnFocusLost() reason 2
[2018.12.01-12.26.11:034][796]LogSlate: FSceneViewport::OnFocusLost() reason 2
[2018.12.01-12.26.11:120][796]Cmd: OBJ SAVEPACKAGE PACKAGE="/Game/TopDownBP/Maps/TopDownExampleMap" FILE="D:/UE4 Projects/LD43/Content/TopDownBP/Maps/TopDownExampleMap.umap" SILENT=true AUTOSAVING=false KEEPDIRTY=false
[2018.12.01-12.26.11:288][796]LogSavePackage: Moving 'D:/UE4 Projects/LD43/Saved/TopDownExampleMap108AFEB44848FDB71D6F9CBE1E9594B6.tmp' to 'D:/UE4 Projects/LD43/Content/TopDownBP/Maps/TopDownExampleMap.umap'
[2018.12.01-12.26.11:296][796]LogFileHelpers: Saving map 'TopDownExampleMap' took 0.243
[2018.12.01-12.26.11:300][796]Cmd: OBJ SAVEPACKAGE PACKAGE="/Game/TopDownBP/Maps/TopDownExampleMap_BuiltData" FILE="D:/UE4 Projects/LD43/Content/TopDownBP/Maps/TopDownExampleMap_BuiltData.uasset" SILENT=true
[2018.12.01-12.26.11:350][796]LogSavePackage: Moving 'D:/UE4 Projects/LD43/Saved/TopDownExampleMap_BuiltData4CA43E454956D4A968F9C1BD3114B1F6.tmp' to 'D:/UE4 Projects/LD43/Content/TopDownBP/Maps/TopDownExampleMap_BuiltData.uasset'
[2018.12.01-12.26.13:708][ 74]LogSlate: FSceneViewport::OnFocusLost() reason 2
[2018.12.01-12.26.13:758][ 74]LogSlate: FSceneViewport::OnFocusLost() reason 2
[2018.12.01-12.26.13:771][ 74]Cmd: OBJ SAVEPACKAGE PACKAGE="/Game/TopDownBP/Maps/TopDownExampleMap" FILE="D:/UE4 Projects/LD43/Content/TopDownBP/Maps/TopDownExampleMap.umap" SILENT=true AUTOSAVING=false KEEPDIRTY=false
[2018.12.01-12.26.13:903][ 74]LogSavePackage: Moving 'D:/UE4 Projects/LD43/Saved/TopDownExampleMap7A6EAB174F577C4F779E6E810B6D0539.tmp' to 'D:/UE4 Projects/LD43/Content/TopDownBP/Maps/TopDownExampleMap.umap'
[2018.12.01-12.26.13:967][ 74]Cmd: OBJ SAVEPACKAGE PACKAGE="/Game/TopDownBP/Maps/TopDownExampleMap_BuiltData" FILE="D:/UE4 Projects/LD43/Content/TopDownBP/Maps/TopDownExampleMap_BuiltData.uasset" SILENT=true
[2018.12.01-12.26.14:022][ 74]LogSavePackage: Moving 'D:/UE4 Projects/LD43/Saved/TopDownExampleMap_BuiltData571881D548BB766EB2468E8A67A79B3A.tmp' to 'D:/UE4 Projects/LD43/Content/TopDownBP/Maps/TopDownExampleMap_BuiltData.uasset'
[2018.12.01-12.26.15:155][206]LogSlate: FSceneViewport::OnFocusLost() reason 2
[2018.12.01-12.26.15:208][206]LogSlate: FSceneViewport::OnFocusLost() reason 2
[2018.12.01-12.26.15:221][206]Cmd: OBJ SAVEPACKAGE PACKAGE="/Game/TopDownBP/Maps/TopDownExampleMap" FILE="D:/UE4 Projects/LD43/Content/TopDownBP/Maps/TopDownExampleMap.umap" SILENT=true AUTOSAVING=false KEEPDIRTY=false
[2018.12.01-12.26.15:342][206]LogSavePackage: Moving 'D:/UE4 Projects/LD43/Saved/TopDownExampleMap9DDE575246E6078AD425EAB229C2EEC5.tmp' to 'D:/UE4 Projects/LD43/Content/TopDownBP/Maps/TopDownExampleMap.umap'
[2018.12.01-12.26.15:396][206]Cmd: OBJ SAVEPACKAGE PACKAGE="/Game/TopDownBP/Maps/TopDownExampleMap_BuiltData" FILE="D:/UE4 Projects/LD43/Content/TopDownBP/Maps/TopDownExampleMap_BuiltData.uasset" SILENT=true
[2018.12.01-12.26.15:446][206]LogSavePackage: Moving 'D:/UE4 Projects/LD43/Saved/TopDownExampleMap_BuiltDataC5DD4B584CB1619F5DF2748D2D941A3C.tmp' to 'D:/UE4 Projects/LD43/Content/TopDownBP/Maps/TopDownExampleMap_BuiltData.uasset'
[2018.12.01-12.26.15:942][256]LogSlate: FSceneViewport::OnFocusLost() reason 2
[2018.12.01-12.26.15:954][256]Cmd: OBJ SAVEPACKAGE PACKAGE="/Game/TopDownBP/Maps/TopDownExampleMap" FILE="D:/UE4 Projects/LD43/Content/TopDownBP/Maps/TopDownExampleMap.umap" SILENT=true AUTOSAVING=false KEEPDIRTY=false
[2018.12.01-12.26.16:075][256]LogSavePackage: Moving 'D:/UE4 Projects/LD43/Saved/TopDownExampleMap16679C624CBBA3BCF79A53AD13D778A3.tmp' to 'D:/UE4 Projects/LD43/Content/TopDownBP/Maps/TopDownExampleMap.umap'
[2018.12.01-12.26.16:135][256]Cmd: OBJ SAVEPACKAGE PACKAGE="/Game/TopDownBP/Maps/TopDownExampleMap_BuiltData" FILE="D:/UE4 Projects/LD43/Content/TopDownBP/Maps/TopDownExampleMap_BuiltData.uasset" SILENT=true
[2018.12.01-12.26.16:181][256]LogSavePackage: Moving 'D:/UE4 Projects/LD43/Saved/TopDownExampleMap_BuiltData279DCADC48259F2F8F9D5C8433EEEC23.tmp' to 'D:/UE4 Projects/LD43/Content/TopDownBP/Maps/TopDownExampleMap_BuiltData.uasset'
[2018.12.01-12.28.31:851][127]LogSlate: FSceneViewport::OnFocusLost() reason 2
[2018.12.01-12.28.33:691][333]SourceControl: fatal: E:/Epic Games/UE_4.20/Engine/Content: 'E:/Epic Games/UE_4.20/Engine/Content' is outside repository
[2018.12.01-12.28.33:823][333]EditorErrors: Warning: No assets to check in!
[2018.12.01-12.28.36:071][548]LogSlate: FSceneViewport::OnFocusLost() reason 0
[2018.12.01-12.28.37:998][759]LogSlate: Window 'Message Log' being destroyed
[2018.12.01-12.28.38:002][759]LogSlate: Window 'Message Log' being destroyed
[2018.12.01-12.28.38:589][826]LogSlate: FSceneViewport::OnFocusLost() reason 0
[2018.12.01-12.28.44:374][483]LogSlate: FSceneViewport::OnFocusLost() reason 2
[2018.12.01-12.28.44:387][483]Cmd: OBJ SAVEPACKAGE PACKAGE="/Game/TopDownBP/Maps/TopDownExampleMap" FILE="D:/UE4 Projects/LD43/Content/TopDownBP/Maps/TopDownExampleMap.umap" SILENT=true AUTOSAVING=false KEEPDIRTY=false
[2018.12.01-12.28.44:506][483]LogSavePackage: Moving 'D:/UE4 Projects/LD43/Saved/TopDownExampleMap11905AFF48EB8DA75A871C879BD8419E.tmp' to 'D:/UE4 Projects/LD43/Content/TopDownBP/Maps/TopDownExampleMap.umap'
[2018.12.01-12.28.44:558][483]Cmd: OBJ SAVEPACKAGE PACKAGE="/Game/TopDownBP/Maps/TopDownExampleMap_BuiltData" FILE="D:/UE4 Projects/LD43/Content/TopDownBP/Maps/TopDownExampleMap_BuiltData.uasset" SILENT=true
[2018.12.01-12.28.44:605][483]LogSavePackage: Moving 'D:/UE4 Projects/LD43/Saved/TopDownExampleMap_BuiltDataE74301574DE309E2C62A6CB08CF17C97.tmp' to 'D:/UE4 Projects/LD43/Content/TopDownBP/Maps/TopDownExampleMap_BuiltData.uasset'
[2018.12.01-12.30.28:743][459]LogSlate: FSceneViewport::OnFocusLost() reason 2
[2018.12.01-12.30.32:692][915]SourceControl: fatal: E:/Epic Games/UE_4.20/Engine/Content: 'E:/Epic Games/UE_4.20/Engine/Content' is outside repository
[2018.12.01-12.30.32:863][915]LogSlate: FSceneViewport::OnFocusLost() reason 2
[2018.12.01-12.30.48:525][915]LogSlate: Window 'Submit Files' being destroyed
[2018.12.01-12.30.48:535][915]LogSlate: FSceneViewport::OnFocusLost() reason 2
[2018.12.01-12.30.48:961][915]LogSlate: FSceneViewport::OnFocusLost() reason 2
[2018.12.01-12.30.49:978][915]LogSourceControl: commit successful: [master 7205387] Initial Commit
[2018.12.01-12.30.50:010][915]SourceControl: [master 7205387] Initial Commit
[2018.12.01-12.30.50:010][915]SourceControl:  2 files changed, 0 insertions(+), 0 deletions(-)
[2018.12.01-12.30.50:016][915]SourceControl: Commited [master 7205387] Initial Commit.
[2018.12.01-12.34.19:479][660]LogSlate: FSceneViewport::OnFocusLost() reason 0
[2018.12.01-12.34.46:740][289]LogSlate: FSceneViewport::OnFocusLost() reason 0
[2018.12.01-12.39.19:546][938]LogSlate: FSceneViewport::OnFocusLost() reason 0
[2018.12.01-12.39.19:944][949]LogSlate: Window 'LD43 - Unreal Editor' being destroyed
[2018.12.01-12.39.20:816][950]Cmd: QUIT_EDITOR
[2018.12.01-12.39.21:469][950]LogExit: Preparing to exit.
[2018.12.01-12.39.23:630][950]LogExit: Editor shut down
[2018.12.01-12.39.23:631][950]LogExit: Transaction tracking system shut down
[2018.12.01-12.39.26:322][950]LogExit: Object subsystem successfully closed.
[2018.12.01-12.39.26:638][950]LogShaderCompilers: Display: Shaders left to compile 0
[2018.12.01-12.39.26:684][950]LogD3D11RHI: Shutdown
[2018.12.01-12.39.26:684][950]LogD3D11RHI: CleanupD3DDevice
[2018.12.01-12.39.26:796][950]LogD3D11RHI: ~FD3D11DynamicRHI
[2018.12.01-12.39.28:148][950]LogModuleManager: Shutting down and abandoning module HierarchicalLODOutliner (610)
[2018.12.01-12.39.28:148][950]LogModuleManager: Shutting down and abandoning module SceneOutliner (608)
[2018.12.01-12.39.28:148][950]LogModuleManager: Shutting down and abandoning module AddContentDialog (606)
[2018.12.01-12.39.28:202][950]LogModuleManager: Shutting down and abandoning module WidgetCarousel (605)
[2018.12.01-12.39.28:202][950]LogModuleManager: Shutting down and abandoning module EditorWidgets (602)
[2018.12.01-12.39.28:202][950]LogModuleManager: Shutting down and abandoning module CollectionManager (600)
[2018.12.01-12.39.28:214][950]LogModuleManager: Shutting down and abandoning module StatsViewer (598)
[2018.12.01-12.39.28:221][950]LogModuleManager: Shutting down and abandoning module FoliageEdit (596)
[2018.12.01-12.39.28:233][950]LogModuleManager: Shutting down and abandoning module LandscapeEditor (594)
[2018.12.01-12.39.28:265][950]LogModuleManager: Shutting down and abandoning module MeshPaintMode (592)
[2018.12.01-12.39.28:276][950]LogModuleManager: Shutting down and abandoning module SceneDepthPickerMode (590)
[2018.12.01-12.39.28:276][950]LogModuleManager: Shutting down and abandoning module ActorPickerMode (588)
[2018.12.01-12.39.28:276][950]LogModuleManager: Shutting down and abandoning module GeometryMode (586)
[2018.12.01-12.39.28:276][950]LogModuleManager: Shutting down and abandoning module TextureAlignMode (584)
[2018.12.01-12.39.28:276][950]LogModuleManager: Shutting down and abandoning module BspMode (582)
[2018.12.01-12.39.28:276][950]LogModuleManager: Shutting down and abandoning module PIEPreviewDeviceProfileSelector (580)
[2018.12.01-12.39.28:282][950]LogModuleManager: Shutting down and abandoning module SequenceRecorderSections (578)
[2018.12.01-12.39.28:290][950]LogModuleManager: Shutting down and abandoning module AutomationWorker (576)
[2018.12.01-12.39.28:290][950]LogModuleManager: Shutting down and abandoning module AudioCaptureEditor (574)
[2018.12.01-12.39.28:290][950]LogModuleManager: Shutting down and abandoning module SequenceRecorder (573)
[2018.12.01-12.39.28:299][950]LogModuleManager: Shutting down and abandoning module MatineeToLevelSequence (570)
[2018.12.01-12.39.28:320][950]LogModuleManager: Shutting down and abandoning module LevelSequenceEditor (568)
[2018.12.01-12.39.28:330][950]LogModuleManager: Shutting down and abandoning module PlacementMode (567)
[2018.12.01-12.39.28:330][950]LogModuleManager: Shutting down and abandoning module MaterialEditor (566)
[2018.12.01-12.39.28:360][950]LogModuleManager: Shutting down and abandoning module WmfMediaFactory (562)
[2018.12.01-12.39.28:360][950]LogModuleManager: Shutting down and abandoning module WmfMediaEditor (560)
[2018.12.01-12.39.28:360][950]LogModuleManager: Shutting down and abandoning module MediaPlayerEditor (558)
[2018.12.01-12.39.28:376][950]LogModuleManager: Shutting down and abandoning module OpenExrWrapper (556)
[2018.12.01-12.39.28:376][950]LogModuleManager: Shutting down and abandoning module ImgMediaFactory (554)
[2018.12.01-12.39.28:376][950]LogModuleManager: Shutting down and abandoning module ImgMediaEditor (552)
[2018.12.01-12.39.28:376][950]LogModuleManager: Shutting down and abandoning module AvfMediaFactory (550)
[2018.12.01-12.39.28:376][950]LogModuleManager: Shutting down and abandoning module AvfMediaEditor (548)
[2018.12.01-12.39.28:376][950]LogModuleManager: Shutting down and abandoning module AndroidMediaFactory (546)
[2018.12.01-12.39.28:376][950]LogModuleManager: Shutting down and abandoning module AndroidMediaEditor (544)
[2018.12.01-12.39.28:376][950]LogModuleManager: Shutting down and abandoning module MagicLeapCameraPreviewFactory (542)
[2018.12.01-12.39.28:376][950]LogModuleManager: Shutting down and abandoning module MagicLeapMediaFactory (540)
[2018.12.01-12.39.28:376][950]LogModuleManager: Shutting down and abandoning module MagicLeapMediaEditor (538)
[2018.12.01-12.39.28:376][950]LogModuleManager: Shutting down and abandoning module CharacterAI (536)
[2018.12.01-12.39.28:376][950]LogModuleManager: Shutting down and abandoning module SmartSnapping (534)
[2018.12.01-12.39.28:376][950]LogModuleManager: Shutting down and abandoning module SessionServices (532)
[2018.12.01-12.39.28:376][950]LogModuleManager: Shutting down and abandoning module ViewportSnapping (530)
[2018.12.01-12.39.28:376][950]LogModuleManager: Shutting down and abandoning module ViewportInteraction (528)
[2018.12.01-12.39.28:376][950]LogModuleManager: Shutting down and abandoning module ClothPainter (526)
[2018.12.01-12.39.28:398][950]LogModuleManager: Shutting down and abandoning module SkeletalMeshEditor (525)
[2018.12.01-12.39.28:415][950]LogModuleManager: Shutting down and abandoning module LogVisualizer (522)
[2018.12.01-12.39.28:432][950]LogModuleManager: Shutting down and abandoning module IntroTutorials (520)
[2018.12.01-12.39.28:453][950]LogModuleManager: Shutting down and abandoning module GameProjectGeneration (519)
[2018.12.01-12.39.28:476][950]LogModuleManager: Shutting down and abandoning module LuminPlatformEditor (516)
[2018.12.01-12.39.28:476][950]LogModuleManager: Shutting down and abandoning module IOSPlatformEditor (514)
[2018.12.01-12.39.28:488][950]LogModuleManager: Shutting down and abandoning module HTML5PlatformEditor (512)
[2018.12.01-12.39.28:488][950]LogModuleManager: Shutting down and abandoning module AndroidPlatformEditor (510)
[2018.12.01-12.39.28:488][950]LogModuleManager: Shutting down and abandoning module AndroidDeviceDetection (509)
[2018.12.01-12.39.29:481][950]LogModuleManager: Shutting down and abandoning module WindowsPlatformEditor (506)
[2018.12.01-12.39.29:481][950]LogModuleManager: Shutting down and abandoning module LuminRuntimeSettings (504)
[2018.12.01-12.39.29:481][950]LogModuleManager: Shutting down and abandoning module IOSRuntimeSettings (502)
[2018.12.01-12.39.29:481][950]LogModuleManager: Shutting down and abandoning module AndroidRuntimeSettings (500)
[2018.12.01-12.39.29:481][950]LogModuleManager: Shutting down and abandoning module InputBindingEditor (498)
[2018.12.01-12.39.29:535][950]LogModuleManager: Shutting down and abandoning module MergeActors (496)
[2018.12.01-12.39.29:594][950]LogModuleManager: Shutting down and abandoning module LocalizationDashboard (494)
[2018.12.01-12.39.29:608][950]LogModuleManager: Shutting down and abandoning module LocalizationService (493)
[2018.12.01-12.39.29:642][950]LogModuleManager: Shutting down and abandoning module HardwareTargeting (490)
[2018.12.01-12.39.29:642][950]LogModuleManager: Shutting down and abandoning module DeviceProfileEditor (488)
[2018.12.01-12.39.29:642][950]LogModuleManager: Shutting down and abandoning module UndoHistory (486)
[2018.12.01-12.39.29:650][950]LogModuleManager: Shutting down and abandoning module XmlParser (484)
[2018.12.01-12.39.29:677][950]LogModuleManager: Shutting down and abandoning module Blutility (482)
[2018.12.01-12.39.29:702][950]LogModuleManager: Shutting down and abandoning module ProjectSettingsViewer (480)
[2018.12.01-12.39.29:702][950]LogModuleManager: Shutting down and abandoning module ProjectTargetPlatformEditor (479)
[2018.12.01-12.39.29:702][950]LogModuleManager: Shutting down and abandoning module EditorSettingsViewer (476)
[2018.12.01-12.39.29:702][950]LogModuleManager: Shutting down and abandoning module SettingsEditor (474)
[2018.12.01-12.39.29:736][950]LogModuleManager: Shutting down and abandoning module ProjectLauncher (472)
[2018.12.01-12.39.29:782][950]LogModuleManager: Shutting down and abandoning module SessionFrontend (470)
[2018.12.01-12.39.29:792][950]LogModuleManager: Shutting down and abandoning module ProfilerClient (468)
[2018.12.01-12.39.29:846][950]LogModuleManager: Shutting down and abandoning module DeviceManager (466)
[2018.12.01-12.39.29:853][950]LogModuleManager: Shutting down and abandoning module TargetDeviceServices (465)
[2018.12.01-12.39.29:914][950]LogModuleManager: Shutting down and abandoning module AutomationController (462)
[2018.12.01-12.39.29:941][950]LogModuleManager: Shutting down and abandoning module AutomationWindow (460)
[2018.12.01-12.39.29:955][950]LogModuleManager: Shutting down and abandoning module Layers (458)
[2018.12.01-12.39.29:969][950]LogModuleManager: Shutting down and abandoning module ComponentVisualizers (456)
[2018.12.01-12.39.29:976][950]LogModuleManager: Shutting down and abandoning module DetailCustomizations (454)
[2018.12.01-12.39.29:986][950]LogModuleManager: Shutting down and abandoning module PackagesDialog (452)
[2018.12.01-12.39.29:987][950]LogModuleManager: Shutting down and abandoning module Persona (450)
[2018.12.01-12.39.30:002][950]LogModuleManager: Shutting down and abandoning module AdvancedPreviewScene (449)
[2018.12.01-12.39.30:002][950]LogModuleManager: Shutting down and abandoning module AnimGraph (447)
[2018.12.01-12.39.30:012][950]LogModuleManager: Shutting down and abandoning module Kismet (444)
[2018.12.01-12.39.30:037][950]LogModuleManager: Shutting down and abandoning module GraphEditor (442)
[2018.12.01-12.39.30:069][950]LogModuleManager: Shutting down and abandoning module ClassViewer (440)
[2018.12.01-12.39.30:069][950]LogModuleManager: Shutting down and abandoning module Toolbox (438)
[2018.12.01-12.39.30:069][950]LogModuleManager: Shutting down and abandoning module ModuleUI (436)
[2018.12.01-12.39.30:082][950]LogModuleManager: Shutting down and abandoning module MovieSceneTools (434)
[2018.12.01-12.39.30:120][950]LogModuleManager: Shutting down and abandoning module OutputLog (432)
[2018.12.01-12.39.30:120][950]LogModuleManager: Shutting down and abandoning module GammaUI (430)
[2018.12.01-12.39.30:128][950]LogModuleManager: Shutting down and abandoning module Documentation (428)
[2018.12.01-12.39.30:129][950]LogModuleManager: Shutting down and abandoning module MovieSceneTracks (426)
[2018.12.01-12.39.30:129][950]LogModuleManager: Shutting down and abandoning module MovieScene (424)
[2018.12.01-12.39.30:137][950]LogModuleManager: Shutting down and abandoning module StreamingPauseRendering (422)
[2018.12.01-12.39.30:149][950]LogModuleManager: Shutting down and abandoning module LauncherPlatform (420)
[2018.12.01-12.39.30:149][950]LogModuleManager: Shutting down and abandoning module AnalyticsET (418)
[2018.12.01-12.39.30:149][950]LogModuleManager: Shutting down and abandoning module PortalServices (416)
[2018.12.01-12.39.30:149][950]LogModuleManager: Shutting down and abandoning module PortalRpc (414)
[2018.12.01-12.39.30:149][950]LogModuleManager: Shutting down and abandoning module MessagingRpc (412)
[2018.12.01-12.39.30:149][950]LogModuleManager: Shutting down and abandoning module AIModule (410)
[2018.12.01-12.39.30:215][950]LogModuleManager: Shutting down and abandoning module GameplayDebugger (409)
[2018.12.01-12.39.30:232][950]LogModuleManager: Shutting down and abandoning module AITestSuite (407)
[2018.12.01-12.39.30:241][950]LogModuleManager: Shutting down and abandoning module NavigationSystem (405)
[2018.12.01-12.39.30:241][950]LogModuleManager: Shutting down and abandoning module DesktopPlatform (402)
[2018.12.01-12.39.30:241][950]LogModuleManager: Shutting down and abandoning module ProfilerService (400)
[2018.12.01-12.39.30:384][950]LogModuleManager: Shutting down and abandoning module TaskGraph (398)
[2018.12.01-12.39.30:403][950]LogModuleManager: Shutting down and abandoning module SteamVRController (396)
[2018.12.01-12.39.30:403][950]LogModuleManager: Shutting down and abandoning module ProceduralMeshComponentEditor (394)
[2018.12.01-12.39.30:403][950]LogModuleManager: Shutting down and abandoning module ProceduralMeshComponent (392)
[2018.12.01-12.39.30:416][950]LogModuleManager: Shutting down and abandoning module OculusInput (390)
[2018.12.01-12.39.30:416][950]LogModuleManager: Shutting down and abandoning module MobilePatchingUtils (388)
[2018.12.01-12.39.30:416][950]LogModuleManager: Shutting down and abandoning module EditableMesh (386)
[2018.12.01-12.39.30:424][950]LogModuleManager: Shutting down and abandoning module CustomMeshComponent (384)
[2018.12.01-12.39.30:424][950]LogModuleManager: Shutting down and abandoning module CableComponent (382)
[2018.12.01-12.39.30:424][950]LogModuleManager: Shutting down and abandoning module AudioCapture (380)
[2018.12.01-12.39.30:424][950]LogModuleManager: Shutting down and abandoning module ArchVisCharacter (378)
[2018.12.01-12.39.30:424][950]LogModuleManager: Shutting down and abandoning module AndroidPermission (376)
[2018.12.01-12.39.30:424][950]LogModuleManager: Shutting down and abandoning module NUTUnrealEngine4 (374)
[2018.12.01-12.39.30:424][950]LogModuleManager: Shutting down and abandoning module NetcodeUnitTest (372)
[2018.12.01-12.39.30:443][950]LogModuleManager: Shutting down and abandoning module MediaCompositingEditor (370)
[2018.12.01-12.39.30:443][950]LogModuleManager: Shutting down and abandoning module MediaCompositing (368)
[2018.12.01-12.39.30:443][950]LogModuleManager: Shutting down and abandoning module LinearTimecode (366)
[2018.12.01-12.39.30:443][950]LogModuleManager: Shutting down and abandoning module ImgMedia (364)
[2018.12.01-12.39.30:469][950]LogModuleManager: Shutting down and abandoning module HTML5Networking (362)
[2018.12.01-12.39.30:469][950]LogModuleManager: Shutting down and abandoning module GeometryCacheTracks (360)
[2018.12.01-12.39.30:469][950]LogModuleManager: Shutting down and abandoning module GeometryCacheSequencer (358)
[2018.12.01-12.39.30:469][950]LogModuleManager: Shutting down and abandoning module BackChannel (356)
[2018.12.01-12.39.30:506][950]LogModuleManager: Shutting down and abandoning module AppleVision (354)
[2018.12.01-12.39.30:506][950]LogModuleManager: Shutting down and abandoning module AppleImageUtils (352)
[2018.12.01-12.39.30:506][950]LogModuleManager: Shutting down and abandoning module AlembicImporter (350)
[2018.12.01-12.39.30:506][950]LogModuleManager: Shutting down and abandoning module AlembicLibrary (349)
[2018.12.01-12.39.30:506][950]LogModuleManager: Shutting down and abandoning module GeometryCache (348)
[2018.12.01-12.39.30:506][950]LogModuleManager: Shutting down and abandoning module GeometryCacheEd (347)
[2018.12.01-12.39.30:506][950]LogModuleManager: Shutting down and abandoning module DatasmithContentEditor (342)
[2018.12.01-12.39.30:516][950]LogModuleManager: Shutting down and abandoning module DatasmithContent (340)
[2018.12.01-12.39.30:516][950]LogModuleManager: Shutting down and abandoning module SpeedTreeImporter (338)
[2018.12.01-12.39.30:516][950]LogModuleManager: Shutting down and abandoning module PluginBrowser (336)
[2018.12.01-12.39.30:539][950]LogModuleManager: Shutting down and abandoning module MobileLauncherProfileWizard (334)
[2018.12.01-12.39.30:552][950]LogModuleManager: Shutting down and abandoning module PolygonModeling (332)
[2018.12.01-12.39.30:553][950]LogModuleManager: Shutting down and abandoning module MeshEditor (330)
[2018.12.01-12.39.30:562][950]LogModuleManager: Shutting down and abandoning module CryptoKeysOpenSSL (328)
[2018.12.01-12.39.30:569][950]LogModuleManager: Shutting down and abandoning module CryptoKeys (326)
[2018.12.01-12.39.30:569][950]LogModuleManager: Shutting down and abandoning module VisualStudioSourceCodeAccess (324)
[2018.12.01-12.39.30:569][950]LogModuleManager: Shutting down and abandoning module VisualStudioCodeSourceCodeAccess (322)
[2018.12.01-12.39.30:569][950]LogModuleManager: Shutting down and abandoning module UObjectPlugin (320)
[2018.12.01-12.39.30:569][950]LogModuleManager: Shutting down and abandoning module SubversionSourceControl (318)
[2018.12.01-12.39.30:578][950]LogModuleManager: Shutting down and abandoning module PerforceSourceControl (316)
[2018.12.01-12.39.30:597][950]LogModuleManager: Shutting down and abandoning module GitSourceControl (314)
[2018.12.01-12.39.30:597][950]LogModuleManager: Shutting down and abandoning module SourceControl (313)
[2018.12.01-12.39.30:598][950]LogModuleManager: Shutting down and abandoning module CLionSourceCodeAccess (310)
[2018.12.01-12.39.30:598][950]LogModuleManager: Shutting down and abandoning module LightPropagationVolumeEditor (308)
[2018.12.01-12.39.30:598][950]LogModuleManager: Shutting down and abandoning module PaperTiledImporter (306)
[2018.12.01-12.39.30:598][950]LogModuleManager: Shutting down and abandoning module PaperSpriteSheetImporter (304)
[2018.12.01-12.39.30:598][950]LogModuleManager: Shutting down and abandoning module Paper2DEditor (302)
[2018.12.01-12.39.30:611][950]LogModuleManager: Shutting down and abandoning module MeshPaint (301)
[2018.12.01-12.39.30:623][950]LogModuleManager: Shutting down and abandoning module RuntimePhysXCooking (298)
[2018.12.01-12.39.30:623][950]LogModuleManager: Shutting down and abandoning module PhysXVehiclesEditor (296)
[2018.12.01-12.39.30:623][950]LogModuleManager: Shutting down and abandoning module PhysXVehicles (294)
[2018.12.01-12.39.30:623][950]LogModuleManager: Shutting down and abandoning module OculusEditor (292)
[2018.12.01-12.39.30:637][950]LogModuleManager: Shutting down and abandoning module LocationServicesBPLibrary (290)
[2018.12.01-12.39.30:637][950]LogModuleManager: Shutting down and abandoning module ImmediatePhysicsEditor (288)
[2018.12.01-12.39.30:637][950]LogModuleManager: Shutting down and abandoning module ImmediatePhysics (286)
[2018.12.01-12.39.30:640][950]LogModuleManager: Shutting down and abandoning module ActorSequence (284)
[2018.12.01-12.39.30:640][950]LogModuleManager: Shutting down and abandoning module UdpMessaging (282)
[2018.12.01-12.39.30:740][950]LogModuleManager: Shutting down and abandoning module TcpMessaging (280)
[2018.12.01-12.39.30:848][950]LogModuleManager: Shutting down and abandoning module MagicLeapAudio (278)
[2018.12.01-12.39.30:848][950]LogModuleManager: Shutting down and abandoning module GameplayTagsEditor (276)
[2018.12.01-12.39.30:858][950]LogModuleManager: Shutting down and abandoning module FacialAnimationEditor (274)
[2018.12.01-12.39.30:858][950]LogModuleManager: Shutting down and abandoning module FacialAnimation (272)
[2018.12.01-12.39.30:858][950]LogModuleManager: Shutting down and abandoning module DataValidation (270)
[2018.12.01-12.39.30:858][950]LogModuleManager: Shutting down and abandoning module AssetManagerEditor (268)
[2018.12.01-12.39.30:874][950]LogModuleManager: Shutting down and abandoning module LevelEditor (267)
[2018.12.01-12.39.30:902][950]LogModuleManager: Shutting down and abandoning module PixelInspectorModule (266)
[2018.12.01-12.39.30:938][950]LogModuleManager: Shutting down and abandoning module CommonMenuExtensions (264)
[2018.12.01-12.39.30:939][950]LogModuleManager: Shutting down and abandoning module MainFrame (262)
[2018.12.01-12.39.30:946][950]LogModuleManager: Shutting down and abandoning module HotReload (261)
[2018.12.01-12.39.30:980][950]LogModuleManager: Shutting down and abandoning module ContentBrowser (257)
[2018.12.01-12.39.30:981][950]LogModuleManager: Shutting down and abandoning module TreeMap (255)
[2018.12.01-12.39.30:991][950]LogModuleManager: Shutting down and abandoning module LightPropagationVolumeRuntime (252)
[2018.12.01-12.39.30:991][950]LogModuleManager: Shutting down and abandoning module AISupportModule (250)
[2018.12.01-12.39.30:991][950]LogModuleManager: Shutting down and abandoning module Paper2D (248)
[2018.12.01-12.39.31:004][950]LogModuleManager: Shutting down and abandoning module WindowsMoviePlayer (246)
[2018.12.01-12.39.31:019][950]LogModuleManager: Shutting down and abandoning module WmfMedia (244)
[2018.12.01-12.39.31:085][950]LogModuleManager: Shutting down and abandoning module Media (243)
[2018.12.01-12.39.31:090][950]LogModuleManager: Shutting down and abandoning module PacketHandler (240)
[2018.12.01-12.39.31:110][950]LogModuleManager: Shutting down and abandoning module ClothingSystemEditor (238)
[2018.12.01-12.39.31:110][950]LogModuleManager: Shutting down and abandoning module ClothingSystemRuntime (236)
[2018.12.01-12.39.31:140][950]LogModuleManager: Shutting down and abandoning module MediaAssets (234)
[2018.12.01-12.39.31:140][950]LogModuleManager: Shutting down and abandoning module Overlay (232)
[2018.12.01-12.39.31:140][950]LogModuleManager: Shutting down and abandoning module OverlayEditor (231)
[2018.12.01-12.39.31:140][950]LogModuleManager: Shutting down and abandoning module VREditor (228)
[2018.12.01-12.39.31:152][950]LogModuleManager: Shutting down and abandoning module StringTableEditor (226)
[2018.12.01-12.39.31:167][950]LogModuleManager: Shutting down and abandoning module GameplayTasksEditor (224)
[2018.12.01-12.39.31:167][950]LogModuleManager: Shutting down and abandoning module BehaviorTreeEditor (222)
[2018.12.01-12.39.31:191][950]LogModuleManager: Shutting down and abandoning module FunctionalTesting (220)
[2018.12.01-12.39.31:204][950]LogModuleManager: Shutting down and abandoning module CollisionAnalyzer (218)
[2018.12.01-12.39.31:220][950]LogModuleManager: Shutting down and abandoning module WorkspaceMenuStructure (217)
[2018.12.01-12.39.31:220][950]LogModuleManager: Shutting down and abandoning module UMG (214)
[2018.12.01-12.39.31:228][950]LogModuleManager: Shutting down and abandoning module UMGEditor (213)
[2018.12.01-12.39.31:252][950]LogModuleManager: Shutting down and abandoning module Sequencer (212)
[2018.12.01-12.39.31:289][950]LogModuleManager: Shutting down and abandoning module MessageLog (209)
[2018.12.01-12.39.31:292][950]LogModuleManager: Shutting down and abandoning module SlateReflector (204)
[2018.12.01-12.39.31:310][950]LogModuleManager: Shutting down and abandoning module Slate (202)
[2018.12.01-12.39.31:310][950]LogModuleManager: Shutting down and abandoning module EditorStyle (200)
[2018.12.01-12.39.31:384][950]LogModuleManager: Shutting down and abandoning module MRMesh (198)
[2018.12.01-12.39.31:396][950]LogModuleManager: Shutting down and abandoning module SourceCodeAccess (196)
[2018.12.01-12.39.31:396][950]LogModuleManager: Shutting down and abandoning module HeadMountedDisplay (194)
[2018.12.01-12.39.31:396][950]LogModuleManager: Shutting down and abandoning module XAudio2 (192)
[2018.12.01-12.39.31:396][950]LogModuleManager: Shutting down and abandoning module Networking (190)
[2018.12.01-12.39.31:396][950]LogModuleManager: Shutting down and abandoning module Core (188)
[2018.12.01-12.39.31:396][950]LogModuleManager: Shutting down and abandoning module LevelSequence (186)
[2018.12.01-12.39.31:396][950]LogModuleManager: Shutting down and abandoning module KismetCompiler (184)
[2018.12.01-12.39.31:396][950]LogModuleManager: Shutting down and abandoning module MeshUtilities (182)
[2018.12.01-12.39.31:419][950]LogModuleManager: Shutting down and abandoning module MeshMergeUtilities (181)
[2018.12.01-12.39.31:430][950]LogModuleManager: Shutting down and abandoning module MeshReductionInterface (180)
[2018.12.01-12.39.31:430][950]LogModuleManager: Shutting down and abandoning module SimplygonSwarm (179)
[2018.12.01-12.39.31:433][950]LogModuleManager: Shutting down and abandoning module ProxyLODMeshReduction (177)
[2018.12.01-12.39.31:452][950]LogModuleManager: Shutting down and abandoning module SimplygonMeshReduction (175)
[2018.12.01-12.39.31:452][950]LogModuleManager: Shutting down and abandoning module QuadricMeshReduction (173)
[2018.12.01-12.39.31:474][950]LogModuleManager: Shutting down and abandoning module MaterialBaking (169)
[2018.12.01-12.39.31:477][950]LogModuleManager: Shutting down and abandoning module DirectoryWatcher (165)
[2018.12.01-12.39.31:478][950]LogModuleManager: Shutting down and abandoning module DerivedDataCache (162)
[2018.12.01-12.39.31:569][950]LogDerivedDataCache: Shutdown
[2018.12.01-12.39.31:569][950]LogModuleManager: Shutting down and abandoning module XGEController (160)
[2018.12.01-12.39.31:580][950]LogModuleManager: Shutting down and abandoning module TargetPlatform (158)
[2018.12.01-12.39.31:580][950]LogModuleManager: Shutting down and abandoning module VulkanShaderFormat (157)
[2018.12.01-12.39.31:588][950]LogModuleManager: Shutting down and abandoning module ShaderFormatVectorVM (155)
[2018.12.01-12.39.31:602][950]LogModuleManager: Shutting down and abandoning module ShaderFormatOpenGL (153)
[2018.12.01-12.39.31:606][950]LogModuleManager: Shutting down and abandoning module ShaderFormatD3D (151)
[2018.12.01-12.39.31:606][950]LogModuleManager: Shutting down and abandoning module MetalShaderFormat (149)
[2018.12.01-12.39.31:621][950]LogModuleManager: Shutting down and abandoning module TextureFormatUncompressed (147)
[2018.12.01-12.39.31:621][950]LogModuleManager: Shutting down and abandoning module TextureFormatPVR (145)
[2018.12.01-12.39.31:621][950]LogModuleManager: Shutting down and abandoning module TextureFormatDXT (143)
[2018.12.01-12.39.31:621][950]LogModuleManager: Shutting down and abandoning module TextureFormatIntelISPCTexComp (141)
[2018.12.01-12.39.31:632][950]LogModuleManager: Shutting down and abandoning module TextureFormatASTC (139)
[2018.12.01-12.39.31:632][950]LogModuleManager: Shutting down and abandoning module ImageWrapper (138)
[2018.12.01-12.39.31:632][950]LogModuleManager: Shutting down and abandoning module TextureFormatAndroid (135)
[2018.12.01-12.39.31:632][950]LogModuleManager: Shutting down and abandoning module AudioFormatOpus (133)
[2018.12.01-12.39.31:632][950]LogModuleManager: Shutting down and abandoning module AudioFormatOgg (131)
[2018.12.01-12.39.31:632][950]LogModuleManager: Shutting down and abandoning module AudioFormatADPCM (129)
[2018.12.01-12.39.31:632][950]LogModuleManager: Shutting down and abandoning module LuminTargetPlatform (127)
[2018.12.01-12.39.31:632][950]LogModuleManager: Shutting down and abandoning module LinuxTargetPlatform (125)
[2018.12.01-12.39.31:632][950]LogModuleManager: Shutting down and abandoning module LinuxServerTargetPlatform (123)
[2018.12.01-12.39.31:632][950]LogModuleManager: Shutting down and abandoning module LinuxNoEditorTargetPlatform (121)
[2018.12.01-12.39.31:640][950]LogModuleManager: Shutting down and abandoning module LinuxClientTargetPlatform (119)
[2018.12.01-12.39.31:647][950]LogModuleManager: Shutting down and abandoning module TVOSTargetPlatform (117)
[2018.12.01-12.39.31:648][950]LogModuleManager: Shutting down and abandoning module Messaging (115)
[2018.12.01-12.39.31:649][950]LogModuleManager: Shutting down and abandoning module IOSTargetPlatform (113)
[2018.12.01-12.39.31:649][950]LogModuleManager: Shutting down and abandoning module HTML5TargetPlatform (111)
[2018.12.01-12.39.31:649][950]LogModuleManager: Shutting down and abandoning module AndroidTargetPlatform (109)
[2018.12.01-12.39.31:662][950]LogModuleManager: Shutting down and abandoning module WindowsTargetPlatform (107)
[2018.12.01-12.39.31:662][950]LogModuleManager: Shutting down and abandoning module WindowsServerTargetPlatform (105)
[2018.12.01-12.39.31:662][950]LogModuleManager: Shutting down and abandoning module WindowsNoEditorTargetPlatform (103)
[2018.12.01-12.39.31:662][950]LogModuleManager: Shutting down and abandoning module WindowsClientTargetPlatform (101)
[2018.12.01-12.39.31:662][950]LogModuleManager: Shutting down and abandoning module MacTargetPlatform (99)
[2018.12.01-12.39.31:662][950]LogModuleManager: Shutting down and abandoning module MacServerTargetPlatform (97)
[2018.12.01-12.39.31:662][950]LogModuleManager: Shutting down and abandoning module MacNoEditorTargetPlatform (95)
[2018.12.01-12.39.31:662][950]LogModuleManager: Shutting down and abandoning module MacClientTargetPlatform (93)
[2018.12.01-12.39.31:662][950]LogModuleManager: Shutting down and abandoning module AllDesktopTargetPlatform (91)
[2018.12.01-12.39.31:662][950]LogModuleManager: Shutting down and abandoning module InputCore (88)
[2018.12.01-12.39.31:662][950]LogModuleManager: Shutting down and abandoning module Settings (86)
[2018.12.01-12.39.31:662][950]LogModuleManager: Shutting down and abandoning module PhysXCooking (84)
[2018.12.01-12.39.31:662][950]LogModuleManager: Shutting down and abandoning module SteamVR (82)
[2018.12.01-12.39.31:662][950]LogModuleManager: Shutting down and abandoning module OculusHMD (80)
[2018.12.01-12.39.31:670][950]LogModuleManager: Shutting down and abandoning module ExampleDeviceProfileSelector (78)
[2018.12.01-12.39.31:670][950]LogModuleManager: Shutting down and abandoning module LauncherChunkInstaller (76)
[2018.12.01-12.39.31:671][950]LogModuleManager: Shutting down and abandoning module OnlineBlueprintSupport (74)
[2018.12.01-12.39.31:671][950]LogModuleManager: Shutting down and abandoning module OnlineSubsystem (70)
[2018.12.01-12.39.31:719][950]LogModuleManager: Shutting down and abandoning module XMPP (65)
[2018.12.01-12.39.31:750][950]LogModuleManager: Shutting down and abandoning module WebSockets (64)
[2018.12.01-12.39.31:841][950]LogModuleManager: Shutting down and abandoning module HTTP (61)
[2018.12.01-12.39.31:877][950]LogHttp: Display: Http module shutting down, but needs to wait on 1 outstanding Http requests:
[2018.12.01-12.39.31:877][950]LogHttp: Display: 	verb=[POST] url=[https://datarouter.ol.epicgames.com/datarouter/api/v1/public/data?SessionID=%7B137B0BA4-415E-74EE-41F9-4F8055EF7463%7D&AppID=UEEditor.Rocket.Release&AppVersion=4.20.3-4369336%2B%2B%2BUE4%2BRelease-4.20&UserID=eddf3665440838d54b2dfda97a837f15%7C3cfbc1ad4073496394961c59d41e9b7b%7C8bb48a66-7337-44bb-bedc-e605a5da00fd&AppEnvironment=datacollector-binary&UploadType=eteventstream] status=Processing
[2018.12.01-12.39.31:880][950]LogModuleManager: Shutting down and abandoning module SSL (60)
[2018.12.01-12.39.31:921][950]LogModuleManager: Shutting down and abandoning module MagicLeapEmulator (56)
[2018.12.01-12.39.31:922][950]LogModuleManager: Shutting down and abandoning module MagicLeapPrivileges (54)
[2018.12.01-12.39.31:922][950]LogModuleManager: Shutting down and abandoning module MagicLeapIdentity (52)
[2018.12.01-12.39.31:922][950]LogModuleManager: Shutting down and abandoning module MagicLeapHelperVulkan (50)
[2018.12.01-12.39.31:922][950]LogModuleManager: Shutting down and abandoning module MagicLeapHelperOpenGL (48)
[2018.12.01-12.39.31:922][950]LogModuleManager: Shutting down and abandoning module MagicLeapSecureStorage (46)
[2018.12.01-12.39.31:922][950]LogModuleManager: Shutting down and abandoning module MagicLeapGestures (44)
[2018.12.01-12.39.31:922][950]LogModuleManager: Shutting down and abandoning module MagicLeapEyeTracker (42)
[2018.12.01-12.39.31:922][950]LogModuleManager: Shutting down and abandoning module MagicLeapController (40)
[2018.12.01-12.39.31:931][950]LogSlate: Slate User Destroyed.  User Index 0, Is Virtual User: 0
[2018.12.01-12.39.31:931][950]LogModuleManager: Shutting down and abandoning module MagicLeap (38)
[2018.12.01-12.39.31:931][950]LogModuleManager: Shutting down and abandoning module AnimationModifiers (36)
[2018.12.01-12.39.31:952][950]LogModuleManager: Shutting down and abandoning module PropertyEditor (35)
[2018.12.01-12.39.31:966][950]LogModuleManager: Shutting down and abandoning module AudioEditor (32)
[2018.12.01-12.39.31:985][950]LogModuleManager: Shutting down and abandoning module TextureCompressor (30)
[2018.12.01-12.39.31:985][950]LogModuleManager: Shutting down and abandoning module ShaderCore (28)
[2018.12.01-12.39.31:985][950]LogModuleManager: Shutting down and abandoning module Landscape (26)
[2018.12.01-12.39.31:985][950]LogModuleManager: Shutting down and abandoning module SlateRHIRenderer (24)
[2018.12.01-12.39.32:004][950]LogModuleManager: Shutting down and abandoning module OpenGLDrv (22)
[2018.12.01-12.39.32:015][950]LogModuleManager: Shutting down and abandoning module D3D11RHI (20)
[2018.12.01-12.39.32:015][950]LogModuleManager: Shutting down and abandoning module AnimGraphRuntime (18)
[2018.12.01-12.39.32:022][950]LogModuleManager: Shutting down and abandoning module Renderer (16)
[2018.12.01-12.39.32:022][950]LogModuleManager: Shutting down and abandoning module Engine (14)
[2018.12.01-12.39.32:023][950]LogModuleManager: Shutting down and abandoning module CoreUObject (12)
[2018.12.01-12.39.32:030][950]LogModuleManager: Shutting down and abandoning module NetworkFile (10)
[2018.12.01-12.39.32:038][950]LogModuleManager: Shutting down and abandoning module CookedIterativeFile (8)
[2018.12.01-12.39.32:038][950]LogModuleManager: Shutting down and abandoning module StreamingFile (6)
[2018.12.01-12.39.32:047][950]LogModuleManager: Shutting down and abandoning module SandboxFile (4)
[2018.12.01-12.39.32:059][950]LogModuleManager: Shutting down and abandoning module PakFile (2)
[2018.12.01-12.39.32:144][950]LogExit: Exiting.
[2018.12.01-12.39.32:204][950]Log file closed, 12/01/18 14:39:32
