Log file open, 12/01/18 14:29:05
LogWindows: Failed to load 'aqProf.dll' (GetLastError=126)
LogWindows: File 'aqProf.dll' does not exist
LogWindows: Failed to load 'VSPerf140.dll' (GetLastError=126)
LogWindows: File 'VSPerf140.dll' does not exist
LogWindows: Failed to load 'VtuneApi.dll' (GetLastError=126)
LogWindows: File 'VtuneApi.dll' does not exist
LogWindows: Failed to load 'VtuneApi32e.dll' (GetLastError=126)
LogWindows: File 'VtuneApi32e.dll' does not exist
LogInit: Display: Running engine for game: LD43
LogPlatformFile: Not using cached read wrapper
LogTaskGraph: Started task graph with 5 named threads and 14 total threads with 3 sets of task threads.
LogStats: Stats thread started at 0.170268
LogD3D11RHI: Loaded GFSDK_Aftermath_Lib.x64.dll
LogICUInternationalization: Display: ICU TimeZone Detection - Raw Offset: +2:00, Platform Override: ''
LogPluginManager: Mounting plugin Paper2D
LogPluginManager: Mounting plugin AISupport
LogPluginManager: Mounting plugin LightPropagationVolume
LogPluginManager: Mounting plugin CLionSourceCodeAccess
LogPluginManager: Mounting plugin CodeLiteSourceCodeAccess
LogPluginManager: Mounting plugin GitSourceControl
LogPluginManager: Mounting plugin KDevelopSourceCodeAccess
LogPluginManager: Mounting plugin NullSourceCodeAccess
LogPluginManager: Mounting plugin PerforceSourceControl
LogPluginManager: Mounting plugin SubversionSourceControl
LogPluginManager: Mounting plugin UObjectPlugin
LogPluginManager: Mounting plugin VisualStudioCodeSourceCodeAccess
LogPluginManager: Mounting plugin VisualStudioSourceCodeAccess
LogPluginManager: Mounting plugin XCodeSourceCodeAccess
LogPluginManager: Mounting plugin AssetManagerEditor
LogPluginManager: Mounting plugin CryptoKeys
LogPluginManager: Mounting plugin DataValidation
LogPluginManager: Mounting plugin FacialAnimation
LogPluginManager: Mounting plugin GameplayTagsEditor
LogPluginManager: Mounting plugin MacGraphicsSwitching
LogPluginManager: Mounting plugin MeshEditor
LogPluginManager: Mounting plugin MobileLauncherProfileWizard
LogPluginManager: Mounting plugin PluginBrowser
LogPluginManager: Mounting plugin SpeedTreeImporter
LogPluginManager: Mounting plugin DatasmithContent
LogPluginManager: Mounting plugin AlembicImporter
LogPluginManager: Mounting plugin AppleImageUtils
LogPluginManager: Mounting plugin AppleVision
LogPluginManager: Mounting plugin BackChannel
LogPluginManager: Mounting plugin CharacterAI
LogPluginManager: Mounting plugin GeometryCache
LogPluginManager: Mounting plugin HTML5Networking
LogPluginManager: Mounting plugin ProxyLODPlugin
LogPluginManager: Mounting plugin MagicLeap
LogPluginManager: Mounting plugin MagicLeapEmulator
LogPluginManager: Mounting plugin MagicLeapMedia
LogPluginManager: Mounting plugin AndroidMedia
LogPluginManager: Mounting plugin AvfMedia
LogPluginManager: Mounting plugin ImgMedia
LogPluginManager: Mounting plugin LinearTimecode
LogPluginManager: Mounting plugin MediaCompositing
LogPluginManager: Mounting plugin MediaPlayerEditor
LogPluginManager: Mounting plugin WmfMedia
LogPluginManager: Mounting plugin TcpMessaging
LogPluginManager: Mounting plugin UdpMessaging
LogPluginManager: Mounting plugin ActorSequence
LogPluginManager: Mounting plugin LevelSequenceEditor
LogPluginManager: Mounting plugin MatineeToLevelSequence
LogPluginManager: Mounting plugin NetcodeUnitTest
LogPluginManager: Mounting plugin NUTUnrealEngine4
LogPluginManager: Mounting plugin OnlineSubsystemGooglePlay
LogPluginManager: Mounting plugin OnlineSubsystemIOS
LogPluginManager: Mounting plugin OnlineSubsystem
LogPluginManager: Mounting plugin OnlineSubsystemNull
LogPluginManager: Mounting plugin OnlineSubsystemUtils
LogPluginManager: Mounting plugin LauncherChunkInstaller
LogPluginManager: Mounting plugin AndroidDeviceProfileSelector
LogPluginManager: Mounting plugin AndroidMoviePlayer
LogPluginManager: Mounting plugin AndroidPermission
LogPluginManager: Mounting plugin AppleMoviePlayer
LogPluginManager: Mounting plugin ArchVisCharacter
LogPluginManager: Mounting plugin AudioCapture
LogPluginManager: Mounting plugin CableComponent
LogPluginManager: Mounting plugin CustomMeshComponent
LogPluginManager: Mounting plugin EditableMesh
LogPluginManager: Mounting plugin ExampleDeviceProfileSelector
LogPluginManager: Mounting plugin GoogleCloudMessaging
LogPluginManager: Mounting plugin ImmediatePhysics
LogPluginManager: Mounting plugin IOSDeviceProfileSelector
LogPluginManager: Mounting plugin LinuxDeviceProfileSelector
LogPluginManager: Mounting plugin LocationServicesBPLibrary
LogPluginManager: Mounting plugin MobilePatchingUtils
LogPluginManager: Mounting plugin OculusVR
LogPluginManager: Plugin shader directory ../../../Engine/Plugins/Runtime/Oculus/OculusVR/Shaders found
LogPluginManager: Mapping shader source directory ../../../Engine/Plugins/Runtime/Oculus/OculusVR/Shaders to virtual directory /Plugin/OculusVR
LogPluginManager: Mounting plugin PhysXVehicles
LogPluginManager: Mounting plugin ProceduralMeshComponent
LogPluginManager: Mounting plugin RuntimePhysXCooking
LogPluginManager: Mounting plugin SteamVR
LogPluginManager: Mounting plugin WindowsMoviePlayer
LogStreaming: Display: Took  0.084s to configure plugins.
LogInit: Using libcurl 7.55.1-DEV
LogInit:  - built for x86_64-pc-win32
LogInit:  - supports SSL with OpenSSL/1.0.2h
LogInit:  - supports HTTP deflate (compression) using libz 1.2.8
LogInit:  - other features:
LogInit:      CURL_VERSION_SSL
LogInit:      CURL_VERSION_LIBZ
LogInit:      CURL_VERSION_IPV6
LogInit:      CURL_VERSION_ASYNCHDNS
LogInit:      CURL_VERSION_LARGEFILE
LogInit:      CURL_VERSION_IDN
LogInit:  CurlRequestOptions (configurable via config and command line):
LogInit:  - bVerifyPeer = false  - Libcurl will NOT verify peer certificate
LogInit:  - bUseHttpProxy = false  - Libcurl will NOT use HTTP proxy
LogInit:  - bDontReuseConnections = false  - Libcurl will reuse connections
LogInit:  - CertBundlePath = nullptr  - Libcurl will use whatever was configured at build time.
LogInit:  - MaxHostConnections = 16  - Libcurl will limit the number of connections to a host
LogInit:  - LocalHostAddr = Default
LogInit:  - BufferSize = 65536
LogInit: WinSock: version 1.1 (2.2), MaxSocks=32767, MaxUdp=65467
LogInit: Build: ++UE4+Release-4.20-CL-4369336
LogInit: Engine Version: 4.20.3-4369336+++UE4+Release-4.20
LogInit: Compatible Engine Version: 4.20.0-4212847+++UE4+Release-4.20
LogInit: Net CL: 4212847
LogInit: OS: Windows 7 (Service Pack 1), CPU: Intel(R) Core(TM) i5-4440 CPU @ 3.10GHz, GPU: Radeon (TM) RX 480 Graphics
LogInit: Compiled (64-bit): Sep 17 2018 12:26:19
LogInit: Compiled with Visual C++: 19.13.26129.00
LogInit: Build Configuration: Development
LogInit: Branch Name: ++UE4+Release-4.20
LogInit: Command Line:  
LogInit: Base Directory: E:/Epic Games/UE_4.20/Engine/Binaries/Win64/
LogInit: Installed Engine Build: 1
LogDevObjectVersion: Number of dev versions registered: 20
LogDevObjectVersion:   Dev-Blueprints (B0D832E4-1F89-4F0D-ACCF-7EB736FD4AA2): 10
LogDevObjectVersion:   Dev-Build (E1C64328-A22C-4D53-A36C-8E866417BD8C): 0
LogDevObjectVersion:   Dev-Core (375EC13C-06E4-48FB-B500-84F0262A717E): 2
LogDevObjectVersion:   Dev-Editor (E4B068ED-F494-42E9-A231-DA0B2E46BB41): 24
LogDevObjectVersion:   Dev-Framework (CFFC743F-43B0-4480-9391-14DF171D2073): 34
LogDevObjectVersion:   Dev-Mobile (B02B49B5-BB20-44E9-A304-32B752E40360): 2
LogDevObjectVersion:   Dev-Networking (A4E4105C-59A1-49B5-A7C5-40C4547EDFEE): 0
LogDevObjectVersion:   Dev-Online (39C831C9-5AE6-47DC-9A44-9C173E1C8E7C): 0
LogDevObjectVersion:   Dev-Physics (78F01B33-EBEA-4F98-B9B4-84EACCB95AA2): 0
LogDevObjectVersion:   Dev-Platform (6631380F-2D4D-43E0-8009-CF276956A95A): 0
LogDevObjectVersion:   Dev-Rendering (12F88B9F-8875-4AFC-A67C-D90C383ABD29): 26
LogDevObjectVersion:   Dev-Sequencer (7B5AE74C-D270-4C10-A958-57980B212A5A): 9
LogDevObjectVersion:   Dev-VR (D7296918-1DD6-4BDD-9DE2-64A83CC13884): 2
LogDevObjectVersion:   Dev-LoadTimes (C2A15278-BFE7-4AFE-6C17-90FF531DF755): 1
LogDevObjectVersion:   Private-Geometry (6EACA3D4-40EC-4CC1-B786-8BED09428FC5): 3
LogDevObjectVersion:   Dev-AnimPhys (29E575DD-E0A3-4627-9D10-D276232CDCEA): 17
LogDevObjectVersion:   Dev-ReflectionCapture (6B266CEC-1EC7-4B8F-A30B-E4D90942FC07): 1
LogDevObjectVersion:   Dev-Automation (0DF73D61-A23F-47EA-B727-89E90C41499A): 1
LogDevObjectVersion:   FortniteMain (601D1886-AC64-4F84-AA16-D3DE0DEAC7D6): 12
LogDevObjectVersion:   Dev-Enterprise (9DFFBCD6-494F-0158-E221-12823C92A888): 1
LogStreaming: Display: Took  0.000s to delete old logs.
LogInit: Presizing for max 8388607 objects, including 0 objects not considered by GC, pre-allocating 0 bytes for permanent pool.
LogInit: Object subsystem initialized
[2018.12.01-12.29.05:774][  0]LogInit: Selected Device Profile: [Windows]
[2018.12.01-12.29.05:774][  0]LogInit: Applying CVar settings loaded from the selected device profile: [Windows]
[2018.12.01-12.29.05:782][  0]LogHAL: Display: Platform has ~ 8 GB [8516788224 / 8589934592 / 8], which maps to Default [LargestMinGB=32, LargerMinGB=12, DefaultMinGB=8, SmallerMinGB=6, SmallestMinGB=0)
[2018.12.01-12.29.05:782][  0]LogInit: Setting Device Profile CVar: [[r.Vulkan.UseRealUBs:1]]
[2018.12.01-12.29.05:782][  0]LogInit: Going up to parent DeviceProfile []
[2018.12.01-12.29.05:782][  0]LogInit: Computer: G-MAN
[2018.12.01-12.29.05:782][  0]LogInit: User: marius
[2018.12.01-12.29.05:782][  0]LogInit: CPU Page size=4096, Cores=4
[2018.12.01-12.29.05:782][  0]LogInit: High frequency timer resolution =3.026523 MHz
[2018.12.01-12.29.05:783][  0]LogMemory: Memory total: Physical=7.9GB (8GB approx)
[2018.12.01-12.29.05:783][  0]LogMemory: Platform Memory Stats for Windows
[2018.12.01-12.29.05:783][  0]LogMemory: Process Physical Memory: 100.08 MB used, 100.08 MB peak
[2018.12.01-12.29.05:783][  0]LogMemory: Process Virtual Memory: 85.13 MB used, 85.13 MB peak
[2018.12.01-12.29.05:783][  0]LogMemory: Physical Memory: 6961.35 MB used,  1160.89 MB free, 8122.24 MB total
[2018.12.01-12.29.05:783][  0]LogMemory: Virtual Memory: 474.21 MB used,  1160.89 MB free, 8388608.00 MB total
[2018.12.01-12.29.05:804][  0]LogInit: Using OS detected language (en-US).
[2018.12.01-12.29.05:804][  0]LogInit: Using OS detected locale (en-US).
[2018.12.01-12.29.05:805][  0]LogTextLocalizationManager: No specific localization for 'en-US' exists, so the 'en' localization will be used.
[2018.12.01-12.29.06:220][  0]LogStreaming: Display: Took  0.417s to InitEngineTextLocalization.
[2018.12.01-12.29.06:221][  0]LogWindows: Failed to load 'shcore.dll' (GetLastError=126)
[2018.12.01-12.29.06:221][  0]LogWindows: File 'shcore.dll' does not exist
[2018.12.01-12.29.06:221][  0]LogInit: Setting process to DPI aware
[2018.12.01-12.29.06:240][  0]LogSlate: New Slate User Created.  User Index 0, Is Virtual User: 0
[2018.12.01-12.29.06:240][  0]LogSlate: Slate User Registered.  User Index 0, Is Virtual User: 0
[2018.12.01-12.29.06:564][  0]LogHMD: Failed to initialize OpenVR with code 100
[2018.12.01-12.29.06:564][  0]LogD3D11RHI: D3D11 adapters:
[2018.12.01-12.29.06:593][  0]LogD3D11RHI:    0. 'Radeon (TM) RX 480 Graphics' (Feature Level 11_0)
[2018.12.01-12.29.06:593][  0]LogD3D11RHI:       8134/0/3805 MB DedicatedVideo/DedicatedSystem/SharedSystem, Outputs:1, VendorId:0x1002
[2018.12.01-12.29.06:593][  0]LogD3D11RHI: Chosen D3D11 Adapter: 0
[2018.12.01-12.29.06:598][  0]LogD3D11RHI: Creating new Direct3DDevice
[2018.12.01-12.29.06:598][  0]LogD3D11RHI:     GPU DeviceId: 0x67df (for the marketing name, search the web for "GPU Device Id")
[2018.12.01-12.29.06:598][  0]LogWindows: EnumDisplayDevices:
[2018.12.01-12.29.06:599][  0]LogWindows:    0. 'Radeon (TM) RX 480 Graphics' (P:1 D:1)
[2018.12.01-12.29.06:599][  0]LogWindows:    1. 'Radeon (TM) RX 480 Graphics' (P:0 D:0)
[2018.12.01-12.29.06:599][  0]LogWindows:    2. 'Radeon (TM) RX 480 Graphics' (P:0 D:0)
[2018.12.01-12.29.06:600][  0]LogWindows:    3. 'Radeon (TM) RX 480 Graphics' (P:0 D:0)
[2018.12.01-12.29.06:600][  0]LogWindows:    4. 'Radeon (TM) RX 480 Graphics' (P:0 D:0)
[2018.12.01-12.29.06:600][  0]LogWindows:    5. 'Radeon (TM) RX 480 Graphics' (P:0 D:0)
[2018.12.01-12.29.06:601][  0]LogWindows:    6. 'RDPDD Chained DD' (P:0 D:0)
[2018.12.01-12.29.06:601][  0]LogWindows:    7. 'RDP Encoder Mirror Driver' (P:0 D:0)
[2018.12.01-12.29.06:601][  0]LogWindows:    8. 'RDP Reflector Display Driver' (P:0 D:0)
[2018.12.01-12.29.06:601][  0]LogWindows:    9. 'LogMeIn Mirror Driver' (P:0 D:0)
[2018.12.01-12.29.06:601][  0]LogWindows: DebugString: GetVideoDriverDetailsInvalid PrimaryIsNotTheChoosenAdapter GetVideoDriverDetailsInvalid PrimaryIsNotTheChoosenAdapter GetVideoDriverDetailsInvalid PrimaryIsNotTheChoosenAdapter GetVideoDriverDetailsInvalid PrimaryIsNotTheChoosenAdapter FoundDriverCount:6 
[2018.12.01-12.29.06:601][  0]LogD3D11RHI:     Adapter Name: Radeon (TM) RX 480 Graphics
[2018.12.01-12.29.06:601][  0]LogD3D11RHI:   Driver Version: Adrenalin 18.11.1 (internal:25.20.14011.1003, unified:25.20.14011.1003)
[2018.12.01-12.29.06:601][  0]LogD3D11RHI:      Driver Date: 11-7-2018
[2018.12.01-12.29.06:601][  0]LogRHI: Texture pool is 5693 MB (70% of 8134 MB)
[2018.12.01-12.29.06:638][  0]LogD3D11RHI: Async texture creation enabled
[2018.12.01-12.29.06:648][  0]LogD3D11RHI: GPU Timing Frequency: 25.000000 (Debug: 2 1)
[2018.12.01-12.29.06:648][  0]LogShaderCompilers: Guid format shader working directory is 27 characters bigger than the processId version (D:/UE4 Projects/LD43/Intermediate/Shaders/WorkingDirectory/2668/).
[2018.12.01-12.29.06:649][  0]LogShaderCompilers: Cleaned the shader compiler working directory 'C:/Users/marius/AppData/Local/Temp/UnrealShaderWorkingDir/84A91CEE4C8C0461CDC22F8065A2D200/'.
[2018.12.01-12.29.07:080][  0]LogTemp: Display: Loaded TP AllDesktopTargetPlatform
[2018.12.01-12.29.07:094][  0]LogTemp: Display: Loaded TP MacClientTargetPlatform
[2018.12.01-12.29.07:109][  0]LogTemp: Display: Loaded TP MacNoEditorTargetPlatform
[2018.12.01-12.29.07:123][  0]LogTemp: Display: Loaded TP MacServerTargetPlatform
[2018.12.01-12.29.07:138][  0]LogTemp: Display: Loaded TP MacTargetPlatform
[2018.12.01-12.29.07:153][  0]LogTemp: Display: Loaded TP WindowsClientTargetPlatform
[2018.12.01-12.29.07:168][  0]LogTemp: Display: Loaded TP WindowsNoEditorTargetPlatform
[2018.12.01-12.29.07:183][  0]LogTemp: Display: Loaded TP WindowsServerTargetPlatform
[2018.12.01-12.29.07:190][  0]LogTemp: Display: Loaded TP WindowsTargetPlatform
[2018.12.01-12.29.07:275][  0]LogTemp: Display: Loaded TP AndroidTargetPlatform
[2018.12.01-12.29.07:275][  0]LogTemp: Display: Loaded TP AndroidTargetPlatform
[2018.12.01-12.29.07:275][  0]LogTemp: Display: Loaded TP AndroidTargetPlatform
[2018.12.01-12.29.07:275][  0]LogTemp: Display: Loaded TP AndroidTargetPlatform
[2018.12.01-12.29.07:275][  0]LogTemp: Display: Loaded TP AndroidTargetPlatform
[2018.12.01-12.29.07:275][  0]LogTemp: Display: Loaded TP AndroidTargetPlatform
[2018.12.01-12.29.07:275][  0]LogTemp: Display: Loaded TP AndroidTargetPlatform
[2018.12.01-12.29.07:275][  0]LogTemp: Display: Loaded TP AndroidTargetPlatform
[2018.12.01-12.29.07:275][  0]LogTemp: Display: Loaded TP AndroidTargetPlatform
[2018.12.01-12.29.07:275][  0]LogTemp: Display: Loaded TP AndroidTargetPlatform
[2018.12.01-12.29.07:275][  0]LogTemp: Display: Loaded TP AndroidTargetPlatform
[2018.12.01-12.29.07:275][  0]LogTemp: Display: Loaded TP AndroidTargetPlatform
[2018.12.01-12.29.07:275][  0]LogTemp: Display: Loaded TP AndroidTargetPlatform
[2018.12.01-12.29.07:275][  0]LogTemp: Display: Loaded TP AndroidTargetPlatform
[2018.12.01-12.29.07:275][  0]LogTemp: Display: Loaded TP AndroidTargetPlatform
[2018.12.01-12.29.07:275][  0]LogTemp: Display: Loaded TP AndroidTargetPlatform
[2018.12.01-12.29.07:275][  0]LogTemp: Display: Loaded TP AndroidTargetPlatform
[2018.12.01-12.29.07:275][  0]LogTemp: Display: Loaded TP AndroidTargetPlatform
[2018.12.01-12.29.07:276][  0]LogTemp: Display: Loaded TP HTML5TargetPlatform
[2018.12.01-12.29.07:336][  0]LogTemp: Display: Loaded TP IOSTargetPlatform
[2018.12.01-12.29.07:336][  0]LogTemp: Display: Loaded TP IOSTargetPlatform
[2018.12.01-12.29.07:361][  0]LogTemp: Display: Loaded TP TVOSTargetPlatform
[2018.12.01-12.29.07:361][  0]LogTemp: Display: Loaded TP TVOSTargetPlatform
[2018.12.01-12.29.07:374][  0]LogTemp: Display: Loaded TP LinuxClientTargetPlatform
[2018.12.01-12.29.07:388][  0]LogTemp: Display: Loaded TP LinuxNoEditorTargetPlatform
[2018.12.01-12.29.07:402][  0]LogTemp: Display: Loaded TP LinuxServerTargetPlatform
[2018.12.01-12.29.07:417][  0]LogTemp: Display: Loaded TP LinuxTargetPlatform
[2018.12.01-12.29.07:427][  0]LogTemp: Display: Loaded TP LuminTargetPlatform
[2018.12.01-12.29.07:427][  0]LogTargetPlatformManager: Display: Building Assets For Windows
[2018.12.01-12.29.07:486][  0]LogXGEController: Cannot use XGE Controller as Incredibuild is not installed on this machine.
[2018.12.01-12.29.07:486][  0]LogShaderCompilers: Cannot use XGE Shader Compiler as Incredibuild is not installed on this machine.
[2018.12.01-12.29.07:486][  0]LogShaderCompilers: Display: Using Local Shader Compiler.
[2018.12.01-12.29.08:368][  0]LogDerivedDataCache: Display: Max Cache Size: 512 MB
[2018.12.01-12.29.08:454][  0]LogDerivedDataCache: Loaded boot cache 0.09s 71MB C:/Users/marius/AppData/Local/UnrealEngine/4.20/DerivedDataCache/Boot.ddc.
[2018.12.01-12.29.08:454][  0]LogDerivedDataCache: Display: Loaded Boot cache: C:/Users/marius/AppData/Local/UnrealEngine/4.20/DerivedDataCache/Boot.ddc
[2018.12.01-12.29.08:454][  0]LogDerivedDataCache: FDerivedDataBackendGraph:  Pak pak cache file D:/UE4 Projects/LD43/DerivedDataCache/DDC.ddp not found, will not use a pak cache.
[2018.12.01-12.29.08:454][  0]LogDerivedDataCache: Unable to find inner node Pak for hierarchical cache Hierarchy.
[2018.12.01-12.29.08:454][  0]LogDerivedDataCache: FDerivedDataBackendGraph:  CompressedPak pak cache file D:/UE4 Projects/LD43/DerivedDataCache/Compressed.ddp not found, will not use a pak cache.
[2018.12.01-12.29.08:454][  0]LogDerivedDataCache: Unable to find inner node CompressedPak for hierarchical cache Hierarchy.
[2018.12.01-12.29.08:469][  0]LogDerivedDataCache: Display: Pak cache opened for reading ../../../Engine/DerivedDataCache/Compressed.ddp.
[2018.12.01-12.29.08:480][  0]LogDerivedDataCache: Using Local data cache path C:/Users/marius/AppData/Local/UnrealEngine/Common/DerivedDataCache: Writable
[2018.12.01-12.29.08:480][  0]LogDerivedDataCache: Shared data cache path not found in *engine.ini, will not use an Shared cache.
[2018.12.01-12.29.08:480][  0]LogDerivedDataCache: Unable to find inner node Shared for hierarchical cache Hierarchy.
[2018.12.01-12.29.08:501][  0]LogMaterial: Verifying Global Shaders for PCD3D_SM5
[2018.12.01-12.29.08:502][  0]LogSlate: Using FreeType 2.6.0
[2018.12.01-12.29.08:503][  0]LogSlate: SlateFontServices - WITH_FREETYPE: 1, WITH_HARFBUZZ: 1
[2018.12.01-12.29.08:597][  0]LogAssetRegistry: FAssetRegistry took 0.0245 seconds to start up
[2018.12.01-12.29.08:927][  0]LogInit: Selected Device Profile: [Windows]
[2018.12.01-12.29.09:071][  0]LogSimplygon: Simplygon DLL not present - disabling.
[2018.12.01-12.29.09:074][  0]LogMeshReduction: Using SimplygonSwarm for distributed automatic mesh merging
[2018.12.01-12.29.09:074][  0]LogMeshReduction: Using ProxyLODMeshReduction for automatic mesh merging
[2018.12.01-12.29.09:074][  0]LogMeshReduction: Using QuadricMeshReduction for automatic static mesh reduction
[2018.12.01-12.29.09:074][  0]LogMeshReduction: No automatic skeletal mesh reduction module available
[2018.12.01-12.29.09:089][  0]LogNetVersion: LD43 1.0.0, NetCL: 4212847, EngineNetVer: 5, GameNetVer: 0 (Checksum: 1708076833)
[2018.12.01-12.29.09:622][  0]LogPackageLocalizationCache: Processed 11 localized package path(s) for 2 prioritized culture(s) in 0.070911 seconds
[2018.12.01-12.29.09:629][  0]LogUObjectArray: 38425 objects as part of root set at end of initial load.
[2018.12.01-12.29.09:629][  0]LogUObjectAllocator: 6690864 out of 0 bytes used by permanent object pool.
[2018.12.01-12.29.09:629][  0]LogUObjectArray: CloseDisregardForGC: 0/0 objects in disregard for GC pool
[2018.12.01-12.29.10:696][  0]LogTcpMessaging: Initializing TcpMessaging bridge
[2018.12.01-12.29.10:708][  0]LogUdpMessaging: Initializing bridge on interface 0.0.0.0:0 to multicast group 230.0.0.1:6666.
[2018.12.01-12.29.10:857][  0]SourceControl: Source control is disabled
[2018.12.01-12.29.10:857][  0]SourceControl: Source control is disabled
[2018.12.01-12.29.10:858][  0]SourceControl: Source control is disabled
[2018.12.01-12.29.10:858][  0]SourceControl: Source control is disabled
[2018.12.01-12.29.11:044][  0]LogAndroidPermission: UAndroidPermissionCallbackProxy::GetInstance
[2018.12.01-12.29.11:123][  0]LogOcInput: OculusInput pre-init called
[2018.12.01-12.29.11:189][  0]LogEngine: Initializing Engine...
[2018.12.01-12.29.11:190][  0]LogHMD: Failed to initialize OpenVR with code 100
[2018.12.01-12.29.11:191][  0]LogStats: UGameplayTagsManager::ConstructGameplayTagTree: ImportINI prefixes -  0.000 s
[2018.12.01-12.29.11:191][  0]LogStats: UGameplayTagsManager::ConstructGameplayTagTree: Construct from data asset -  0.000 s
[2018.12.01-12.29.11:191][  0]LogStats: UGameplayTagsManager::ConstructGameplayTagTree: ImportINI -  0.000 s
[2018.12.01-12.29.11:191][  0]LogStats: UGameplayTagsManager::ConstructGameplayTagTree: GameplayTagTreeChangedEvent.Broadcast -  0.000 s
[2018.12.01-12.29.11:472][  0]LogInit: Initializing FReadOnlyCVARCache
[2018.12.01-12.29.11:485][  0]LogAIModule: Creating AISystem for world Untitled
[2018.12.01-12.29.11:500][  0]LogInit: XAudio2 using 'Speakers (Logitech G430 Gaming Headset)' : 6 channels at 48 kHz using 16 bits per sample (channel mask 0x3f)
[2018.12.01-12.29.11:520][  0]LogInit: FAudioDevice initialized.
[2018.12.01-12.29.11:520][  0]LogNetVersion: Set ProjectVersion to 1.0.0.0. Version Checksum will be recalculated on next use.
[2018.12.01-12.29.11:656][  0]LogDerivedDataCache: Saved boot cache 0.14s 71MB C:/Users/marius/AppData/Local/UnrealEngine/4.20/DerivedDataCache/Boot.ddc.
[2018.12.01-12.29.11:662][  0]LogInit: Texture streaming: Enabled
[2018.12.01-12.29.11:681][  0]LogEngineSessionManager: EngineSessionManager initialized
[2018.12.01-12.29.11:691][  0]LogInit: Transaction tracking system initialized
[2018.12.01-12.29.11:713][  0]BlueprintLog: New page: Editor Load
[2018.12.01-12.29.11:790][  0]LocalizationService: Localization service is disabled
[2018.12.01-12.29.11:847][  0]LogLinker: Warning: Can't find file '/Game/2DSideScrollerBP/2DSideScrollerOverview'
[2018.12.01-12.29.11:847][  0]LogLinker: Warning: Can't find file '/Game/2DSideScrollerBP/2DSideScrollerOverview'
[2018.12.01-12.29.11:847][  0]LogUObjectGlobals: Warning: Failed to find object 'Class /Game/2DSideScrollerBP/2DSideScrollerOverview.2DSideScrollerOverview_C'
[2018.12.01-12.29.12:099][  0]LogCook: Display: Max memory allowance for cook 16384mb min free memory 0mb
[2018.12.01-12.29.12:099][  0]LogCook: Display: Mobile HDR setting 1
[2018.12.01-12.29.12:099][  0]LogGameplayTags: Display: UGameplayTagsManager::DoneAddingNativeTags. DelegateIsBound: 0
[2018.12.01-12.29.12:099][  0]LogStats: UGameplayTagsManager::ConstructGameplayTagTree: ImportINI prefixes -  0.000 s
[2018.12.01-12.29.12:099][  0]LogStats: UGameplayTagsManager::ConstructGameplayTagTree: Construct from data asset -  0.000 s
[2018.12.01-12.29.12:099][  0]LogStats: UGameplayTagsManager::ConstructGameplayTagTree: ImportINI -  0.000 s
[2018.12.01-12.29.12:099][  0]LogStats: UGameplayTagsManager::ConstructGameplayTagTree: GameplayTagTreeChangedEvent.Broadcast -  0.000 s
[2018.12.01-12.29.12:219][  0]LogFileCache: Scanning file cache for directory 'D:/UE4 Projects/LD43/Content/' took 0.01s
[2018.12.01-12.29.12:219][  0]SourceControl: Source control is disabled
[2018.12.01-12.29.12:219][  0]Cmd: MAP LOAD FILE="D:/UE4 Projects/LD43/Content/TopDownBP/Maps/TopDownExampleMap.umap" TEMPLATE=0 SHOWPROGRESS=1 FEATURELEVEL=3
[2018.12.01-12.29.12:220][  0]LightingResults: New page: Lighting Build
[2018.12.01-12.29.12:223][  0]MapCheck: New page: Map Check
[2018.12.01-12.29.12:223][  0]LightingResults: New page: Lighting Build
[2018.12.01-12.29.12:868][  0]LogAIModule: Creating AISystem for world TopDownExampleMap
[2018.12.01-12.29.12:880][  0]LogEditorServer: Finished looking for orphan Actors (0.000 secs)
[2018.12.01-12.29.12:907][  0]Cmd: MAP CHECKDEP NOCLEARLOG
[2018.12.01-12.29.12:968][  0]MapCheck: Map check complete: 0 Error(s), 0 Warning(s), took 61.083ms to complete.
[2018.12.01-12.29.12:968][  0]LogFileHelpers: Loading map 'TopDownExampleMap' took 0.749
[2018.12.01-12.29.13:071][  0]LogSlate: Updating window title bar state: overlay mode, drag disabled, window buttons hidden, title bar hidden
[2018.12.01-12.29.13:079][  0]LogSlate: Updating window title bar state: overlay mode, drag disabled, window buttons hidden, title bar hidden
[2018.12.01-12.29.13:086][  0]LogSlate: Updating window title bar state: overlay mode, drag disabled, window buttons hidden, title bar hidden
[2018.12.01-12.29.13:093][  0]LogSlate: Updating window title bar state: overlay mode, drag disabled, window buttons hidden, title bar hidden
[2018.12.01-12.29.13:099][  0]LogCollectionManager: Loaded 0 collections in 0.001725 seconds
[2018.12.01-12.29.13:137][  0]LogFileCache: Scanning file cache for directory 'D:/UE4 Projects/LD43/Saved/Collections/' took 0.01s
[2018.12.01-12.29.13:137][  0]LogFileCache: Scanning file cache for directory 'D:/UE4 Projects/LD43/Content/Developers/marius/Collections/' took 0.01s
[2018.12.01-12.29.13:137][  0]LogFileCache: Scanning file cache for directory 'D:/UE4 Projects/LD43/Content/Collections/' took 0.01s
[2018.12.01-12.29.13:137][  0]LogCollectionManager: Rebuilt the GUID cache for 0 collections in 0.000000 seconds
[2018.12.01-12.29.13:147][  0]LogContentBrowser: Native class hierarchy populated in 0.0099 seconds. Added 2572 classes and 603 folders.
[2018.12.01-12.29.13:154][  0]LogContentBrowser: Native class hierarchy updated for 'WidgetCarousel' in 0.0003 seconds. Added 0 classes and 0 folders.
[2018.12.01-12.29.13:220][  0]LogContentBrowser: Native class hierarchy updated for 'AddContentDialog' in 0.0003 seconds. Added 0 classes and 0 folders.
[2018.12.01-12.29.13:225][  0]LogContentBrowser: Native class hierarchy updated for 'SceneOutliner' in 0.0003 seconds. Added 1 classes and 2 folders.
[2018.12.01-12.29.13:297][  0]LogSlate: Took 0.000237 seconds to synchronously load lazily loaded font '../../../Engine/Content/Slate/Fonts/Roboto-Regular.ttf' (155K)
[2018.12.01-12.29.13:299][  0]LogSlate: Took 0.000202 seconds to synchronously load lazily loaded font '../../../Engine/Content/Slate/Fonts/Roboto-Bold.ttf' (160K)
[2018.12.01-12.29.13:305][  0]LogSlate: Took 0.000272 seconds to synchronously load lazily loaded font '../../../Engine/Content/Editor/Slate/Fonts/FontAwesome.ttf' (139K)
[2018.12.01-12.29.13:388][  0]LogRenderer: Reallocating scene render targets to support 1208x576 Format 10 NumSamples 1 (Frame:1).
[2018.12.01-12.29.13:533][  0]LogContentBrowser: Native class hierarchy updated for 'HierarchicalLODOutliner' in 0.0003 seconds. Added 0 classes and 0 folders.
[2018.12.01-12.29.13:533][  0]LogLoad: (Engine Initialization) Total time: 10.74 seconds
[2018.12.01-12.29.13:533][  0]LogLoad: (Engine Initialization) Total Blueprint compile time: 0.00 seconds
[2018.12.01-12.29.13:566][  0]LogContentStreaming: Texture pool size now 1000 MB
[2018.12.01-12.29.13:583][  0]LogSlate: Took 0.000233 seconds to synchronously load lazily loaded font '../../../Engine/Content/Slate/Fonts/Roboto-Light.ttf' (167K)
[2018.12.01-12.29.13:624][  1]LogAssetRegistry: Asset discovery search completed in 5.0479 seconds
[2018.12.01-12.29.13:626][  1]LogCollectionManager: Rebuilt the object cache for 0 collections in 0.000000 seconds (found 0 objects)
[2018.12.01-12.29.13:626][  1]LogCollectionManager: Fixed up redirectors for 0 collections in 0.000039 seconds (updated 0 objects)
[2018.12.01-12.29.18:961][380]LogSlate: FSceneViewport::OnFocusLost() reason 0
[2018.12.01-12.29.19:249][389]LogSlate: Window 'LD43 - Unreal Editor' being destroyed
[2018.12.01-12.29.19:783][390]Cmd: QUIT_EDITOR
[2018.12.01-12.29.20:154][390]LogExit: Preparing to exit.
[2018.12.01-12.29.21:424][390]LogExit: Editor shut down
[2018.12.01-12.29.21:424][390]LogExit: Transaction tracking system shut down
[2018.12.01-12.29.23:099][390]LogExit: Object subsystem successfully closed.
[2018.12.01-12.29.23:236][390]LogShaderCompilers: Display: Shaders left to compile 0
[2018.12.01-12.29.23:257][390]LogD3D11RHI: Shutdown
[2018.12.01-12.29.23:257][390]LogD3D11RHI: CleanupD3DDevice
[2018.12.01-12.29.23:347][390]LogD3D11RHI: ~FD3D11DynamicRHI
[2018.12.01-12.29.24:899][390]LogModuleManager: Shutting down and abandoning module HierarchicalLODOutliner (610)
[2018.12.01-12.29.24:899][390]LogModuleManager: Shutting down and abandoning module SceneOutliner (608)
[2018.12.01-12.29.24:899][390]LogModuleManager: Shutting down and abandoning module AddContentDialog (606)
[2018.12.01-12.29.24:920][390]LogModuleManager: Shutting down and abandoning module WidgetCarousel (605)
[2018.12.01-12.29.24:920][390]LogModuleManager: Shutting down and abandoning module EditorWidgets (602)
[2018.12.01-12.29.24:920][390]LogModuleManager: Shutting down and abandoning module CollectionManager (600)
[2018.12.01-12.29.24:925][390]LogModuleManager: Shutting down and abandoning module StatsViewer (598)
[2018.12.01-12.29.24:932][390]LogModuleManager: Shutting down and abandoning module FoliageEdit (596)
[2018.12.01-12.29.24:944][390]LogModuleManager: Shutting down and abandoning module LandscapeEditor (594)
[2018.12.01-12.29.24:976][390]LogModuleManager: Shutting down and abandoning module MeshPaintMode (592)
[2018.12.01-12.29.24:987][390]LogModuleManager: Shutting down and abandoning module SceneDepthPickerMode (590)
[2018.12.01-12.29.24:987][390]LogModuleManager: Shutting down and abandoning module ActorPickerMode (588)
[2018.12.01-12.29.24:987][390]LogModuleManager: Shutting down and abandoning module GeometryMode (586)
[2018.12.01-12.29.24:987][390]LogModuleManager: Shutting down and abandoning module TextureAlignMode (584)
[2018.12.01-12.29.24:987][390]LogModuleManager: Shutting down and abandoning module BspMode (582)
[2018.12.01-12.29.24:987][390]LogModuleManager: Shutting down and abandoning module PIEPreviewDeviceProfileSelector (580)
[2018.12.01-12.29.24:993][390]LogModuleManager: Shutting down and abandoning module SequenceRecorderSections (578)
[2018.12.01-12.29.24:993][390]LogModuleManager: Shutting down and abandoning module AutomationWorker (576)
[2018.12.01-12.29.24:993][390]LogModuleManager: Shutting down and abandoning module AudioCaptureEditor (574)
[2018.12.01-12.29.24:993][390]LogModuleManager: Shutting down and abandoning module SequenceRecorder (573)
[2018.12.01-12.29.25:002][390]LogModuleManager: Shutting down and abandoning module MatineeToLevelSequence (570)
[2018.12.01-12.29.25:023][390]LogModuleManager: Shutting down and abandoning module LevelSequenceEditor (568)
[2018.12.01-12.29.25:033][390]LogModuleManager: Shutting down and abandoning module PlacementMode (567)
[2018.12.01-12.29.25:033][390]LogModuleManager: Shutting down and abandoning module MaterialEditor (566)
[2018.12.01-12.29.25:087][390]LogModuleManager: Shutting down and abandoning module WmfMediaFactory (562)
[2018.12.01-12.29.25:088][390]LogModuleManager: Shutting down and abandoning module WmfMediaEditor (560)
[2018.12.01-12.29.25:088][390]LogModuleManager: Shutting down and abandoning module MediaPlayerEditor (558)
[2018.12.01-12.29.25:104][390]LogModuleManager: Shutting down and abandoning module OpenExrWrapper (556)
[2018.12.01-12.29.25:104][390]LogModuleManager: Shutting down and abandoning module ImgMediaFactory (554)
[2018.12.01-12.29.25:104][390]LogModuleManager: Shutting down and abandoning module ImgMediaEditor (552)
[2018.12.01-12.29.25:104][390]LogModuleManager: Shutting down and abandoning module AvfMediaFactory (550)
[2018.12.01-12.29.25:104][390]LogModuleManager: Shutting down and abandoning module AvfMediaEditor (548)
[2018.12.01-12.29.25:104][390]LogModuleManager: Shutting down and abandoning module AndroidMediaFactory (546)
[2018.12.01-12.29.25:104][390]LogModuleManager: Shutting down and abandoning module AndroidMediaEditor (544)
[2018.12.01-12.29.25:104][390]LogModuleManager: Shutting down and abandoning module MagicLeapCameraPreviewFactory (542)
[2018.12.01-12.29.25:104][390]LogModuleManager: Shutting down and abandoning module MagicLeapMediaFactory (540)
[2018.12.01-12.29.25:104][390]LogModuleManager: Shutting down and abandoning module MagicLeapMediaEditor (538)
[2018.12.01-12.29.25:104][390]LogModuleManager: Shutting down and abandoning module CharacterAI (536)
[2018.12.01-12.29.25:104][390]LogModuleManager: Shutting down and abandoning module SmartSnapping (534)
[2018.12.01-12.29.25:104][390]LogModuleManager: Shutting down and abandoning module SessionServices (532)
[2018.12.01-12.29.25:104][390]LogModuleManager: Shutting down and abandoning module ViewportSnapping (530)
[2018.12.01-12.29.25:104][390]LogModuleManager: Shutting down and abandoning module ViewportInteraction (528)
[2018.12.01-12.29.25:104][390]LogModuleManager: Shutting down and abandoning module ClothPainter (526)
[2018.12.01-12.29.25:125][390]LogModuleManager: Shutting down and abandoning module SkeletalMeshEditor (525)
[2018.12.01-12.29.25:143][390]LogModuleManager: Shutting down and abandoning module LogVisualizer (522)
[2018.12.01-12.29.25:160][390]LogModuleManager: Shutting down and abandoning module IntroTutorials (520)
[2018.12.01-12.29.25:181][390]LogModuleManager: Shutting down and abandoning module GameProjectGeneration (519)
[2018.12.01-12.29.25:203][390]LogModuleManager: Shutting down and abandoning module LuminPlatformEditor (516)
[2018.12.01-12.29.25:203][390]LogModuleManager: Shutting down and abandoning module IOSPlatformEditor (514)
[2018.12.01-12.29.25:216][390]LogModuleManager: Shutting down and abandoning module HTML5PlatformEditor (512)
[2018.12.01-12.29.25:216][390]LogModuleManager: Shutting down and abandoning module AndroidPlatformEditor (510)
[2018.12.01-12.29.25:216][390]LogModuleManager: Shutting down and abandoning module AndroidDeviceDetection (509)
[2018.12.01-12.29.25:828][390]LogModuleManager: Shutting down and abandoning module WindowsPlatformEditor (506)
[2018.12.01-12.29.25:828][390]LogModuleManager: Shutting down and abandoning module LuminRuntimeSettings (504)
[2018.12.01-12.29.25:828][390]LogModuleManager: Shutting down and abandoning module IOSRuntimeSettings (502)
[2018.12.01-12.29.25:828][390]LogModuleManager: Shutting down and abandoning module AndroidRuntimeSettings (500)
[2018.12.01-12.29.25:828][390]LogModuleManager: Shutting down and abandoning module InputBindingEditor (498)
[2018.12.01-12.29.25:997][390]LogModuleManager: Shutting down and abandoning module MergeActors (496)
[2018.12.01-12.29.26:239][390]LogModuleManager: Shutting down and abandoning module LocalizationDashboard (494)
[2018.12.01-12.29.26:644][390]LogModuleManager: Shutting down and abandoning module LocalizationService (493)
[2018.12.01-12.29.26:744][390]LogModuleManager: Shutting down and abandoning module HardwareTargeting (490)
[2018.12.01-12.29.26:744][390]LogModuleManager: Shutting down and abandoning module DeviceProfileEditor (488)
[2018.12.01-12.29.26:744][390]LogModuleManager: Shutting down and abandoning module UndoHistory (486)
[2018.12.01-12.29.26:752][390]LogModuleManager: Shutting down and abandoning module XmlParser (484)
[2018.12.01-12.29.26:752][390]LogModuleManager: Shutting down and abandoning module Blutility (482)
[2018.12.01-12.29.26:771][390]LogModuleManager: Shutting down and abandoning module ProjectSettingsViewer (480)
[2018.12.01-12.29.26:772][390]LogModuleManager: Shutting down and abandoning module ProjectTargetPlatformEditor (479)
[2018.12.01-12.29.26:772][390]LogModuleManager: Shutting down and abandoning module EditorSettingsViewer (476)
[2018.12.01-12.29.26:772][390]LogModuleManager: Shutting down and abandoning module SettingsEditor (474)
[2018.12.01-12.29.26:980][390]LogModuleManager: Shutting down and abandoning module ProjectLauncher (472)
[2018.12.01-12.29.27:101][390]LogModuleManager: Shutting down and abandoning module SessionFrontend (470)
[2018.12.01-12.29.27:112][390]LogModuleManager: Shutting down and abandoning module ProfilerClient (468)
[2018.12.01-12.29.27:149][390]LogModuleManager: Shutting down and abandoning module DeviceManager (466)
[2018.12.01-12.29.27:423][390]LogModuleManager: Shutting down and abandoning module TargetDeviceServices (465)
[2018.12.01-12.29.27:483][390]LogModuleManager: Shutting down and abandoning module AutomationController (462)
[2018.12.01-12.29.27:512][390]LogModuleManager: Shutting down and abandoning module AutomationWindow (460)
[2018.12.01-12.29.27:591][390]LogModuleManager: Shutting down and abandoning module Layers (458)
[2018.12.01-12.29.27:606][390]LogModuleManager: Shutting down and abandoning module ComponentVisualizers (456)
[2018.12.01-12.29.27:606][390]LogModuleManager: Shutting down and abandoning module DetailCustomizations (454)
[2018.12.01-12.29.27:614][390]LogModuleManager: Shutting down and abandoning module PackagesDialog (452)
[2018.12.01-12.29.27:614][390]LogModuleManager: Shutting down and abandoning module Persona (450)
[2018.12.01-12.29.27:630][390]LogModuleManager: Shutting down and abandoning module AdvancedPreviewScene (449)
[2018.12.01-12.29.27:630][390]LogModuleManager: Shutting down and abandoning module AnimGraph (447)
[2018.12.01-12.29.27:640][390]LogModuleManager: Shutting down and abandoning module Kismet (444)
[2018.12.01-12.29.27:664][390]LogModuleManager: Shutting down and abandoning module GraphEditor (442)
[2018.12.01-12.29.27:722][390]LogModuleManager: Shutting down and abandoning module ClassViewer (440)
[2018.12.01-12.29.27:722][390]LogModuleManager: Shutting down and abandoning module Toolbox (438)
[2018.12.01-12.29.27:722][390]LogModuleManager: Shutting down and abandoning module ModuleUI (436)
[2018.12.01-12.29.27:735][390]LogModuleManager: Shutting down and abandoning module MovieSceneTools (434)
[2018.12.01-12.29.27:748][390]LogModuleManager: Shutting down and abandoning module OutputLog (432)
[2018.12.01-12.29.27:748][390]LogModuleManager: Shutting down and abandoning module GammaUI (430)
[2018.12.01-12.29.27:756][390]LogModuleManager: Shutting down and abandoning module Documentation (428)
[2018.12.01-12.29.27:756][390]LogModuleManager: Shutting down and abandoning module MovieSceneTracks (426)
[2018.12.01-12.29.27:756][390]LogModuleManager: Shutting down and abandoning module MovieScene (424)
[2018.12.01-12.29.27:765][390]LogModuleManager: Shutting down and abandoning module StreamingPauseRendering (422)
[2018.12.01-12.29.27:765][390]LogModuleManager: Shutting down and abandoning module LauncherPlatform (420)
[2018.12.01-12.29.27:765][390]LogModuleManager: Shutting down and abandoning module AnalyticsET (418)
[2018.12.01-12.29.27:765][390]LogModuleManager: Shutting down and abandoning module PortalServices (416)
[2018.12.01-12.29.27:765][390]LogModuleManager: Shutting down and abandoning module PortalRpc (414)
[2018.12.01-12.29.27:765][390]LogModuleManager: Shutting down and abandoning module MessagingRpc (412)
[2018.12.01-12.29.27:765][390]LogModuleManager: Shutting down and abandoning module AIModule (410)
[2018.12.01-12.29.27:793][390]LogModuleManager: Shutting down and abandoning module GameplayDebugger (409)
[2018.12.01-12.29.27:851][390]LogModuleManager: Shutting down and abandoning module AITestSuite (407)
[2018.12.01-12.29.27:860][390]LogModuleManager: Shutting down and abandoning module NavigationSystem (405)
[2018.12.01-12.29.27:860][390]LogModuleManager: Shutting down and abandoning module DesktopPlatform (402)
[2018.12.01-12.29.27:861][390]LogModuleManager: Shutting down and abandoning module ProfilerService (400)
[2018.12.01-12.29.27:887][390]LogModuleManager: Shutting down and abandoning module TaskGraph (398)
[2018.12.01-12.29.27:906][390]LogModuleManager: Shutting down and abandoning module SteamVRController (396)
[2018.12.01-12.29.27:906][390]LogModuleManager: Shutting down and abandoning module ProceduralMeshComponentEditor (394)
[2018.12.01-12.29.27:906][390]LogModuleManager: Shutting down and abandoning module ProceduralMeshComponent (392)
[2018.12.01-12.29.27:919][390]LogModuleManager: Shutting down and abandoning module OculusInput (390)
[2018.12.01-12.29.27:919][390]LogModuleManager: Shutting down and abandoning module MobilePatchingUtils (388)
[2018.12.01-12.29.27:919][390]LogModuleManager: Shutting down and abandoning module EditableMesh (386)
[2018.12.01-12.29.27:927][390]LogModuleManager: Shutting down and abandoning module CustomMeshComponent (384)
[2018.12.01-12.29.27:927][390]LogModuleManager: Shutting down and abandoning module CableComponent (382)
[2018.12.01-12.29.27:927][390]LogModuleManager: Shutting down and abandoning module AudioCapture (380)
[2018.12.01-12.29.27:927][390]LogModuleManager: Shutting down and abandoning module ArchVisCharacter (378)
[2018.12.01-12.29.27:927][390]LogModuleManager: Shutting down and abandoning module AndroidPermission (376)
[2018.12.01-12.29.27:927][390]LogModuleManager: Shutting down and abandoning module NUTUnrealEngine4 (374)
[2018.12.01-12.29.27:927][390]LogModuleManager: Shutting down and abandoning module NetcodeUnitTest (372)
[2018.12.01-12.29.27:946][390]LogModuleManager: Shutting down and abandoning module MediaCompositingEditor (370)
[2018.12.01-12.29.27:946][390]LogModuleManager: Shutting down and abandoning module MediaCompositing (368)
[2018.12.01-12.29.27:946][390]LogModuleManager: Shutting down and abandoning module LinearTimecode (366)
[2018.12.01-12.29.27:946][390]LogModuleManager: Shutting down and abandoning module ImgMedia (364)
[2018.12.01-12.29.27:972][390]LogModuleManager: Shutting down and abandoning module HTML5Networking (362)
[2018.12.01-12.29.27:972][390]LogModuleManager: Shutting down and abandoning module GeometryCacheTracks (360)
[2018.12.01-12.29.27:972][390]LogModuleManager: Shutting down and abandoning module GeometryCacheSequencer (358)
[2018.12.01-12.29.27:972][390]LogModuleManager: Shutting down and abandoning module BackChannel (356)
[2018.12.01-12.29.27:983][390]LogModuleManager: Shutting down and abandoning module AppleVision (354)
[2018.12.01-12.29.27:983][390]LogModuleManager: Shutting down and abandoning module AppleImageUtils (352)
[2018.12.01-12.29.27:984][390]LogModuleManager: Shutting down and abandoning module AlembicImporter (350)
[2018.12.01-12.29.27:984][390]LogModuleManager: Shutting down and abandoning module AlembicLibrary (349)
[2018.12.01-12.29.27:984][390]LogModuleManager: Shutting down and abandoning module GeometryCache (348)
[2018.12.01-12.29.27:984][390]LogModuleManager: Shutting down and abandoning module GeometryCacheEd (347)
[2018.12.01-12.29.27:984][390]LogModuleManager: Shutting down and abandoning module DatasmithContentEditor (342)
[2018.12.01-12.29.27:984][390]LogModuleManager: Shutting down and abandoning module DatasmithContent (340)
[2018.12.01-12.29.27:984][390]LogModuleManager: Shutting down and abandoning module SpeedTreeImporter (338)
[2018.12.01-12.29.27:984][390]LogModuleManager: Shutting down and abandoning module PluginBrowser (336)
[2018.12.01-12.29.28:008][390]LogModuleManager: Shutting down and abandoning module MobileLauncherProfileWizard (334)
[2018.12.01-12.29.28:022][390]LogModuleManager: Shutting down and abandoning module PolygonModeling (332)
[2018.12.01-12.29.28:022][390]LogModuleManager: Shutting down and abandoning module MeshEditor (330)
[2018.12.01-12.29.28:031][390]LogModuleManager: Shutting down and abandoning module CryptoKeysOpenSSL (328)
[2018.12.01-12.29.28:038][390]LogModuleManager: Shutting down and abandoning module CryptoKeys (326)
[2018.12.01-12.29.28:038][390]LogModuleManager: Shutting down and abandoning module VisualStudioSourceCodeAccess (324)
[2018.12.01-12.29.28:038][390]LogModuleManager: Shutting down and abandoning module VisualStudioCodeSourceCodeAccess (322)
[2018.12.01-12.29.28:038][390]LogModuleManager: Shutting down and abandoning module UObjectPlugin (320)
[2018.12.01-12.29.28:038][390]LogModuleManager: Shutting down and abandoning module SubversionSourceControl (318)
[2018.12.01-12.29.28:048][390]LogModuleManager: Shutting down and abandoning module PerforceSourceControl (316)
[2018.12.01-12.29.28:067][390]LogModuleManager: Shutting down and abandoning module GitSourceControl (314)
[2018.12.01-12.29.28:067][390]LogModuleManager: Shutting down and abandoning module SourceControl (313)
[2018.12.01-12.29.28:067][390]LogModuleManager: Shutting down and abandoning module CLionSourceCodeAccess (310)
[2018.12.01-12.29.28:067][390]LogModuleManager: Shutting down and abandoning module LightPropagationVolumeEditor (308)
[2018.12.01-12.29.28:067][390]LogModuleManager: Shutting down and abandoning module PaperTiledImporter (306)
[2018.12.01-12.29.28:067][390]LogModuleManager: Shutting down and abandoning module PaperSpriteSheetImporter (304)
[2018.12.01-12.29.28:067][390]LogModuleManager: Shutting down and abandoning module Paper2DEditor (302)
[2018.12.01-12.29.28:080][390]LogModuleManager: Shutting down and abandoning module MeshPaint (301)
[2018.12.01-12.29.28:092][390]LogModuleManager: Shutting down and abandoning module RuntimePhysXCooking (298)
[2018.12.01-12.29.28:092][390]LogModuleManager: Shutting down and abandoning module PhysXVehiclesEditor (296)
[2018.12.01-12.29.28:092][390]LogModuleManager: Shutting down and abandoning module PhysXVehicles (294)
[2018.12.01-12.29.28:092][390]LogModuleManager: Shutting down and abandoning module OculusEditor (292)
[2018.12.01-12.29.28:106][390]LogModuleManager: Shutting down and abandoning module LocationServicesBPLibrary (290)
[2018.12.01-12.29.28:106][390]LogModuleManager: Shutting down and abandoning module ImmediatePhysicsEditor (288)
[2018.12.01-12.29.28:106][390]LogModuleManager: Shutting down and abandoning module ImmediatePhysics (286)
[2018.12.01-12.29.28:109][390]LogModuleManager: Shutting down and abandoning module ActorSequence (284)
[2018.12.01-12.29.28:109][390]LogModuleManager: Shutting down and abandoning module UdpMessaging (282)
[2018.12.01-12.29.28:209][390]LogModuleManager: Shutting down and abandoning module TcpMessaging (280)
[2018.12.01-12.29.28:334][390]LogModuleManager: Shutting down and abandoning module MagicLeapAudio (278)
[2018.12.01-12.29.28:334][390]LogModuleManager: Shutting down and abandoning module GameplayTagsEditor (276)
[2018.12.01-12.29.28:369][390]LogModuleManager: Shutting down and abandoning module FacialAnimationEditor (274)
[2018.12.01-12.29.28:369][390]LogModuleManager: Shutting down and abandoning module FacialAnimation (272)
[2018.12.01-12.29.28:369][390]LogModuleManager: Shutting down and abandoning module DataValidation (270)
[2018.12.01-12.29.28:369][390]LogModuleManager: Shutting down and abandoning module AssetManagerEditor (268)
[2018.12.01-12.29.28:568][390]LogModuleManager: Shutting down and abandoning module LevelEditor (267)
[2018.12.01-12.29.28:588][390]LogModuleManager: Shutting down and abandoning module PixelInspectorModule (266)
[2018.12.01-12.29.28:600][390]LogModuleManager: Shutting down and abandoning module CommonMenuExtensions (264)
[2018.12.01-12.29.28:600][390]LogModuleManager: Shutting down and abandoning module MainFrame (262)
[2018.12.01-12.29.28:607][390]LogModuleManager: Shutting down and abandoning module HotReload (261)
[2018.12.01-12.29.28:608][390]LogModuleManager: Shutting down and abandoning module ContentBrowser (257)
[2018.12.01-12.29.28:609][390]LogModuleManager: Shutting down and abandoning module TreeMap (255)
[2018.12.01-12.29.28:619][390]LogModuleManager: Shutting down and abandoning module LightPropagationVolumeRuntime (252)
[2018.12.01-12.29.28:619][390]LogModuleManager: Shutting down and abandoning module AISupportModule (250)
[2018.12.01-12.29.28:619][390]LogModuleManager: Shutting down and abandoning module Paper2D (248)
[2018.12.01-12.29.28:632][390]LogModuleManager: Shutting down and abandoning module WindowsMoviePlayer (246)
[2018.12.01-12.29.28:647][390]LogModuleManager: Shutting down and abandoning module WmfMedia (244)
[2018.12.01-12.29.28:688][390]LogModuleManager: Shutting down and abandoning module Media (243)
[2018.12.01-12.29.28:693][390]LogModuleManager: Shutting down and abandoning module PacketHandler (240)
[2018.12.01-12.29.28:693][390]LogModuleManager: Shutting down and abandoning module ClothingSystemEditor (238)
[2018.12.01-12.29.28:693][390]LogModuleManager: Shutting down and abandoning module ClothingSystemRuntime (236)
[2018.12.01-12.29.28:709][390]LogModuleManager: Shutting down and abandoning module MediaAssets (234)
[2018.12.01-12.29.28:709][390]LogModuleManager: Shutting down and abandoning module Overlay (232)
[2018.12.01-12.29.28:709][390]LogModuleManager: Shutting down and abandoning module OverlayEditor (231)
[2018.12.01-12.29.28:709][390]LogModuleManager: Shutting down and abandoning module VREditor (228)
[2018.12.01-12.29.28:722][390]LogModuleManager: Shutting down and abandoning module StringTableEditor (226)
[2018.12.01-12.29.28:737][390]LogModuleManager: Shutting down and abandoning module GameplayTasksEditor (224)
[2018.12.01-12.29.28:737][390]LogModuleManager: Shutting down and abandoning module BehaviorTreeEditor (222)
[2018.12.01-12.29.28:760][390]LogModuleManager: Shutting down and abandoning module FunctionalTesting (220)
[2018.12.01-12.29.28:774][390]LogModuleManager: Shutting down and abandoning module CollisionAnalyzer (218)
[2018.12.01-12.29.28:789][390]LogModuleManager: Shutting down and abandoning module WorkspaceMenuStructure (217)
[2018.12.01-12.29.28:789][390]LogModuleManager: Shutting down and abandoning module UMG (214)
[2018.12.01-12.29.28:798][390]LogModuleManager: Shutting down and abandoning module UMGEditor (213)
[2018.12.01-12.29.28:821][390]LogModuleManager: Shutting down and abandoning module Sequencer (212)
[2018.12.01-12.29.28:859][390]LogModuleManager: Shutting down and abandoning module MessageLog (209)
[2018.12.01-12.29.28:859][390]LogModuleManager: Shutting down and abandoning module SlateReflector (204)
[2018.12.01-12.29.28:879][390]LogModuleManager: Shutting down and abandoning module Slate (202)
[2018.12.01-12.29.28:879][390]LogModuleManager: Shutting down and abandoning module EditorStyle (200)
[2018.12.01-12.29.28:881][390]LogModuleManager: Shutting down and abandoning module MRMesh (198)
[2018.12.01-12.29.28:881][390]LogModuleManager: Shutting down and abandoning module SourceCodeAccess (196)
[2018.12.01-12.29.28:881][390]LogModuleManager: Shutting down and abandoning module HeadMountedDisplay (194)
[2018.12.01-12.29.28:881][390]LogModuleManager: Shutting down and abandoning module XAudio2 (192)
[2018.12.01-12.29.28:881][390]LogModuleManager: Shutting down and abandoning module Networking (190)
[2018.12.01-12.29.28:881][390]LogModuleManager: Shutting down and abandoning module Core (188)
[2018.12.01-12.29.28:881][390]LogModuleManager: Shutting down and abandoning module LevelSequence (186)
[2018.12.01-12.29.28:881][390]LogModuleManager: Shutting down and abandoning module KismetCompiler (184)
[2018.12.01-12.29.28:881][390]LogModuleManager: Shutting down and abandoning module MeshUtilities (182)
[2018.12.01-12.29.28:890][390]LogModuleManager: Shutting down and abandoning module MeshMergeUtilities (181)
[2018.12.01-12.29.28:899][390]LogModuleManager: Shutting down and abandoning module MeshReductionInterface (180)
[2018.12.01-12.29.28:899][390]LogModuleManager: Shutting down and abandoning module SimplygonSwarm (179)
[2018.12.01-12.29.28:903][390]LogModuleManager: Shutting down and abandoning module ProxyLODMeshReduction (177)
[2018.12.01-12.29.28:921][390]LogModuleManager: Shutting down and abandoning module SimplygonMeshReduction (175)
[2018.12.01-12.29.28:921][390]LogModuleManager: Shutting down and abandoning module QuadricMeshReduction (173)
[2018.12.01-12.29.28:943][390]LogModuleManager: Shutting down and abandoning module MaterialBaking (169)
[2018.12.01-12.29.28:947][390]LogModuleManager: Shutting down and abandoning module DirectoryWatcher (165)
[2018.12.01-12.29.28:947][390]LogModuleManager: Shutting down and abandoning module DerivedDataCache (162)
[2018.12.01-12.29.28:989][390]LogDerivedDataCache: Shutdown
[2018.12.01-12.29.28:989][390]LogModuleManager: Shutting down and abandoning module XGEController (160)
[2018.12.01-12.29.29:007][390]LogModuleManager: Shutting down and abandoning module TargetPlatform (158)
[2018.12.01-12.29.29:007][390]LogModuleManager: Shutting down and abandoning module VulkanShaderFormat (157)
[2018.12.01-12.29.29:016][390]LogModuleManager: Shutting down and abandoning module ShaderFormatVectorVM (155)
[2018.12.01-12.29.29:016][390]LogModuleManager: Shutting down and abandoning module ShaderFormatOpenGL (153)
[2018.12.01-12.29.29:025][390]LogModuleManager: Shutting down and abandoning module ShaderFormatD3D (151)
[2018.12.01-12.29.29:026][390]LogModuleManager: Shutting down and abandoning module MetalShaderFormat (149)
[2018.12.01-12.29.29:041][390]LogModuleManager: Shutting down and abandoning module TextureFormatUncompressed (147)
[2018.12.01-12.29.29:041][390]LogModuleManager: Shutting down and abandoning module TextureFormatPVR (145)
[2018.12.01-12.29.29:041][390]LogModuleManager: Shutting down and abandoning module TextureFormatDXT (143)
[2018.12.01-12.29.29:041][390]LogModuleManager: Shutting down and abandoning module TextureFormatIntelISPCTexComp (141)
[2018.12.01-12.29.29:041][390]LogModuleManager: Shutting down and abandoning module TextureFormatASTC (139)
[2018.12.01-12.29.29:041][390]LogModuleManager: Shutting down and abandoning module ImageWrapper (138)
[2018.12.01-12.29.29:041][390]LogModuleManager: Shutting down and abandoning module TextureFormatAndroid (135)
[2018.12.01-12.29.29:041][390]LogModuleManager: Shutting down and abandoning module AudioFormatOpus (133)
[2018.12.01-12.29.29:041][390]LogModuleManager: Shutting down and abandoning module AudioFormatOgg (131)
[2018.12.01-12.29.29:041][390]LogModuleManager: Shutting down and abandoning module AudioFormatADPCM (129)
[2018.12.01-12.29.29:041][390]LogModuleManager: Shutting down and abandoning module LuminTargetPlatform (127)
[2018.12.01-12.29.29:041][390]LogModuleManager: Shutting down and abandoning module LinuxTargetPlatform (125)
[2018.12.01-12.29.29:041][390]LogModuleManager: Shutting down and abandoning module LinuxServerTargetPlatform (123)
[2018.12.01-12.29.29:041][390]LogModuleManager: Shutting down and abandoning module LinuxNoEditorTargetPlatform (121)
[2018.12.01-12.29.29:041][390]LogModuleManager: Shutting down and abandoning module LinuxClientTargetPlatform (119)
[2018.12.01-12.29.29:041][390]LogModuleManager: Shutting down and abandoning module TVOSTargetPlatform (117)
[2018.12.01-12.29.29:042][390]LogModuleManager: Shutting down and abandoning module Messaging (115)
[2018.12.01-12.29.29:042][390]LogModuleManager: Shutting down and abandoning module IOSTargetPlatform (113)
[2018.12.01-12.29.29:043][390]LogModuleManager: Shutting down and abandoning module HTML5TargetPlatform (111)
[2018.12.01-12.29.29:043][390]LogModuleManager: Shutting down and abandoning module AndroidTargetPlatform (109)
[2018.12.01-12.29.29:049][390]LogModuleManager: Shutting down and abandoning module WindowsTargetPlatform (107)
[2018.12.01-12.29.29:050][390]LogModuleManager: Shutting down and abandoning module WindowsServerTargetPlatform (105)
[2018.12.01-12.29.29:050][390]LogModuleManager: Shutting down and abandoning module WindowsNoEditorTargetPlatform (103)
[2018.12.01-12.29.29:050][390]LogModuleManager: Shutting down and abandoning module WindowsClientTargetPlatform (101)
[2018.12.01-12.29.29:050][390]LogModuleManager: Shutting down and abandoning module MacTargetPlatform (99)
[2018.12.01-12.29.29:050][390]LogModuleManager: Shutting down and abandoning module MacServerTargetPlatform (97)
[2018.12.01-12.29.29:050][390]LogModuleManager: Shutting down and abandoning module MacNoEditorTargetPlatform (95)
[2018.12.01-12.29.29:050][390]LogModuleManager: Shutting down and abandoning module MacClientTargetPlatform (93)
[2018.12.01-12.29.29:050][390]LogModuleManager: Shutting down and abandoning module AllDesktopTargetPlatform (91)
[2018.12.01-12.29.29:050][390]LogModuleManager: Shutting down and abandoning module InputCore (88)
[2018.12.01-12.29.29:050][390]LogModuleManager: Shutting down and abandoning module Settings (86)
[2018.12.01-12.29.29:050][390]LogModuleManager: Shutting down and abandoning module PhysXCooking (84)
[2018.12.01-12.29.29:050][390]LogModuleManager: Shutting down and abandoning module SteamVR (82)
[2018.12.01-12.29.29:050][390]LogModuleManager: Shutting down and abandoning module OculusHMD (80)
[2018.12.01-12.29.29:064][390]LogModuleManager: Shutting down and abandoning module ExampleDeviceProfileSelector (78)
[2018.12.01-12.29.29:065][390]LogModuleManager: Shutting down and abandoning module LauncherChunkInstaller (76)
[2018.12.01-12.29.29:065][390]LogModuleManager: Shutting down and abandoning module OnlineBlueprintSupport (74)
[2018.12.01-12.29.29:065][390]LogModuleManager: Shutting down and abandoning module OnlineSubsystem (70)
[2018.12.01-12.29.29:098][390]LogModuleManager: Shutting down and abandoning module XMPP (65)
[2018.12.01-12.29.29:120][390]LogModuleManager: Shutting down and abandoning module WebSockets (64)
[2018.12.01-12.29.29:148][390]LogModuleManager: Shutting down and abandoning module HTTP (61)
[2018.12.01-12.29.29:154][390]LogHttp: Display: Http module shutting down, but needs to wait on 1 outstanding Http requests:
[2018.12.01-12.29.29:154][390]LogHttp: Display: 	verb=[POST] url=[https://datarouter.ol.epicgames.com/datarouter/api/v1/public/data?SessionID=%7BB424010B-4FFA-781B-61BC-268BE17984F3%7D&AppID=UEEditor.Rocket.Release&AppVersion=4.20.3-4369336%2B%2B%2BUE4%2BRelease-4.20&UserID=eddf3665440838d54b2dfda97a837f15%7C3cfbc1ad4073496394961c59d41e9b7b%7C8bb48a66-7337-44bb-bedc-e605a5da00fd&AppEnvironment=datacollector-binary&UploadType=eteventstream] status=Processing
[2018.12.01-12.29.29:182][390]LogModuleManager: Shutting down and abandoning module SSL (60)
[2018.12.01-12.29.29:193][390]LogModuleManager: Shutting down and abandoning module MagicLeapEmulator (56)
[2018.12.01-12.29.29:193][390]LogModuleManager: Shutting down and abandoning module MagicLeapPrivileges (54)
[2018.12.01-12.29.29:193][390]LogModuleManager: Shutting down and abandoning module MagicLeapIdentity (52)
[2018.12.01-12.29.29:193][390]LogModuleManager: Shutting down and abandoning module MagicLeapHelperVulkan (50)
[2018.12.01-12.29.29:193][390]LogModuleManager: Shutting down and abandoning module MagicLeapHelperOpenGL (48)
[2018.12.01-12.29.29:193][390]LogModuleManager: Shutting down and abandoning module MagicLeapSecureStorage (46)
[2018.12.01-12.29.29:193][390]LogModuleManager: Shutting down and abandoning module MagicLeapGestures (44)
[2018.12.01-12.29.29:193][390]LogModuleManager: Shutting down and abandoning module MagicLeapEyeTracker (42)
[2018.12.01-12.29.29:193][390]LogModuleManager: Shutting down and abandoning module MagicLeapController (40)
[2018.12.01-12.29.29:193][390]LogSlate: Slate User Destroyed.  User Index 0, Is Virtual User: 0
[2018.12.01-12.29.29:193][390]LogModuleManager: Shutting down and abandoning module MagicLeap (38)
[2018.12.01-12.29.29:193][390]LogModuleManager: Shutting down and abandoning module AnimationModifiers (36)
[2018.12.01-12.29.29:213][390]LogModuleManager: Shutting down and abandoning module PropertyEditor (35)
[2018.12.01-12.29.29:227][390]LogModuleManager: Shutting down and abandoning module AudioEditor (32)
[2018.12.01-12.29.29:246][390]LogModuleManager: Shutting down and abandoning module TextureCompressor (30)
[2018.12.01-12.29.29:262][390]LogModuleManager: Shutting down and abandoning module ShaderCore (28)
[2018.12.01-12.29.29:262][390]LogModuleManager: Shutting down and abandoning module Landscape (26)
[2018.12.01-12.29.29:262][390]LogModuleManager: Shutting down and abandoning module SlateRHIRenderer (24)
[2018.12.01-12.29.29:290][390]LogModuleManager: Shutting down and abandoning module OpenGLDrv (22)
[2018.12.01-12.29.29:302][390]LogModuleManager: Shutting down and abandoning module D3D11RHI (20)
[2018.12.01-12.29.29:302][390]LogModuleManager: Shutting down and abandoning module AnimGraphRuntime (18)
[2018.12.01-12.29.29:309][390]LogModuleManager: Shutting down and abandoning module Renderer (16)
[2018.12.01-12.29.29:309][390]LogModuleManager: Shutting down and abandoning module Engine (14)
[2018.12.01-12.29.29:309][390]LogModuleManager: Shutting down and abandoning module CoreUObject (12)
[2018.12.01-12.29.29:309][390]LogModuleManager: Shutting down and abandoning module NetworkFile (10)
[2018.12.01-12.29.29:309][390]LogModuleManager: Shutting down and abandoning module CookedIterativeFile (8)
[2018.12.01-12.29.29:309][390]LogModuleManager: Shutting down and abandoning module StreamingFile (6)
[2018.12.01-12.29.29:309][390]LogModuleManager: Shutting down and abandoning module SandboxFile (4)
[2018.12.01-12.29.29:309][390]LogModuleManager: Shutting down and abandoning module PakFile (2)
[2018.12.01-12.29.29:332][390]LogExit: Exiting.
[2018.12.01-12.29.29:358][390]Log file closed, 12/01/18 14:29:29
