Log file open, 01/19/19 17:17:23
LogWindows: Failed to load 'aqProf.dll' (GetLastError=126)
LogWindows: File 'aqProf.dll' does not exist
LogWindows: Failed to load 'VtuneApi.dll' (GetLastError=126)
LogWindows: File 'VtuneApi.dll' does not exist
LogWindows: Failed to load 'VtuneApi32e.dll' (GetLastError=126)
LogWindows: File 'VtuneApi32e.dll' does not exist
LogConsoleResponse: Display: Failed to find resolution value strings in scalability ini. Falling back to default.
LogInit: Display: Running engine for game: LD43
LogPakFile: Registered encryption key '00000000000000000000000000000000': 0 pak files mounted, 0 remain pending
LogPlatformFile: Not using cached read wrapper
LogTaskGraph: Started task graph with 5 named threads and 35 total threads with 3 sets of task threads.
LogStats: Stats thread started at 0.400300
LogD3D11RHI: Loaded GFSDK_Aftermath_Lib.x64.dll
LogICUInternationalization: ICU TimeZone Detection - Raw Offset: +2:00, Platform Override: ''
LogPluginManager: Mounting plugin Paper2D
LogPluginManager: Mounting plugin AISupport
LogPluginManager: Mounting plugin LightPropagationVolume
LogPluginManager: Mounting plugin ActorLayerUtilities
LogPluginManager: Mounting plugin CLionSourceCodeAccess
LogPluginManager: Mounting plugin CodeLiteSourceCodeAccess
LogPluginManager: Mounting plugin GitSourceControl
LogPluginManager: Mounting plugin KDevelopSourceCodeAccess
LogPluginManager: Mounting plugin NullSourceCodeAccess
LogPluginManager: Mounting plugin PerforceSourceControl
LogPluginManager: Mounting plugin SubversionSourceControl
LogPluginManager: Mounting plugin UObjectPlugin
LogPluginManager: Mounting plugin VisualStudioCodeSourceCodeAccess
LogPluginManager: Mounting plugin VisualStudioSourceCodeAccess
LogPluginManager: Mounting plugin XCodeSourceCodeAccess
LogPluginManager: Mounting plugin AssetManagerEditor
LogPluginManager: Mounting plugin CryptoKeys
LogPluginManager: Mounting plugin DataValidation
LogPluginManager: Mounting plugin FacialAnimation
LogPluginManager: Mounting plugin GameplayTagsEditor
LogPluginManager: Mounting plugin MacGraphicsSwitching
LogPluginManager: Mounting plugin MeshEditor
LogPluginManager: Mounting plugin MobileLauncherProfileWizard
LogPluginManager: Mounting plugin PluginBrowser
LogPluginManager: Mounting plugin SpeedTreeImporter
LogPluginManager: Mounting plugin DatasmithContent
LogPluginManager: Mounting plugin VariantManagerContent
LogPluginManager: Mounting plugin AlembicImporter
LogPluginManager: Mounting plugin AppleImageUtils
LogPluginManager: Mounting plugin AppleVision
LogPluginManager: Mounting plugin BackChannel
LogPluginManager: Mounting plugin CharacterAI
LogPluginManager: Mounting plugin GeometryCache
LogPluginManager: Mounting plugin HTML5Networking
LogPluginManager: Mounting plugin ProxyLODPlugin
LogPluginManager: Mounting plugin MagicLeap
LogPluginManager: Mounting plugin MagicLeapMedia
LogPluginManager: Mounting plugin AndroidMedia
LogPluginManager: Mounting plugin AvfMedia
LogPluginManager: Mounting plugin ImgMedia
LogPluginManager: Mounting plugin LinearTimecode
LogPluginManager: Mounting plugin MediaCompositing
LogPluginManager: Mounting plugin MediaPlayerEditor
LogPluginManager: Mounting plugin WebMMedia
LogPluginManager: Mounting plugin WmfMedia
LogPluginManager: Mounting plugin TcpMessaging
LogPluginManager: Mounting plugin UdpMessaging
LogPluginManager: Mounting plugin ActorSequence
LogPluginManager: Mounting plugin LevelSequenceEditor
LogPluginManager: Mounting plugin MatineeToLevelSequence
LogPluginManager: Mounting plugin NetcodeUnitTest
LogPluginManager: Mounting plugin NUTUnrealEngine4
LogPluginManager: Mounting plugin OnlineSubsystemGooglePlay
LogPluginManager: Mounting plugin OnlineSubsystemIOS
LogPluginManager: Mounting plugin OnlineSubsystem
LogPluginManager: Mounting plugin OnlineSubsystemNull
LogPluginManager: Mounting plugin OnlineSubsystemUtils
LogPluginManager: Mounting plugin LauncherChunkInstaller
LogPluginManager: Mounting plugin AndroidDeviceProfileSelector
LogPluginManager: Mounting plugin AndroidMoviePlayer
LogPluginManager: Mounting plugin AndroidPermission
LogPluginManager: Mounting plugin AppleMoviePlayer
LogPluginManager: Mounting plugin ArchVisCharacter
LogPluginManager: Mounting plugin AudioCapture
LogPluginManager: Mounting plugin CableComponent
LogPluginManager: Mounting plugin CustomMeshComponent
LogPluginManager: Mounting plugin EditableMesh
LogPluginManager: Mounting plugin ExampleDeviceProfileSelector
LogPluginManager: Mounting plugin Firebase
LogPluginManager: Mounting plugin GoogleCloudMessaging
LogPluginManager: Mounting plugin IOSDeviceProfileSelector
LogPluginManager: Mounting plugin LinuxDeviceProfileSelector
LogPluginManager: Mounting plugin LocationServicesBPLibrary
LogPluginManager: Mounting plugin MobilePatchingUtils
LogPluginManager: Mounting plugin OculusVR
LogPluginManager: Mounting plugin PhysXVehicles
LogPluginManager: Mounting plugin ProceduralMeshComponent
LogPluginManager: Mounting plugin RuntimePhysXCooking
LogPluginManager: Mounting plugin SteamVR
LogPluginManager: Mounting plugin WebMMoviePlayer
LogPluginManager: Mounting plugin WindowsMoviePlayer
LogStreaming: Display: Took  0.096s to configure plugins.
LogInit: Using libcurl 7.55.1-DEV
LogInit:  - built for x86_64-pc-win32
LogInit:  - supports SSL with OpenSSL/1.0.2h
LogInit:  - supports HTTP deflate (compression) using libz 1.2.8
LogInit:  - other features:
LogInit:      CURL_VERSION_SSL
LogInit:      CURL_VERSION_LIBZ
LogInit:      CURL_VERSION_IPV6
LogInit:      CURL_VERSION_ASYNCHDNS
LogInit:      CURL_VERSION_LARGEFILE
LogInit:      CURL_VERSION_IDN
LogInit:  CurlRequestOptions (configurable via config and command line):
LogInit:  - bVerifyPeer = true  - Libcurl will verify peer certificate
LogInit:  - bUseHttpProxy = false  - Libcurl will NOT use HTTP proxy
LogInit:  - bDontReuseConnections = false  - Libcurl will reuse connections
LogInit:  - MaxHostConnections = 16  - Libcurl will limit the number of connections to a host
LogInit:  - LocalHostAddr = Default
LogInit:  - BufferSize = 65536
LogInit: WinSock: version 1.1 (2.2), MaxSocks=32767, MaxUdp=65467
LogInit: Build: ++UE4+Release-4.21-CL-4613538
LogInit: Engine Version: 4.21.1-4613538+++UE4+Release-4.21
LogInit: Compatible Engine Version: 4.21.0-4541578+++UE4+Release-4.21
LogInit: Net CL: 4541578
LogInit: OS: Windows 10 (), CPU: AMD Ryzen 5 2600X Six-Core Processor           , GPU: NVIDIA GeForce GTX 1070 Ti
LogInit: Compiled (64-bit): Nov 30 2018 04:13:25
LogInit: Compiled with Visual C++: 19.13.26129.00
LogInit: Build Configuration: Development
LogInit: Branch Name: ++UE4+Release-4.21
LogInit: Command Line: 
LogInit: Base Directory: D:/Unreal Engine 4/UE_4.21/Engine/Binaries/Win64/
LogInit: Installed Engine Build: 1
LogDevObjectVersion: Number of dev versions registered: 22
LogDevObjectVersion:   Dev-Blueprints (B0D832E4-1F89-4F0D-ACCF-7EB736FD4AA2): 10
LogDevObjectVersion:   Dev-Build (E1C64328-A22C-4D53-A36C-8E866417BD8C): 0
LogDevObjectVersion:   Dev-Core (375EC13C-06E4-48FB-B500-84F0262A717E): 2
LogDevObjectVersion:   Dev-Editor (E4B068ED-F494-42E9-A231-DA0B2E46BB41): 26
LogDevObjectVersion:   Dev-Framework (CFFC743F-43B0-4480-9391-14DF171D2073): 34
LogDevObjectVersion:   Dev-Mobile (B02B49B5-BB20-44E9-A304-32B752E40360): 2
LogDevObjectVersion:   Dev-Networking (A4E4105C-59A1-49B5-A7C5-40C4547EDFEE): 0
LogDevObjectVersion:   Dev-Online (39C831C9-5AE6-47DC-9A44-9C173E1C8E7C): 0
LogDevObjectVersion:   Dev-Physics (78F01B33-EBEA-4F98-B9B4-84EACCB95AA2): 0
LogDevObjectVersion:   Dev-Platform (6631380F-2D4D-43E0-8009-CF276956A95A): 0
LogDevObjectVersion:   Dev-Rendering (12F88B9F-8875-4AFC-A67C-D90C383ABD29): 27
LogDevObjectVersion:   Dev-Sequencer (7B5AE74C-D270-4C10-A958-57980B212A5A): 9
LogDevObjectVersion:   Dev-VR (D7296918-1DD6-4BDD-9DE2-64A83CC13884): 2
LogDevObjectVersion:   Dev-LoadTimes (C2A15278-BFE7-4AFE-6C17-90FF531DF755): 1
LogDevObjectVersion:   Private-Geometry (6EACA3D4-40EC-4CC1-B786-8BED09428FC5): 3
LogDevObjectVersion:   Dev-AnimPhys (29E575DD-E0A3-4627-9D10-D276232CDCEA): 17
LogDevObjectVersion:   Dev-Anim (AF43A65D-7FD3-4947-9873-3E8ED9C1BB05): 2
LogDevObjectVersion:   Dev-ReflectionCapture (6B266CEC-1EC7-4B8F-A30B-E4D90942FC07): 1
LogDevObjectVersion:   Dev-Automation (0DF73D61-A23F-47EA-B727-89E90C41499A): 1
LogDevObjectVersion:   FortniteMain (601D1886-AC64-4F84-AA16-D3DE0DEAC7D6): 17
LogDevObjectVersion:   Dev-Enterprise (9DFFBCD6-494F-0158-E221-12823C92A888): 4
LogDevObjectVersion:   Dev-Niagara (F2AED0AC-9AFE-416F-8664-AA7FFA26D6FC): 1
LogStreaming: Display: Took  0.000s to delete old logs.
LogInit: Presizing for max 8388607 objects, including 0 objects not considered by GC, pre-allocating 0 bytes for permanent pool.
LogInit: Object subsystem initialized
LogConfig: Setting CVar [[con.DebugEarlyDefault:1]]
LogConfig: Setting CVar [[r.setres:1280x720]]
[2019.01.19-15.17.24:095][  0]LogConfig: Setting CVar [[r.VSync:0]]
[2019.01.19-15.17.24:095][  0]LogConfig: Setting CVar [[r.RHICmdBypass:0]]
[2019.01.19-15.17.24:095][  0]LogConfig: Applying CVar settings from Section [/Script/Engine.RendererSettings] File [D:/UE4_Projects/LD2018/Saved/Config/Windows/Engine.ini]
[2019.01.19-15.17.24:095][  0]LogConfig: Setting CVar [[r.GPUCrashDebugging:0]]
[2019.01.19-15.17.24:095][  0]LogConfig: Applying CVar settings from Section [/Script/Engine.RendererOverrideSettings] File [D:/UE4_Projects/LD2018/Saved/Config/Windows/Engine.ini]
[2019.01.19-15.17.24:095][  0]LogConfig: Applying CVar settings from Section [/Script/Engine.StreamingSettings] File [D:/UE4_Projects/LD2018/Saved/Config/Windows/Engine.ini]
[2019.01.19-15.17.24:095][  0]LogConfig: Setting CVar [[s.MinBulkDataSizeForAsyncLoading:131072]]
[2019.01.19-15.17.24:095][  0]LogConfig: Setting CVar [[s.AsyncLoadingThreadEnabled:0]]
[2019.01.19-15.17.24:095][  0]LogConfig: Setting CVar [[s.EventDrivenLoaderEnabled:1]]
[2019.01.19-15.17.24:095][  0]LogConfig: Setting CVar [[s.WarnIfTimeLimitExceeded:0]]
[2019.01.19-15.17.24:095][  0]LogConfig: Setting CVar [[s.TimeLimitExceededMultiplier:1.5]]
[2019.01.19-15.17.24:095][  0]LogConfig: Setting CVar [[s.TimeLimitExceededMinTime:0.005]]
[2019.01.19-15.17.24:095][  0]LogConfig: Setting CVar [[s.UseBackgroundLevelStreaming:1]]
[2019.01.19-15.17.24:095][  0]LogConfig: Setting CVar [[s.PriorityAsyncLoadingExtraTime:15.0]]
[2019.01.19-15.17.24:095][  0]LogConfig: Setting CVar [[s.LevelStreamingActorsUpdateTimeLimit:5.0]]
[2019.01.19-15.17.24:095][  0]LogConfig: Setting CVar [[s.PriorityLevelStreamingActorsUpdateExtraTime:5.0]]
[2019.01.19-15.17.24:095][  0]LogConfig: Setting CVar [[s.LevelStreamingComponentsRegistrationGranularity:10]]
[2019.01.19-15.17.24:095][  0]LogConfig: Setting CVar [[s.UnregisterComponentsTimeLimit:1.0]]
[2019.01.19-15.17.24:095][  0]LogConfig: Setting CVar [[s.LevelStreamingComponentsUnregistrationGranularity:5]]
[2019.01.19-15.17.24:095][  0]LogConfig: Applying CVar settings from Section [/Script/Engine.GarbageCollectionSettings] File [D:/UE4_Projects/LD2018/Saved/Config/Windows/Engine.ini]
[2019.01.19-15.17.24:095][  0]LogConfig: Setting CVar [[gc.MaxObjectsNotConsideredByGC:1]]
[2019.01.19-15.17.24:095][  0]LogConfig: Setting CVar [[gc.SizeOfPermanentObjectPool:0]]
[2019.01.19-15.17.24:095][  0]LogConfig: Setting CVar [[gc.FlushStreamingOnGC:0]]
[2019.01.19-15.17.24:095][  0]LogConfig: Setting CVar [[gc.NumRetriesBeforeForcingGC:10]]
[2019.01.19-15.17.24:096][  0]LogConfig: Setting CVar [[gc.AllowParallelGC:1]]
[2019.01.19-15.17.24:096][  0]LogConfig: Setting CVar [[gc.TimeBetweenPurgingPendingKillObjects:61.1]]
[2019.01.19-15.17.24:096][  0]LogConfig: Setting CVar [[gc.MaxObjectsInEditor:8388607]]
[2019.01.19-15.17.24:096][  0]LogConfig: Setting CVar [[gc.IncrementalBeginDestroyEnabled:1]]
[2019.01.19-15.17.24:096][  0]LogConfig: Setting CVar [[gc.CreateGCClusters:1]]
[2019.01.19-15.17.24:096][  0]LogConfig: Setting CVar [[gc.MergeGCClusters:0]]
[2019.01.19-15.17.24:096][  0]LogConfig: Setting CVar [[gc.MinGCClusterSize:5]]
[2019.01.19-15.17.24:096][  0]LogConfig: Setting CVar [[gc.ActorClusteringEnabled:0]]
[2019.01.19-15.17.24:096][  0]LogConfig: Setting CVar [[gc.BlueprintClusteringEnabled:0]]
[2019.01.19-15.17.24:096][  0]LogConfig: Setting CVar [[gc.UseDisregardForGCOnDedicatedServers:0]]
[2019.01.19-15.17.24:096][  0]LogConfig: Applying CVar settings from Section [/Script/Engine.NetworkSettings] File [D:/UE4_Projects/LD2018/Saved/Config/Windows/Engine.ini]
[2019.01.19-15.17.24:096][  0]LogConfig: Applying CVar settings from Section [/Script/UnrealEd.CookerSettings] File [D:/UE4_Projects/LD2018/Saved/Config/Windows/Engine.ini]
[2019.01.19-15.17.24:115][  0]LogConfig: Applying CVar settings from Section [ViewDistanceQuality@3] File [D:/UE4_Projects/LD2018/Saved/Config/Windows/Scalability.ini]
[2019.01.19-15.17.24:115][  0]LogConfig: Setting CVar [[r.SkeletalMeshLODBias:0]]
[2019.01.19-15.17.24:115][  0]LogConfig: Setting CVar [[r.ViewDistanceScale:1.0]]
[2019.01.19-15.17.24:115][  0]LogConfig: Applying CVar settings from Section [AntiAliasingQuality@3] File [D:/UE4_Projects/LD2018/Saved/Config/Windows/Scalability.ini]
[2019.01.19-15.17.24:115][  0]LogConfig: Setting CVar [[r.PostProcessAAQuality:4]]
[2019.01.19-15.17.24:115][  0]LogConfig: Applying CVar settings from Section [ShadowQuality@3] File [D:/UE4_Projects/LD2018/Saved/Config/Windows/Scalability.ini]
[2019.01.19-15.17.24:116][  0]LogConfig: Setting CVar [[r.LightFunctionQuality:1]]
[2019.01.19-15.17.24:116][  0]LogConfig: Setting CVar [[r.ShadowQuality:5]]
[2019.01.19-15.17.24:116][  0]LogConfig: Setting CVar [[r.Shadow.CSM.MaxCascades:10]]
[2019.01.19-15.17.24:116][  0]LogConfig: Setting CVar [[r.Shadow.MaxResolution:2048]]
[2019.01.19-15.17.24:116][  0]LogConfig: Setting CVar [[r.Shadow.MaxCSMResolution:2048]]
[2019.01.19-15.17.24:116][  0]LogConfig: Setting CVar [[r.Shadow.RadiusThreshold:0.01]]
[2019.01.19-15.17.24:116][  0]LogConfig: Setting CVar [[r.Shadow.DistanceScale:1.0]]
[2019.01.19-15.17.24:116][  0]LogConfig: Setting CVar [[r.Shadow.CSM.TransitionScale:1.0]]
[2019.01.19-15.17.24:116][  0]LogConfig: Setting CVar [[r.Shadow.PreShadowResolutionFactor:1.0]]
[2019.01.19-15.17.24:116][  0]LogConfig: Setting CVar [[r.DistanceFieldShadowing:1]]
[2019.01.19-15.17.24:116][  0]LogConfig: Setting CVar [[r.DistanceFieldAO:1]]
[2019.01.19-15.17.24:116][  0]LogConfig: Setting CVar [[r.AOQuality:2]]
[2019.01.19-15.17.24:116][  0]LogConfig: Setting CVar [[r.VolumetricFog:1]]
[2019.01.19-15.17.24:116][  0]LogConfig: Setting CVar [[r.VolumetricFog.GridPixelSize:8]]
[2019.01.19-15.17.24:116][  0]LogConfig: Setting CVar [[r.VolumetricFog.GridSizeZ:128]]
[2019.01.19-15.17.24:116][  0]LogConfig: Setting CVar [[r.VolumetricFog.HistoryMissSupersampleCount:4]]
[2019.01.19-15.17.24:116][  0]LogConfig: Setting CVar [[r.LightMaxDrawDistanceScale:1]]
[2019.01.19-15.17.24:116][  0]LogConfig: Setting CVar [[r.CapsuleShadows:1]]
[2019.01.19-15.17.24:116][  0]LogConfig: Applying CVar settings from Section [PostProcessQuality@3] File [D:/UE4_Projects/LD2018/Saved/Config/Windows/Scalability.ini]
[2019.01.19-15.17.24:116][  0]LogConfig: Setting CVar [[r.MotionBlurQuality:4]]
[2019.01.19-15.17.24:116][  0]LogConfig: Setting CVar [[r.AmbientOcclusionMipLevelFactor:0.4]]
[2019.01.19-15.17.24:116][  0]LogConfig: Setting CVar [[r.AmbientOcclusionMaxQuality:100]]
[2019.01.19-15.17.24:116][  0]LogConfig: Setting CVar [[r.AmbientOcclusionLevels:-1]]
[2019.01.19-15.17.24:116][  0]LogConfig: Setting CVar [[r.AmbientOcclusionRadiusScale:1.0]]
[2019.01.19-15.17.24:116][  0]LogConfig: Setting CVar [[r.DepthOfFieldQuality:2]]
[2019.01.19-15.17.24:116][  0]LogConfig: Setting CVar [[r.RenderTargetPoolMin:400]]
[2019.01.19-15.17.24:116][  0]LogConfig: Setting CVar [[r.LensFlareQuality:2]]
[2019.01.19-15.17.24:116][  0]LogConfig: Setting CVar [[r.SceneColorFringeQuality:1]]
[2019.01.19-15.17.24:116][  0]LogConfig: Setting CVar [[r.EyeAdaptationQuality:2]]
[2019.01.19-15.17.24:116][  0]LogConfig: Setting CVar [[r.BloomQuality:5]]
[2019.01.19-15.17.24:116][  0]LogConfig: Setting CVar [[r.FastBlurThreshold:100]]
[2019.01.19-15.17.24:116][  0]LogConfig: Setting CVar [[r.Upscale.Quality:3]]
[2019.01.19-15.17.24:116][  0]LogConfig: Setting CVar [[r.Tonemapper.GrainQuantization:1]]
[2019.01.19-15.17.24:116][  0]LogConfig: Setting CVar [[r.LightShaftQuality:1]]
[2019.01.19-15.17.24:116][  0]LogConfig: Setting CVar [[r.Filter.SizeScale:1]]
[2019.01.19-15.17.24:116][  0]LogConfig: Setting CVar [[r.Tonemapper.Quality:5]]
[2019.01.19-15.17.24:116][  0]LogConfig: Setting CVar [[r.DOF.Gather.AccumulatorQuality:1        ; higher gathering accumulator quality]]
[2019.01.19-15.17.24:116][  0]LogConfig: Setting CVar [[r.DOF.Gather.PostfilterMethod:1          ; Median3x3 postfilering method]]
[2019.01.19-15.17.24:116][  0]LogConfig: Setting CVar [[r.DOF.Gather.EnableBokehSettings:0       ; no bokeh simulation when gathering]]
[2019.01.19-15.17.24:116][  0]LogConfig: Setting CVar [[r.DOF.Gather.RingCount:4                 ; medium number of samples when gathering]]
[2019.01.19-15.17.24:116][  0]LogConfig: Setting CVar [[r.DOF.Scatter.ForegroundCompositing:1    ; additive foreground scattering]]
[2019.01.19-15.17.24:116][  0]LogConfig: Setting CVar [[r.DOF.Scatter.BackgroundCompositing:2    ; additive background scattering]]
[2019.01.19-15.17.24:116][  0]LogConfig: Setting CVar [[r.DOF.Scatter.EnableBokehSettings:1      ; bokeh simulation when scattering]]
[2019.01.19-15.17.24:116][  0]LogConfig: Setting CVar [[r.DOF.Scatter.MaxSpriteRatio:0.1         ; only a maximum of 10% of scattered bokeh]]
[2019.01.19-15.17.24:116][  0]LogConfig: Setting CVar [[r.DOF.Recombine.Quality:1                ; cheap slight out of focus]]
[2019.01.19-15.17.24:116][  0]LogConfig: Setting CVar [[r.DOF.Recombine.EnableBokehSettings:0    ; no bokeh simulation on slight out of focus]]
[2019.01.19-15.17.24:116][  0]LogConfig: Setting CVar [[r.DOF.TemporalAAQuality:1                ; more stable temporal accumulation]]
[2019.01.19-15.17.24:116][  0]LogConfig: Setting CVar [[r.DOF.Kernel.MaxForegroundRadius:0.025]]
[2019.01.19-15.17.24:116][  0]LogConfig: Setting CVar [[r.DOF.Kernel.MaxBackgroundRadius:0.025]]
[2019.01.19-15.17.24:116][  0]LogConfig: Applying CVar settings from Section [TextureQuality@3] File [D:/UE4_Projects/LD2018/Saved/Config/Windows/Scalability.ini]
[2019.01.19-15.17.24:116][  0]LogConfig: Setting CVar [[r.Streaming.MipBias:0]]
[2019.01.19-15.17.24:116][  0]LogConfig: Setting CVar [[r.Streaming.AmortizeCPUToGPUCopy:0]]
[2019.01.19-15.17.24:116][  0]LogConfig: Setting CVar [[r.Streaming.MaxNumTexturesToStreamPerFrame:0]]
[2019.01.19-15.17.24:116][  0]LogConfig: Setting CVar [[r.Streaming.Boost:1]]
[2019.01.19-15.17.24:116][  0]LogConfig: Setting CVar [[r.MaxAnisotropy:8]]
[2019.01.19-15.17.24:116][  0]LogConfig: Setting CVar [[r.Streaming.LimitPoolSizeToVRAM:0]]
[2019.01.19-15.17.24:116][  0]LogConfig: Setting CVar [[r.Streaming.PoolSize:1000]]
[2019.01.19-15.17.24:116][  0]LogConfig: Setting CVar [[r.Streaming.MaxEffectiveScreenSize:0]]
[2019.01.19-15.17.24:116][  0]LogConfig: Applying CVar settings from Section [EffectsQuality@3] File [D:/UE4_Projects/LD2018/Saved/Config/Windows/Scalability.ini]
[2019.01.19-15.17.24:116][  0]LogConfig: Setting CVar [[r.TranslucencyLightingVolumeDim:64]]
[2019.01.19-15.17.24:116][  0]LogConfig: Setting CVar [[r.RefractionQuality:2]]
[2019.01.19-15.17.24:116][  0]LogConfig: Setting CVar [[r.SSR.Quality:3]]
[2019.01.19-15.17.24:116][  0]LogConfig: Setting CVar [[r.SceneColorFormat:4]]
[2019.01.19-15.17.24:116][  0]LogConfig: Setting CVar [[r.DetailMode:2]]
[2019.01.19-15.17.24:116][  0]LogConfig: Setting CVar [[r.TranslucencyVolumeBlur:1]]
[2019.01.19-15.17.24:116][  0]LogConfig: Setting CVar [[r.MaterialQualityLevel:1 ; High quality]]
[2019.01.19-15.17.24:116][  0]LogConfig: Setting CVar [[r.SSS.Scale:1]]
[2019.01.19-15.17.24:116][  0]LogConfig: Setting CVar [[r.SSS.SampleSet:2]]
[2019.01.19-15.17.24:116][  0]LogConfig: Setting CVar [[r.SSS.Quality:1]]
[2019.01.19-15.17.24:116][  0]LogConfig: Setting CVar [[r.SSS.HalfRes:1]]
[2019.01.19-15.17.24:116][  0]LogConfig: Setting CVar [[r.EmitterSpawnRateScale:1.0]]
[2019.01.19-15.17.24:116][  0]LogConfig: Setting CVar [[r.ParticleLightQuality:2]]
[2019.01.19-15.17.24:116][  0]LogConfig: Applying CVar settings from Section [FoliageQuality@3] File [D:/UE4_Projects/LD2018/Saved/Config/Windows/Scalability.ini]
[2019.01.19-15.17.24:116][  0]LogConfig: Setting CVar [[foliage.DensityScale:1.0]]
[2019.01.19-15.17.24:116][  0]LogConfig: Setting CVar [[grass.DensityScale:1.0]]
[2019.01.19-15.17.24:116][  0]LogInit: Selected Device Profile: [Windows]
[2019.01.19-15.17.24:116][  0]LogInit: Applying CVar settings loaded from the selected device profile: [Windows]
[2019.01.19-15.17.24:136][  0]LogHAL: Display: Platform has ~ 16 GB [17125740544 / 17179869184 / 16], which maps to Larger [LargestMinGB=32, LargerMinGB=12, DefaultMinGB=8, SmallerMinGB=6, SmallestMinGB=0)
[2019.01.19-15.17.24:136][  0]LogConfig: Setting CVar [[r.Vulkan.UseRealUBs:1]]
[2019.01.19-15.17.24:136][  0]LogInit: Going up to parent DeviceProfile []
[2019.01.19-15.17.24:136][  0]LogConfig: Applying CVar settings from Section [ViewDistanceQuality@3] File [D:/UE4_Projects/LD2018/Saved/Config/Windows/Scalability.ini]
[2019.01.19-15.17.24:136][  0]LogConfig: Setting CVar [[r.SkeletalMeshLODBias:0]]
[2019.01.19-15.17.24:136][  0]LogConfig: Setting CVar [[r.ViewDistanceScale:1.0]]
[2019.01.19-15.17.24:136][  0]LogConfig: Applying CVar settings from Section [AntiAliasingQuality@3] File [D:/UE4_Projects/LD2018/Saved/Config/Windows/Scalability.ini]
[2019.01.19-15.17.24:136][  0]LogConfig: Setting CVar [[r.PostProcessAAQuality:4]]
[2019.01.19-15.17.24:136][  0]LogConfig: Applying CVar settings from Section [ShadowQuality@3] File [D:/UE4_Projects/LD2018/Saved/Config/Windows/Scalability.ini]
[2019.01.19-15.17.24:136][  0]LogConfig: Setting CVar [[r.LightFunctionQuality:1]]
[2019.01.19-15.17.24:136][  0]LogConfig: Setting CVar [[r.ShadowQuality:5]]
[2019.01.19-15.17.24:136][  0]LogConfig: Setting CVar [[r.Shadow.CSM.MaxCascades:10]]
[2019.01.19-15.17.24:136][  0]LogConfig: Setting CVar [[r.Shadow.MaxResolution:2048]]
[2019.01.19-15.17.24:136][  0]LogConfig: Setting CVar [[r.Shadow.MaxCSMResolution:2048]]
[2019.01.19-15.17.24:136][  0]LogConfig: Setting CVar [[r.Shadow.RadiusThreshold:0.01]]
[2019.01.19-15.17.24:136][  0]LogConfig: Setting CVar [[r.Shadow.DistanceScale:1.0]]
[2019.01.19-15.17.24:136][  0]LogConfig: Setting CVar [[r.Shadow.CSM.TransitionScale:1.0]]
[2019.01.19-15.17.24:136][  0]LogConfig: Setting CVar [[r.Shadow.PreShadowResolutionFactor:1.0]]
[2019.01.19-15.17.24:136][  0]LogConfig: Setting CVar [[r.DistanceFieldShadowing:1]]
[2019.01.19-15.17.24:136][  0]LogConfig: Setting CVar [[r.DistanceFieldAO:1]]
[2019.01.19-15.17.24:136][  0]LogConfig: Setting CVar [[r.AOQuality:2]]
[2019.01.19-15.17.24:136][  0]LogConfig: Setting CVar [[r.VolumetricFog:1]]
[2019.01.19-15.17.24:136][  0]LogConfig: Setting CVar [[r.VolumetricFog.GridPixelSize:8]]
[2019.01.19-15.17.24:136][  0]LogConfig: Setting CVar [[r.VolumetricFog.GridSizeZ:128]]
[2019.01.19-15.17.24:136][  0]LogConfig: Setting CVar [[r.VolumetricFog.HistoryMissSupersampleCount:4]]
[2019.01.19-15.17.24:136][  0]LogConfig: Setting CVar [[r.LightMaxDrawDistanceScale:1]]
[2019.01.19-15.17.24:136][  0]LogConfig: Setting CVar [[r.CapsuleShadows:1]]
[2019.01.19-15.17.24:136][  0]LogConfig: Applying CVar settings from Section [PostProcessQuality@3] File [D:/UE4_Projects/LD2018/Saved/Config/Windows/Scalability.ini]
[2019.01.19-15.17.24:136][  0]LogConfig: Setting CVar [[r.MotionBlurQuality:4]]
[2019.01.19-15.17.24:136][  0]LogConfig: Setting CVar [[r.AmbientOcclusionMipLevelFactor:0.4]]
[2019.01.19-15.17.24:136][  0]LogConfig: Setting CVar [[r.AmbientOcclusionMaxQuality:100]]
[2019.01.19-15.17.24:136][  0]LogConfig: Setting CVar [[r.AmbientOcclusionLevels:-1]]
[2019.01.19-15.17.24:136][  0]LogConfig: Setting CVar [[r.AmbientOcclusionRadiusScale:1.0]]
[2019.01.19-15.17.24:136][  0]LogConfig: Setting CVar [[r.DepthOfFieldQuality:2]]
[2019.01.19-15.17.24:136][  0]LogConfig: Setting CVar [[r.RenderTargetPoolMin:400]]
[2019.01.19-15.17.24:136][  0]LogConfig: Setting CVar [[r.LensFlareQuality:2]]
[2019.01.19-15.17.24:136][  0]LogConfig: Setting CVar [[r.SceneColorFringeQuality:1]]
[2019.01.19-15.17.24:136][  0]LogConfig: Setting CVar [[r.EyeAdaptationQuality:2]]
[2019.01.19-15.17.24:136][  0]LogConfig: Setting CVar [[r.BloomQuality:5]]
[2019.01.19-15.17.24:136][  0]LogConfig: Setting CVar [[r.FastBlurThreshold:100]]
[2019.01.19-15.17.24:136][  0]LogConfig: Setting CVar [[r.Upscale.Quality:3]]
[2019.01.19-15.17.24:136][  0]LogConfig: Setting CVar [[r.Tonemapper.GrainQuantization:1]]
[2019.01.19-15.17.24:136][  0]LogConfig: Setting CVar [[r.LightShaftQuality:1]]
[2019.01.19-15.17.24:136][  0]LogConfig: Setting CVar [[r.Filter.SizeScale:1]]
[2019.01.19-15.17.24:136][  0]LogConfig: Setting CVar [[r.Tonemapper.Quality:5]]
[2019.01.19-15.17.24:136][  0]LogConfig: Setting CVar [[r.DOF.Gather.AccumulatorQuality:1        ; higher gathering accumulator quality]]
[2019.01.19-15.17.24:136][  0]LogConfig: Setting CVar [[r.DOF.Gather.PostfilterMethod:1          ; Median3x3 postfilering method]]
[2019.01.19-15.17.24:136][  0]LogConfig: Setting CVar [[r.DOF.Gather.EnableBokehSettings:0       ; no bokeh simulation when gathering]]
[2019.01.19-15.17.24:136][  0]LogConfig: Setting CVar [[r.DOF.Gather.RingCount:4                 ; medium number of samples when gathering]]
[2019.01.19-15.17.24:136][  0]LogConfig: Setting CVar [[r.DOF.Scatter.ForegroundCompositing:1    ; additive foreground scattering]]
[2019.01.19-15.17.24:136][  0]LogConfig: Setting CVar [[r.DOF.Scatter.BackgroundCompositing:2    ; additive background scattering]]
[2019.01.19-15.17.24:136][  0]LogConfig: Setting CVar [[r.DOF.Scatter.EnableBokehSettings:1      ; bokeh simulation when scattering]]
[2019.01.19-15.17.24:136][  0]LogConfig: Setting CVar [[r.DOF.Scatter.MaxSpriteRatio:0.1         ; only a maximum of 10% of scattered bokeh]]
[2019.01.19-15.17.24:136][  0]LogConfig: Setting CVar [[r.DOF.Recombine.Quality:1                ; cheap slight out of focus]]
[2019.01.19-15.17.24:136][  0]LogConfig: Setting CVar [[r.DOF.Recombine.EnableBokehSettings:0    ; no bokeh simulation on slight out of focus]]
[2019.01.19-15.17.24:136][  0]LogConfig: Setting CVar [[r.DOF.TemporalAAQuality:1                ; more stable temporal accumulation]]
[2019.01.19-15.17.24:136][  0]LogConfig: Setting CVar [[r.DOF.Kernel.MaxForegroundRadius:0.025]]
[2019.01.19-15.17.24:136][  0]LogConfig: Setting CVar [[r.DOF.Kernel.MaxBackgroundRadius:0.025]]
[2019.01.19-15.17.24:136][  0]LogConfig: Applying CVar settings from Section [TextureQuality@3] File [D:/UE4_Projects/LD2018/Saved/Config/Windows/Scalability.ini]
[2019.01.19-15.17.24:136][  0]LogConfig: Setting CVar [[r.Streaming.MipBias:0]]
[2019.01.19-15.17.24:136][  0]LogConfig: Setting CVar [[r.Streaming.AmortizeCPUToGPUCopy:0]]
[2019.01.19-15.17.24:136][  0]LogConfig: Setting CVar [[r.Streaming.MaxNumTexturesToStreamPerFrame:0]]
[2019.01.19-15.17.24:136][  0]LogConfig: Setting CVar [[r.Streaming.Boost:1]]
[2019.01.19-15.17.24:136][  0]LogConfig: Setting CVar [[r.MaxAnisotropy:8]]
[2019.01.19-15.17.24:136][  0]LogConfig: Setting CVar [[r.Streaming.LimitPoolSizeToVRAM:0]]
[2019.01.19-15.17.24:136][  0]LogConfig: Setting CVar [[r.Streaming.PoolSize:1000]]
[2019.01.19-15.17.24:136][  0]LogConfig: Setting CVar [[r.Streaming.MaxEffectiveScreenSize:0]]
[2019.01.19-15.17.24:136][  0]LogConfig: Applying CVar settings from Section [EffectsQuality@3] File [D:/UE4_Projects/LD2018/Saved/Config/Windows/Scalability.ini]
[2019.01.19-15.17.24:136][  0]LogConfig: Setting CVar [[r.TranslucencyLightingVolumeDim:64]]
[2019.01.19-15.17.24:136][  0]LogConfig: Setting CVar [[r.RefractionQuality:2]]
[2019.01.19-15.17.24:136][  0]LogConfig: Setting CVar [[r.SSR.Quality:3]]
[2019.01.19-15.17.24:136][  0]LogConfig: Setting CVar [[r.SceneColorFormat:4]]
[2019.01.19-15.17.24:136][  0]LogConfig: Setting CVar [[r.DetailMode:2]]
[2019.01.19-15.17.24:136][  0]LogConfig: Setting CVar [[r.TranslucencyVolumeBlur:1]]
[2019.01.19-15.17.24:136][  0]LogConfig: Setting CVar [[r.MaterialQualityLevel:1 ; High quality]]
[2019.01.19-15.17.24:136][  0]LogConfig: Setting CVar [[r.SSS.Scale:1]]
[2019.01.19-15.17.24:136][  0]LogConfig: Setting CVar [[r.SSS.SampleSet:2]]
[2019.01.19-15.17.24:136][  0]LogConfig: Setting CVar [[r.SSS.Quality:1]]
[2019.01.19-15.17.24:136][  0]LogConfig: Setting CVar [[r.SSS.HalfRes:1]]
[2019.01.19-15.17.24:136][  0]LogConfig: Setting CVar [[r.EmitterSpawnRateScale:1.0]]
[2019.01.19-15.17.24:136][  0]LogConfig: Setting CVar [[r.ParticleLightQuality:2]]
[2019.01.19-15.17.24:137][  0]LogConfig: Applying CVar settings from Section [FoliageQuality@3] File [D:/UE4_Projects/LD2018/Saved/Config/Windows/Scalability.ini]
[2019.01.19-15.17.24:137][  0]LogConfig: Setting CVar [[foliage.DensityScale:1.0]]
[2019.01.19-15.17.24:137][  0]LogConfig: Setting CVar [[grass.DensityScale:1.0]]
[2019.01.19-15.17.24:137][  0]LogConfig: Applying CVar settings from Section [Startup] File [../../../Engine/Config/ConsoleVariables.ini]
[2019.01.19-15.17.24:137][  0]LogConfig: Setting CVar [[net.UseAdaptiveNetUpdateFrequency:0]]
[2019.01.19-15.17.24:137][  0]LogConfig: Applying CVar settings from Section [ConsoleVariables] File [D:/UE4_Projects/LD2018/Saved/Config/Windows/Engine.ini]
[2019.01.19-15.17.24:137][  0]LogInit: Computer: DESKTOP-HO83NQ8
[2019.01.19-15.17.24:137][  0]LogInit: User: Daniel
[2019.01.19-15.17.24:137][  0]LogInit: CPU Page size=4096, Cores=6
[2019.01.19-15.17.24:137][  0]LogInit: High frequency timer resolution =3.515662 MHz
[2019.01.19-15.17.24:137][  0]LogMemory: Memory total: Physical=15.9GB (16GB approx)
[2019.01.19-15.17.24:137][  0]LogMemory: Platform Memory Stats for Windows
[2019.01.19-15.17.24:137][  0]LogMemory: Process Physical Memory: 104.73 MB used, 104.73 MB peak
[2019.01.19-15.17.24:137][  0]LogMemory: Process Virtual Memory: 92.82 MB used, 92.82 MB peak
[2019.01.19-15.17.24:137][  0]LogMemory: Physical Memory: 4946.29 MB used,  11386.09 MB free, 16332.38 MB total
[2019.01.19-15.17.24:137][  0]LogMemory: Virtual Memory: 4666.54 MB used,  134213064.00 MB free, 134217728.00 MB total
[2019.01.19-15.17.24:158][  0]LogInit: Using OS detected language (en-US).
[2019.01.19-15.17.24:158][  0]LogInit: Using OS detected locale (en-US).
[2019.01.19-15.17.24:159][  0]LogTextLocalizationManager: No specific localization for 'en-US' exists, so the 'en' localization will be used.
[2019.01.19-15.17.24:521][  0]LogStreaming: Display: Took  0.364s to InitEngineTextLocalization.
[2019.01.19-15.17.24:521][  0]LogInit: Setting process to per monitor DPI aware
[2019.01.19-15.17.24:562][  0]LogSlate: New Slate User Created.  User Index 0, Is Virtual User: 0
[2019.01.19-15.17.24:562][  0]LogSlate: Slate User Registered.  User Index 0, Is Virtual User: 0
[2019.01.19-15.17.24:739][  0]LogHMD: Failed to initialize OpenVR with code 110
[2019.01.19-15.17.24:739][  0]LogD3D11RHI: D3D11 adapters:
[2019.01.19-15.17.24:798][  0]LogD3D11RHI:    0. 'NVIDIA GeForce GTX 1070 Ti' (Feature Level 11_0)
[2019.01.19-15.17.24:798][  0]LogD3D11RHI:       8080/0/8166 MB DedicatedVideo/DedicatedSystem/SharedSystem, Outputs:2, VendorId:0x10de
[2019.01.19-15.17.24:800][  0]LogD3D11RHI:    1. 'Microsoft Basic Render Driver' (Feature Level 11_0)
[2019.01.19-15.17.24:800][  0]LogD3D11RHI:       0/0/8166 MB DedicatedVideo/DedicatedSystem/SharedSystem, Outputs:0, VendorId:0x1414
[2019.01.19-15.17.24:800][  0]LogD3D11RHI: Chosen D3D11 Adapter: 0
[2019.01.19-15.17.24:822][  0]LogD3D11RHI: Creating new Direct3DDevice
[2019.01.19-15.17.24:822][  0]LogD3D11RHI:     GPU DeviceId: 0x1b82 (for the marketing name, search the web for "GPU Device Id")
[2019.01.19-15.17.24:822][  0]LogWindows: EnumDisplayDevices:
[2019.01.19-15.17.24:822][  0]LogWindows:    0. 'NVIDIA GeForce GTX 1070 Ti' (P:1 D:1)
[2019.01.19-15.17.24:822][  0]LogWindows:    1. 'NVIDIA GeForce GTX 1070 Ti' (P:0 D:1)
[2019.01.19-15.17.24:823][  0]LogWindows:    2. 'NVIDIA GeForce GTX 1070 Ti' (P:0 D:0)
[2019.01.19-15.17.24:823][  0]LogWindows:    3. 'NVIDIA GeForce GTX 1070 Ti' (P:0 D:0)
[2019.01.19-15.17.24:823][  0]LogWindows: DebugString: FoundDriverCount:4 
[2019.01.19-15.17.24:823][  0]LogD3D11RHI:     Adapter Name: NVIDIA GeForce GTX 1070 Ti
[2019.01.19-15.17.24:823][  0]LogD3D11RHI:   Driver Version: 417.71 (internal:25.21.14.1771, unified:417.71)
[2019.01.19-15.17.24:823][  0]LogD3D11RHI:      Driver Date: 1-11-2019
[2019.01.19-15.17.24:823][  0]LogRHI: Texture pool is 5656 MB (70% of 8080 MB)
[2019.01.19-15.17.24:870][  0]LogD3D11RHI: Async texture creation enabled
[2019.01.19-15.17.24:899][  0]LogD3D11RHI: GPU Timing Frequency: 1000.000000 (Debug: 2 2)
[2019.01.19-15.17.25:235][  0]LogTemp: Display: Loaded TP AllDesktopTargetPlatform
[2019.01.19-15.17.25:248][  0]LogTemp: Display: Loaded TP MacClientTargetPlatform
[2019.01.19-15.17.25:260][  0]LogTemp: Display: Loaded TP MacNoEditorTargetPlatform
[2019.01.19-15.17.25:272][  0]LogTemp: Display: Loaded TP MacServerTargetPlatform
[2019.01.19-15.17.25:285][  0]LogTemp: Display: Loaded TP MacTargetPlatform
[2019.01.19-15.17.25:297][  0]LogTemp: Display: Loaded TP WindowsClientTargetPlatform
[2019.01.19-15.17.25:310][  0]LogTemp: Display: Loaded TP WindowsNoEditorTargetPlatform
[2019.01.19-15.17.25:322][  0]LogTemp: Display: Loaded TP WindowsServerTargetPlatform
[2019.01.19-15.17.25:328][  0]LogTemp: Display: Loaded TP WindowsTargetPlatform
[2019.01.19-15.17.25:409][  0]LogTemp: Display: Loaded TP AndroidTargetPlatform
[2019.01.19-15.17.25:409][  0]LogTemp: Display: Loaded TP AndroidTargetPlatform
[2019.01.19-15.17.25:409][  0]LogTemp: Display: Loaded TP AndroidTargetPlatform
[2019.01.19-15.17.25:409][  0]LogTemp: Display: Loaded TP AndroidTargetPlatform
[2019.01.19-15.17.25:409][  0]LogTemp: Display: Loaded TP AndroidTargetPlatform
[2019.01.19-15.17.25:409][  0]LogTemp: Display: Loaded TP AndroidTargetPlatform
[2019.01.19-15.17.25:409][  0]LogTemp: Display: Loaded TP AndroidTargetPlatform
[2019.01.19-15.17.25:409][  0]LogTemp: Display: Loaded TP AndroidTargetPlatform
[2019.01.19-15.17.25:409][  0]LogTemp: Display: Loaded TP AndroidTargetPlatform
[2019.01.19-15.17.25:409][  0]LogTemp: Display: Loaded TP AndroidTargetPlatform
[2019.01.19-15.17.25:409][  0]LogTemp: Display: Loaded TP AndroidTargetPlatform
[2019.01.19-15.17.25:409][  0]LogTemp: Display: Loaded TP AndroidTargetPlatform
[2019.01.19-15.17.25:409][  0]LogTemp: Display: Loaded TP AndroidTargetPlatform
[2019.01.19-15.17.25:409][  0]LogTemp: Display: Loaded TP AndroidTargetPlatform
[2019.01.19-15.17.25:409][  0]LogTemp: Display: Loaded TP AndroidTargetPlatform
[2019.01.19-15.17.25:409][  0]LogTemp: Display: Loaded TP AndroidTargetPlatform
[2019.01.19-15.17.25:409][  0]LogTemp: Display: Loaded TP AndroidTargetPlatform
[2019.01.19-15.17.25:409][  0]LogTemp: Display: Loaded TP AndroidTargetPlatform
[2019.01.19-15.17.25:410][  0]LogTemp: Display: Loaded TP HTML5TargetPlatform
[2019.01.19-15.17.25:478][  0]LogTemp: Display: Loaded TP IOSTargetPlatform
[2019.01.19-15.17.25:478][  0]LogTemp: Display: Loaded TP IOSTargetPlatform
[2019.01.19-15.17.25:503][  0]LogTemp: Display: Loaded TP TVOSTargetPlatform
[2019.01.19-15.17.25:503][  0]LogTemp: Display: Loaded TP TVOSTargetPlatform
[2019.01.19-15.17.25:515][  0]LogTemp: Display: Loaded TP LinuxClientTargetPlatform
[2019.01.19-15.17.25:527][  0]LogTemp: Display: Loaded TP LinuxNoEditorTargetPlatform
[2019.01.19-15.17.25:538][  0]LogTemp: Display: Loaded TP LinuxServerTargetPlatform
[2019.01.19-15.17.25:551][  0]LogTemp: Display: Loaded TP LinuxTargetPlatform
[2019.01.19-15.17.25:608][  0]LogTemp: Display: Loaded TP LuminTargetPlatform
[2019.01.19-15.17.25:608][  0]LogTemp: Display: Loaded TP LuminTargetPlatform
[2019.01.19-15.17.25:608][  0]LogTargetPlatformManager: Display: Building Assets For Windows
[2019.01.19-15.17.25:657][  0]LogShaderCompilers: Guid format shader working directory is 14 characters bigger than the processId version (../../../../../UE4_Projects/LD2018/Intermediate/Shaders/WorkingDirectory/400/).
[2019.01.19-15.17.25:657][  0]LogShaderCompilers: Cleaned the shader compiler working directory 'C:/Users/Daniel/AppData/Local/Temp/UnrealShaderWorkingDir/8C47E2604E5D23EA601F80B0489D6DBA/'.
[2019.01.19-15.17.25:658][  0]LogXGEController: Cleaning working directory: C:/Users/Daniel/AppData/Local/Temp/UnrealXGEWorkingDir/
[2019.01.19-15.17.25:658][  0]LogXGEController: Cannot use XGE Controller as Incredibuild is not installed on this machine.
[2019.01.19-15.17.25:658][  0]LogShaderCompilers: Cannot use XGE Shader Compiler as Incredibuild is not installed on this machine.
[2019.01.19-15.17.25:658][  0]LogShaderCompilers: Display: Using Local Shader Compiler.
[2019.01.19-15.17.26:144][  0]LogDerivedDataCache: Display: Max Cache Size: 512 MB
[2019.01.19-15.17.26:186][  0]LogDerivedDataCache: Loaded boot cache 0.04s 73MB C:/Users/Daniel/AppData/Local/UnrealEngine/4.21/DerivedDataCache/Boot.ddc.
[2019.01.19-15.17.26:186][  0]LogDerivedDataCache: Display: Loaded Boot cache: C:/Users/Daniel/AppData/Local/UnrealEngine/4.21/DerivedDataCache/Boot.ddc
[2019.01.19-15.17.26:186][  0]LogDerivedDataCache: FDerivedDataBackendGraph:  Pak pak cache file ../../../../../UE4_Projects/LD2018/DerivedDataCache/DDC.ddp not found, will not use a pak cache.
[2019.01.19-15.17.26:186][  0]LogDerivedDataCache: Unable to find inner node Pak for hierarchical cache Hierarchy.
[2019.01.19-15.17.26:186][  0]LogDerivedDataCache: FDerivedDataBackendGraph:  CompressedPak pak cache file ../../../../../UE4_Projects/LD2018/DerivedDataCache/Compressed.ddp not found, will not use a pak cache.
[2019.01.19-15.17.26:186][  0]LogDerivedDataCache: Unable to find inner node CompressedPak for hierarchical cache Hierarchy.
[2019.01.19-15.17.26:198][  0]LogDerivedDataCache: Display: Pak cache opened for reading ../../../Engine/DerivedDataCache/Compressed.ddp.
[2019.01.19-15.17.26:198][  0]LogDerivedDataCache: FDerivedDataBackendGraph:  EnterprisePak pak cache file ../../../Enterprise/DerivedDataCache/Compressed.ddp not found, will not use a pak cache.
[2019.01.19-15.17.26:198][  0]LogDerivedDataCache: Unable to find inner node EnterprisePak for hierarchical cache Hierarchy.
[2019.01.19-15.17.26:210][  0]LogDerivedDataCache: Using Local data cache path C:/Users/Daniel/AppData/Local/UnrealEngine/Common/DerivedDataCache: Writable
[2019.01.19-15.17.26:210][  0]LogDerivedDataCache: Shared data cache path not found in *engine.ini, will not use an Shared cache.
[2019.01.19-15.17.26:210][  0]LogDerivedDataCache: Unable to find inner node Shared for hierarchical cache Hierarchy.
[2019.01.19-15.17.26:244][  0]LogMaterial: Verifying Global Shaders for PCD3D_SM5
[2019.01.19-15.17.26:246][  0]LogSlate: Using FreeType 2.6.0
[2019.01.19-15.17.26:246][  0]LogSlate: SlateFontServices - WITH_FREETYPE: 1, WITH_HARFBUZZ: 1
[2019.01.19-15.17.26:328][  0]LogAssetRegistry: FAssetRegistry took 0.0342 seconds to start up
[2019.01.19-15.17.26:631][  0]LogInit: Selected Device Profile: [Windows]
[2019.01.19-15.17.26:755][  0]LogSimplygon: Simplygon DLL not present - disabling.
[2019.01.19-15.17.26:758][  0]LogMeshReduction: Using SimplygonSwarm for distributed automatic mesh merging
[2019.01.19-15.17.26:758][  0]LogMeshReduction: Using ProxyLODMeshReduction for automatic mesh merging
[2019.01.19-15.17.26:758][  0]LogMeshReduction: Using QuadricMeshReduction for automatic static mesh reduction
[2019.01.19-15.17.26:758][  0]LogMeshReduction: No automatic skeletal mesh reduction module available
[2019.01.19-15.17.26:769][  0]LogNetVersion: LD43 1.0.0, NetCL: 4541578, EngineNetVer: 5, GameNetVer: 0 (Checksum: 1178865739)
[2019.01.19-15.17.27:215][  0]LogPackageLocalizationCache: Processed 11 localized package path(s) for 2 prioritized culture(s) in 0.089217 seconds
[2019.01.19-15.17.27:223][  0]LogUObjectArray: 39775 objects as part of root set at end of initial load.
[2019.01.19-15.17.27:223][  0]LogUObjectAllocator: 6914656 out of 0 bytes used by permanent object pool.
[2019.01.19-15.17.27:223][  0]LogUObjectArray: CloseDisregardForGC: 0/0 objects in disregard for GC pool
[2019.01.19-15.17.27:942][  0]LogTcpMessaging: Initializing TcpMessaging bridge
[2019.01.19-15.17.27:956][  0]LogUdpMessaging: Initializing bridge on interface 0.0.0.0:0 to multicast group 230.0.0.1:6666.
[2019.01.19-15.17.28:582][  0]SourceControl: Source control is disabled
[2019.01.19-15.17.29:041][  0]LogAndroidPermission: UAndroidPermissionCallbackProxy::GetInstance
[2019.01.19-15.17.29:122][  0]LogOcInput: OculusInput pre-init called
[2019.01.19-15.17.29:256][  0]LogEngine: Initializing Engine...
[2019.01.19-15.17.29:258][  0]LogHMD: Failed to initialize OpenVR with code 110
[2019.01.19-15.17.29:260][  0]LogStats: UGameplayTagsManager::ConstructGameplayTagTree: ImportINI prefixes -  0.000 s
[2019.01.19-15.17.29:260][  0]LogStats: UGameplayTagsManager::ConstructGameplayTagTree: Construct from data asset -  0.000 s
[2019.01.19-15.17.29:260][  0]LogStats: UGameplayTagsManager::ConstructGameplayTagTree: ImportINI -  0.000 s
[2019.01.19-15.17.29:260][  0]LogStats: UGameplayTagsManager::ConstructGameplayTagTree: GameplayTagTreeChangedEvent.Broadcast -  0.000 s
[2019.01.19-15.17.29:497][  0]LogInit: Initializing FReadOnlyCVARCache
[2019.01.19-15.17.29:506][  0]LogAIModule: Creating AISystem for world Untitled
[2019.01.19-15.17.29:562][  0]LogInit: XAudio2 using 'Speakers (Realtek(R) Audio)' : 2 channels at 48 kHz using 32 bits per sample (channel mask 0x3)
[2019.01.19-15.17.29:597][  0]LogInit: FAudioDevice initialized.
[2019.01.19-15.17.29:597][  0]LogNetVersion: Set ProjectVersion to 1.0.0.0. Version Checksum will be recalculated on next use.
[2019.01.19-15.17.29:667][  0]LogDerivedDataCache: Saved boot cache 0.07s 71MB C:/Users/Daniel/AppData/Local/UnrealEngine/4.21/DerivedDataCache/Boot.ddc.
[2019.01.19-15.17.29:684][  0]LogInit: Texture streaming: Enabled
[2019.01.19-15.17.29:699][  0]LogEngineSessionManager: EngineSessionManager initialized
[2019.01.19-15.17.29:713][  0]LogInit: Transaction tracking system initialized
[2019.01.19-15.17.29:726][  0]BlueprintLog: New page: Editor Load
[2019.01.19-15.17.29:776][  0]LocalizationService: Localization service is disabled
[2019.01.19-15.17.30:003][  0]LogLinker: Warning: Can't find file '/Game/TowerDefenseFiles/TopDownOverview'
[2019.01.19-15.17.30:003][  0]LogLinker: Warning: Can't find file '/Game/TowerDefenseFiles/TopDownOverview'
[2019.01.19-15.17.30:003][  0]LogUObjectGlobals: Warning: Failed to find object 'Class /Game/TowerDefenseFiles/TopDownOverview.TopDownOverview_C'
[2019.01.19-15.17.30:190][  0]LogFileCache: Scanning file cache for directory 'D:/UE4_Projects/LD2018/Content/' took 0.02s
[2019.01.19-15.17.30:190][  0]LogCook: Display: Max memory allowance for cook 16384mb min free memory 0mb
[2019.01.19-15.17.30:190][  0]LogCook: Display: Mobile HDR setting 1
[2019.01.19-15.17.30:190][  0]LogGameplayTags: Display: UGameplayTagsManager::DoneAddingNativeTags. DelegateIsBound: 0
[2019.01.19-15.17.30:190][  0]LogStats: UGameplayTagsManager::ConstructGameplayTagTree: ImportINI prefixes -  0.000 s
[2019.01.19-15.17.30:190][  0]LogStats: UGameplayTagsManager::ConstructGameplayTagTree: Construct from data asset -  0.000 s
[2019.01.19-15.17.30:190][  0]LogStats: UGameplayTagsManager::ConstructGameplayTagTree: ImportINI -  0.000 s
[2019.01.19-15.17.30:190][  0]LogStats: UGameplayTagsManager::ConstructGameplayTagTree: GameplayTagTreeChangedEvent.Broadcast -  0.000 s
[2019.01.19-15.17.30:306][  0]Cmd: MAP LOAD FILE="../../../../../UE4_Projects/LD2018/Content/TopDownBP/Maps/MainMenu.umap" TEMPLATE=0 SHOWPROGRESS=1 FEATURELEVEL=3
[2019.01.19-15.17.30:320][  0]LightingResults: New page: Lighting Build
[2019.01.19-15.17.30:322][  0]MapCheck: New page: Map Check
[2019.01.19-15.17.30:322][  0]LightingResults: New page: Lighting Build
[2019.01.19-15.17.30:537][  0]LogAIModule: Creating AISystem for world MainMenu
[2019.01.19-15.17.30:538][  0]LogEditorServer: Finished looking for orphan Actors (0.000 secs)
[2019.01.19-15.17.30:568][  0]Cmd: MAP CHECKDEP NOCLEARLOG
[2019.01.19-15.17.30:568][  0]MapCheck: Map check complete: 0 Error(s), 0 Warning(s), took 0.106ms to complete.
[2019.01.19-15.17.30:568][  0]LogFileHelpers: Loading map 'MainMenu' took 0.262
[2019.01.19-15.17.30:657][  0]LogSlate: Updating window title bar state: overlay mode, drag disabled, window buttons hidden, title bar hidden
[2019.01.19-15.17.30:664][  0]LogSlate: Updating window title bar state: overlay mode, drag disabled, window buttons hidden, title bar hidden
[2019.01.19-15.17.30:672][  0]LogSlate: Updating window title bar state: overlay mode, drag disabled, window buttons hidden, title bar hidden
[2019.01.19-15.17.30:679][  0]LogSlate: Updating window title bar state: overlay mode, drag disabled, window buttons hidden, title bar hidden
[2019.01.19-15.17.30:684][  0]LogCollectionManager: Loaded 0 collections in 0.000901 seconds
[2019.01.19-15.17.30:710][  0]LogFileCache: Scanning file cache for directory 'D:/UE4_Projects/LD2018/Saved/Collections/' took 0.01s
[2019.01.19-15.17.30:710][  0]LogFileCache: Scanning file cache for directory 'D:/UE4_Projects/LD2018/Content/Developers/Daniel/Collections/' took 0.01s
[2019.01.19-15.17.30:710][  0]LogFileCache: Scanning file cache for directory 'D:/UE4_Projects/LD2018/Content/Collections/' took 0.00s
[2019.01.19-15.17.30:710][  0]LogCollectionManager: Rebuilt the GUID cache for 0 collections in 0.000000 seconds
[2019.01.19-15.17.30:722][  0]LogContentBrowser: Native class hierarchy populated in 0.0120 seconds. Added 2651 classes and 620 folders.
[2019.01.19-15.17.30:726][  0]LogContentBrowser: Native class hierarchy updated for 'WidgetCarousel' in 0.0003 seconds. Added 0 classes and 0 folders.
[2019.01.19-15.17.30:727][  0]LogPakFile: Registered encryption key '00000000000000000000000000000000': 0 pak files mounted, 0 remain pending
[2019.01.19-15.17.30:728][  0]LogPakFile: Registered encryption key '00000000000000000000000000000000': 0 pak files mounted, 0 remain pending
[2019.01.19-15.17.30:728][  0]LogPakFile: Registered encryption key '00000000000000000000000000000000': 0 pak files mounted, 0 remain pending
[2019.01.19-15.17.30:729][  0]LogPakFile: Registered encryption key '00000000000000000000000000000000': 0 pak files mounted, 0 remain pending
[2019.01.19-15.17.30:729][  0]LogPakFile: Registered encryption key '00000000000000000000000000000000': 0 pak files mounted, 0 remain pending
[2019.01.19-15.17.30:729][  0]LogPakFile: Registered encryption key '00000000000000000000000000000000': 0 pak files mounted, 0 remain pending
[2019.01.19-15.17.30:730][  0]LogPakFile: Registered encryption key '00000000000000000000000000000000': 0 pak files mounted, 0 remain pending
[2019.01.19-15.17.30:730][  0]LogPakFile: Registered encryption key '00000000000000000000000000000000': 0 pak files mounted, 0 remain pending
[2019.01.19-15.17.30:730][  0]LogPakFile: Registered encryption key '00000000000000000000000000000000': 0 pak files mounted, 0 remain pending
[2019.01.19-15.17.30:731][  0]LogPakFile: Registered encryption key '00000000000000000000000000000000': 0 pak files mounted, 0 remain pending
[2019.01.19-15.17.30:731][  0]LogPakFile: Registered encryption key '00000000000000000000000000000000': 0 pak files mounted, 0 remain pending
[2019.01.19-15.17.30:732][  0]LogPakFile: Registered encryption key '00000000000000000000000000000000': 0 pak files mounted, 0 remain pending
[2019.01.19-15.17.30:732][  0]LogPakFile: Registered encryption key '00000000000000000000000000000000': 0 pak files mounted, 0 remain pending
[2019.01.19-15.17.30:732][  0]LogPakFile: Registered encryption key '00000000000000000000000000000000': 0 pak files mounted, 0 remain pending
[2019.01.19-15.17.30:733][  0]LogPakFile: Registered encryption key '00000000000000000000000000000000': 0 pak files mounted, 0 remain pending
[2019.01.19-15.17.30:733][  0]LogPakFile: Registered encryption key '00000000000000000000000000000000': 0 pak files mounted, 0 remain pending
[2019.01.19-15.17.30:733][  0]LogPakFile: Registered encryption key '00000000000000000000000000000000': 0 pak files mounted, 0 remain pending
[2019.01.19-15.17.30:734][  0]LogPakFile: Registered encryption key '00000000000000000000000000000000': 0 pak files mounted, 0 remain pending
[2019.01.19-15.17.30:734][  0]LogPakFile: Registered encryption key '00000000000000000000000000000000': 0 pak files mounted, 0 remain pending
[2019.01.19-15.17.30:735][  0]LogPakFile: Registered encryption key '00000000000000000000000000000000': 0 pak files mounted, 0 remain pending
[2019.01.19-15.17.30:735][  0]LogPakFile: Registered encryption key '00000000000000000000000000000000': 0 pak files mounted, 0 remain pending
[2019.01.19-15.17.30:735][  0]LogPakFile: Registered encryption key '00000000000000000000000000000000': 0 pak files mounted, 0 remain pending
[2019.01.19-15.17.30:736][  0]LogPakFile: Registered encryption key '00000000000000000000000000000000': 0 pak files mounted, 0 remain pending
[2019.01.19-15.17.30:736][  0]LogPakFile: Registered encryption key '00000000000000000000000000000000': 0 pak files mounted, 0 remain pending
[2019.01.19-15.17.30:737][  0]LogPakFile: Registered encryption key '00000000000000000000000000000000': 0 pak files mounted, 0 remain pending
[2019.01.19-15.17.30:737][  0]LogPakFile: Registered encryption key '00000000000000000000000000000000': 0 pak files mounted, 0 remain pending
[2019.01.19-15.17.30:762][  0]LogContentBrowser: Native class hierarchy updated for 'AddContentDialog' in 0.0002 seconds. Added 0 classes and 0 folders.
[2019.01.19-15.17.30:767][  0]LogContentBrowser: Native class hierarchy updated for 'SceneOutliner' in 0.0003 seconds. Added 1 classes and 2 folders.
[2019.01.19-15.17.30:827][  0]LogSlate: Took 0.000189 seconds to synchronously load lazily loaded font '../../../Engine/Content/Slate/Fonts/Roboto-Regular.ttf' (155K)
[2019.01.19-15.17.30:829][  0]LogSlate: Took 0.000155 seconds to synchronously load lazily loaded font '../../../Engine/Content/Slate/Fonts/Roboto-Bold.ttf' (160K)
[2019.01.19-15.17.30:836][  0]LogSlate: Took 0.000150 seconds to synchronously load lazily loaded font '../../../Engine/Content/Editor/Slate/Fonts/FontAwesome.ttf' (139K)
[2019.01.19-15.17.30:912][  0]LogRenderer: Reallocating scene render targets to support 1608x808 Format 10 NumSamples 1 (Frame:1).
[2019.01.19-15.17.31:029][  0]LogContentBrowser: Native class hierarchy updated for 'HierarchicalLODOutliner' in 0.0003 seconds. Added 0 classes and 0 folders.
[2019.01.19-15.17.31:029][  0]LogLoad: (Engine Initialization) Total time: 8.85 seconds
[2019.01.19-15.17.31:029][  0]LogLoad: (Engine Initialization) Total Blueprint compile time: 0.00 seconds
[2019.01.19-15.17.31:042][  0]LogWindowsTextInputMethodSystem: Display: IME system now deactivated.
[2019.01.19-15.17.31:077][  0]LogAssetRegistry: Asset discovery search completed in 4.7719 seconds
[2019.01.19-15.17.31:078][  0]LogCollectionManager: Rebuilt the object cache for 0 collections in 0.000000 seconds (found 0 objects)
[2019.01.19-15.17.31:078][  0]LogCollectionManager: Fixed up redirectors for 0 collections in 0.000036 seconds (updated 0 objects)
[2019.01.19-15.17.31:082][  0]LogContentStreaming: Texture pool size now 1000 MB
[2019.01.19-15.17.32:059][110]LogSlate: Took 0.000156 seconds to synchronously load lazily loaded font '../../../Engine/Content/Slate/Fonts/Roboto-Light.ttf' (167K)
[2019.01.19-15.17.34:581][411]LogSlate: FSceneViewport::OnFocusLost() reason 0
[2019.01.19-15.17.35:657][540]LogSlate: FSceneViewport::OnFocusLost() reason 0
[2019.01.19-15.17.43:476][421]LogAssetEditorManager: Opening Asset editor for Blueprint /Game/TopDownBP/Blueprints/CameraPawn_BP.CameraPawn_BP
[2019.01.19-15.17.43:978][421]LogContentBrowser: Native class hierarchy updated for 'BlueprintGraph' in 0.0005 seconds. Added 117 classes and 0 folders.
[2019.01.19-15.17.44:945][421]LogSlate: Took 0.000173 seconds to synchronously load lazily loaded font '../../../Engine/Content/Slate/Fonts/Roboto-BoldCondensed.ttf' (158K)
[2019.01.19-15.17.46:782][619]LogSlate: Took 0.000166 seconds to synchronously load lazily loaded font '../../../Engine/Content/Slate/Fonts/Roboto-Italic.ttf' (157K)
[2019.01.19-15.17.50:645][ 35]LogSlate: Window 'CameraPawn_BP' being destroyed
[2019.01.19-15.17.50:648][ 35]LogSlate: Window 'CameraPawn_BP' being destroyed
[2019.01.19-15.17.51:783][155]LogAssetEditorManager: Opening Asset editor for WidgetBlueprint /Game/TopDownBP/Blueprints/CompassWidget.CompassWidget
[2019.01.19-15.17.55:752][486]LogSlate: Window 'CompassWidget' being destroyed
[2019.01.19-15.17.55:755][486]LogSlate: Window 'CompassWidget' being destroyed
[2019.01.19-15.17.57:054][636]LogAssetEditorManager: Opening Asset editor for UserDefinedEnum /Game/TopDownBP/Blueprints/Directions_Enum.Directions_Enum
[2019.01.19-15.17.58:643][815]LogSlate: Window 'Directions_Enum' being destroyed
[2019.01.19-15.17.58:646][815]LogSlate: Window 'Directions_Enum' being destroyed
[2019.01.19-15.18.01:507][102]LogMaterial: Display: Missing cached shader map for material Window, compiling. 
[2019.01.19-15.18.01:550][102]LogMaterial: Display: Missing cached shader map for material Grass, compiling. 
[2019.01.19-15.18.01:562][102]LogShaderCompilers: Display: Shaders left to compile 22
[2019.01.19-15.18.01:562][102]LogShaderCompilers: Display: Shaders left to compile 12
[2019.01.19-15.18.01:562][102]LogShaderCompilers: Display: Shaders left to compile 2
[2019.01.19-15.18.01:562][102]LogMaterial: Display: Missing cached shader map for material Wall, compiling. 
[2019.01.19-15.18.01:755][102]LogShaderCompilers: Display: Shaders left to compile 44
[2019.01.19-15.18.01:755][102]LogShaderCompilers: Display: Shaders left to compile 34
[2019.01.19-15.18.01:755][102]LogShaderCompilers: Display: Shaders left to compile 24
[2019.01.19-15.18.01:755][102]LogShaderCompilers: Display: Shaders left to compile 14
[2019.01.19-15.18.01:755][102]LogShaderCompilers: Display: Shaders left to compile 4
[2019.01.19-15.18.01:761][102]LogAssetEditorManager: Opening Asset editor for Blueprint /Game/TopDownBP/Blueprints/GameManager_BP.GameManager_BP
[2019.01.19-15.19.34:245][965]BlueprintLog: New page: Compile GameManager_BP
[2019.01.19-15.20.19:900][978]BlueprintLog: New page: Compile GameManager_BP
[2019.01.19-15.21.48:207][840]BlueprintLog: New page: Compile GameManager_BP
[2019.01.19-15.23.33:861][679]BlueprintLog: New page: Compile GameManager_BP
[2019.01.19-15.23.34:496][708]Cmd: OBJ SAVEPACKAGE PACKAGE="/Game/TopDownBP/Blueprints/GameManager_BP" FILE="../../../../../UE4_Projects/LD2018/Content/TopDownBP/Blueprints/GameManager_BP.uasset" SILENT=true
[2019.01.19-15.23.34:573][708]LogSavePackage: Moving '../../../../../UE4_Projects/LD2018/Saved/GameManager_BP360DCE524B4F15B516E41F81F8AEE902.tmp' to '../../../../../UE4_Projects/LD2018/Content/TopDownBP/Blueprints/GameManager_BP.uasset'
[2019.01.19-15.24.20:281][798]BlueprintLog: New page: Compile GameManager_BP
[2019.01.19-15.24.21:192][857]LogSlate: Window 'GameManager_BP*' being destroyed
[2019.01.19-15.24.21:195][857]LogSlate: Window 'GameManager_BP*' being destroyed
[2019.01.19-15.24.22:795][ 39]LogAssetEditorManager: Opening Asset editor for Blueprint /Game/TopDownBP/Blueprints/OurController.OurController
[2019.01.19-15.24.25:536][317]LogSlate: Window 'OurController' being destroyed
[2019.01.19-15.24.25:625][317]LogAssetEditorManager: Opening Asset editor for Blueprint /Game/TopDownBP/Blueprints/OurController.OurController
[2019.01.19-15.24.27:250][442]LogSlate: Window 'OurController' being destroyed
[2019.01.19-15.24.27:254][442]LogSlate: Window 'OurController' being destroyed
[2019.01.19-15.24.28:411][571]LogAssetEditorManager: Opening Asset editor for Blueprint /Game/TopDownBP/Blueprints/OurHud.OurHud
[2019.01.19-15.24.32:121][951]LogSlate: Window 'OurHud' being destroyed
[2019.01.19-15.24.32:124][951]LogSlate: Window 'OurHud' being destroyed
[2019.01.19-15.24.34:176][188]LogAssetEditorManager: Opening Asset editor for WidgetBlueprint /Game/TopDownBP/Blueprints/SelectedTile_WB.SelectedTile_WB
[2019.01.19-15.24.35:969][328]LogSlate: Window 'SelectedTile_WB' being destroyed
[2019.01.19-15.24.35:971][328]LogSlate: Window 'SelectedTile_WB' being destroyed
[2019.01.19-15.24.37:207][470]LogAssetEditorManager: Opening Asset editor for Blueprint /Game/TopDownBP/Blueprints/Tile_BP.Tile_BP
[2019.01.19-15.25.45:665][585]LogSlate: Window 'Tile_BP*' being destroyed
[2019.01.19-15.25.45:667][585]LogSlate: Window 'Tile_BP*' being destroyed
[2019.01.19-15.25.48:452][704]LogSlate: Window 'Save Content' being destroyed
[2019.01.19-15.25.48:512][704]Cmd: OBJ SAVEPACKAGE PACKAGE="/Game/TopDownBP/Blueprints/GameManager_BP" FILE="../../../../../UE4_Projects/LD2018/Content/TopDownBP/Blueprints/GameManager_BP.uasset" SILENT=true
[2019.01.19-15.25.48:576][704]LogSavePackage: Moving '../../../../../UE4_Projects/LD2018/Saved/GameManager_BP41706C09425D603351F6CE833C26550A.tmp' to '../../../../../UE4_Projects/LD2018/Content/TopDownBP/Blueprints/GameManager_BP.uasset'
[2019.01.19-15.25.48:595][704]Cmd: OBJ SAVEPACKAGE PACKAGE="/Game/TopDownBP/Blueprints/Tile_BP" FILE="../../../../../UE4_Projects/LD2018/Content/TopDownBP/Blueprints/Tile_BP.uasset" SILENT=true
[2019.01.19-15.25.48:806][704]LogSavePackage: Moving '../../../../../UE4_Projects/LD2018/Saved/Tile_BPCA184FAA47B3B3EA98AC8D9DF8781450.tmp' to '../../../../../UE4_Projects/LD2018/Content/TopDownBP/Blueprints/Tile_BP.uasset'
[2019.01.19-15.25.48:911][704]LogSlate: Window 'LD43 - Unreal Editor' being destroyed
[2019.01.19-15.25.48:911][704]LogWindowsTextInputMethodSystem: Display: IME system now deactivated.
[2019.01.19-15.25.49:111][705]Cmd: QUIT_EDITOR
[2019.01.19-15.25.49:143][705]LogExit: Preparing to exit.
[2019.01.19-15.25.50:279][705]LogExit: Editor shut down
[2019.01.19-15.25.50:279][705]LogExit: Transaction tracking system shut down
[2019.01.19-15.25.50:578][705]LogExit: Object subsystem successfully closed.
[2019.01.19-15.25.50:601][705]LogShaderCompilers: Display: Shaders left to compile 0
[2019.01.19-15.25.50:603][705]LogD3D11RHI: Shutdown
[2019.01.19-15.25.50:603][705]LogD3D11RHI: CleanupD3DDevice
[2019.01.19-15.25.50:605][705]LogD3D11RHI: ~FD3D11DynamicRHI
[2019.01.19-15.25.50:618][705]LogModuleManager: Shutting down and abandoning module SequencerWidgets (626)
[2019.01.19-15.25.50:618][705]LogModuleManager: Shutting down and abandoning module BlueprintGraph (624)
[2019.01.19-15.25.50:618][705]LogModuleManager: Shutting down and abandoning module HierarchicalLODOutliner (622)
[2019.01.19-15.25.50:618][705]LogModuleManager: Shutting down and abandoning module SceneOutliner (620)
[2019.01.19-15.25.50:618][705]LogModuleManager: Shutting down and abandoning module AddContentDialog (618)
[2019.01.19-15.25.50:619][705]LogModuleManager: Shutting down and abandoning module WidgetCarousel (617)
[2019.01.19-15.25.50:619][705]LogModuleManager: Shutting down and abandoning module EditorWidgets (614)
[2019.01.19-15.25.50:619][705]LogModuleManager: Shutting down and abandoning module CollectionManager (612)
[2019.01.19-15.25.50:619][705]LogModuleManager: Shutting down and abandoning module StatsViewer (610)
[2019.01.19-15.25.50:619][705]LogModuleManager: Shutting down and abandoning module FoliageEdit (608)
[2019.01.19-15.25.50:619][705]LogModuleManager: Shutting down and abandoning module LandscapeEditor (606)
[2019.01.19-15.25.50:619][705]LogModuleManager: Shutting down and abandoning module MeshPaintMode (604)
[2019.01.19-15.25.50:619][705]LogModuleManager: Shutting down and abandoning module SceneDepthPickerMode (602)
[2019.01.19-15.25.50:619][705]LogModuleManager: Shutting down and abandoning module ActorPickerMode (600)
[2019.01.19-15.25.50:619][705]LogModuleManager: Shutting down and abandoning module GeometryMode (598)
[2019.01.19-15.25.50:619][705]LogModuleManager: Shutting down and abandoning module TextureAlignMode (596)
[2019.01.19-15.25.50:619][705]LogModuleManager: Shutting down and abandoning module BspMode (594)
[2019.01.19-15.25.50:619][705]LogModuleManager: Shutting down and abandoning module PIEPreviewDeviceProfileSelector (592)
[2019.01.19-15.25.50:619][705]LogModuleManager: Shutting down and abandoning module SequenceRecorderSections (590)
[2019.01.19-15.25.50:619][705]LogModuleManager: Shutting down and abandoning module AutomationWorker (588)
[2019.01.19-15.25.50:620][705]LogModuleManager: Shutting down and abandoning module AudioCaptureEditor (586)
[2019.01.19-15.25.50:620][705]LogModuleManager: Shutting down and abandoning module MatineeToLevelSequence (584)
[2019.01.19-15.25.50:620][705]LogModuleManager: Shutting down and abandoning module LevelSequenceEditor (582)
[2019.01.19-15.25.50:620][705]LogModuleManager: Shutting down and abandoning module PlacementMode (581)
[2019.01.19-15.25.50:620][705]LogModuleManager: Shutting down and abandoning module MaterialEditor (580)
[2019.01.19-15.25.50:620][705]LogModuleManager: Shutting down and abandoning module WmfMediaFactory (576)
[2019.01.19-15.25.50:620][705]LogModuleManager: Shutting down and abandoning module WmfMediaEditor (574)
[2019.01.19-15.25.50:620][705]LogModuleManager: Shutting down and abandoning module WebMMediaFactory (572)
[2019.01.19-15.25.50:620][705]LogModuleManager: Shutting down and abandoning module WebMMediaEditor (570)
[2019.01.19-15.25.50:620][705]LogModuleManager: Shutting down and abandoning module WebMMedia (568)
[2019.01.19-15.25.50:620][705]LogModuleManager: Shutting down and abandoning module MediaPlayerEditor (566)
[2019.01.19-15.25.50:620][705]LogModuleManager: Shutting down and abandoning module MediaCompositingEditor (564)
[2019.01.19-15.25.50:620][705]LogModuleManager: Shutting down and abandoning module SequenceRecorder (563)
[2019.01.19-15.25.50:620][705]LogModuleManager: Shutting down and abandoning module OpenExrWrapper (560)
[2019.01.19-15.25.50:620][705]LogModuleManager: Shutting down and abandoning module ImgMediaFactory (558)
[2019.01.19-15.25.50:620][705]LogModuleManager: Shutting down and abandoning module ImgMediaEditor (556)
[2019.01.19-15.25.50:620][705]LogModuleManager: Shutting down and abandoning module AvfMediaFactory (554)
[2019.01.19-15.25.50:620][705]LogModuleManager: Shutting down and abandoning module AvfMediaEditor (552)
[2019.01.19-15.25.50:620][705]LogModuleManager: Shutting down and abandoning module AndroidMediaFactory (550)
[2019.01.19-15.25.50:620][705]LogModuleManager: Shutting down and abandoning module AndroidMediaEditor (548)
[2019.01.19-15.25.50:620][705]LogModuleManager: Shutting down and abandoning module MagicLeapCameraPreviewFactory (546)
[2019.01.19-15.25.50:620][705]LogModuleManager: Shutting down and abandoning module MagicLeapMediaFactory (544)
[2019.01.19-15.25.50:620][705]LogModuleManager: Shutting down and abandoning module MagicLeapMediaEditor (542)
[2019.01.19-15.25.50:620][705]LogModuleManager: Shutting down and abandoning module CharacterAI (540)
[2019.01.19-15.25.50:620][705]LogModuleManager: Shutting down and abandoning module SmartSnapping (538)
[2019.01.19-15.25.50:620][705]LogModuleManager: Shutting down and abandoning module SessionServices (536)
[2019.01.19-15.25.50:620][705]LogModuleManager: Shutting down and abandoning module ViewportSnapping (534)
[2019.01.19-15.25.50:620][705]LogModuleManager: Shutting down and abandoning module ViewportInteraction (532)
[2019.01.19-15.25.50:620][705]LogModuleManager: Shutting down and abandoning module ClothPainter (530)
[2019.01.19-15.25.50:621][705]LogModuleManager: Shutting down and abandoning module SkeletalMeshEditor (529)
[2019.01.19-15.25.50:621][705]LogModuleManager: Shutting down and abandoning module LogVisualizer (526)
[2019.01.19-15.25.50:621][705]LogModuleManager: Shutting down and abandoning module IntroTutorials (524)
[2019.01.19-15.25.50:621][705]LogModuleManager: Shutting down and abandoning module GameProjectGeneration (523)
[2019.01.19-15.25.50:621][705]LogModuleManager: Shutting down and abandoning module LuminPlatformEditor (520)
[2019.01.19-15.25.50:621][705]LogModuleManager: Shutting down and abandoning module IOSPlatformEditor (518)
[2019.01.19-15.25.50:621][705]LogModuleManager: Shutting down and abandoning module HTML5PlatformEditor (516)
[2019.01.19-15.25.50:621][705]LogModuleManager: Shutting down and abandoning module AndroidPlatformEditor (514)
[2019.01.19-15.25.50:621][705]LogModuleManager: Shutting down and abandoning module AndroidDeviceDetection (513)
[2019.01.19-15.25.51:254][705]LogModuleManager: Shutting down and abandoning module WindowsPlatformEditor (510)
[2019.01.19-15.25.51:254][705]LogModuleManager: Shutting down and abandoning module LuminRuntimeSettings (508)
[2019.01.19-15.25.51:254][705]LogModuleManager: Shutting down and abandoning module IOSRuntimeSettings (506)
[2019.01.19-15.25.51:254][705]LogModuleManager: Shutting down and abandoning module AndroidRuntimeSettings (504)
[2019.01.19-15.25.51:254][705]LogModuleManager: Shutting down and abandoning module TimeManagementEditor (502)
[2019.01.19-15.25.51:254][705]LogModuleManager: Shutting down and abandoning module InputBindingEditor (500)
[2019.01.19-15.25.51:254][705]LogModuleManager: Shutting down and abandoning module MergeActors (498)
[2019.01.19-15.25.51:254][705]LogModuleManager: Shutting down and abandoning module LocalizationDashboard (496)
[2019.01.19-15.25.51:255][705]LogModuleManager: Shutting down and abandoning module LocalizationService (495)
[2019.01.19-15.25.51:255][705]LogModuleManager: Shutting down and abandoning module HardwareTargeting (492)
[2019.01.19-15.25.51:255][705]LogModuleManager: Shutting down and abandoning module DeviceProfileEditor (490)
[2019.01.19-15.25.51:255][705]LogModuleManager: Shutting down and abandoning module UndoHistory (488)
[2019.01.19-15.25.51:255][705]LogModuleManager: Shutting down and abandoning module XmlParser (486)
[2019.01.19-15.25.51:255][705]LogModuleManager: Shutting down and abandoning module Blutility (484)
[2019.01.19-15.25.51:255][705]LogModuleManager: Shutting down and abandoning module ProjectSettingsViewer (482)
[2019.01.19-15.25.51:255][705]LogModuleManager: Shutting down and abandoning module ProjectTargetPlatformEditor (481)
[2019.01.19-15.25.51:255][705]LogModuleManager: Shutting down and abandoning module EditorSettingsViewer (478)
[2019.01.19-15.25.51:255][705]LogModuleManager: Shutting down and abandoning module SettingsEditor (476)
[2019.01.19-15.25.51:255][705]LogModuleManager: Shutting down and abandoning module ProjectLauncher (474)
[2019.01.19-15.25.51:255][705]LogModuleManager: Shutting down and abandoning module SessionFrontend (472)
[2019.01.19-15.25.51:255][705]LogModuleManager: Shutting down and abandoning module ProfilerClient (470)
[2019.01.19-15.25.51:255][705]LogModuleManager: Shutting down and abandoning module DeviceManager (468)
[2019.01.19-15.25.51:255][705]LogModuleManager: Shutting down and abandoning module TargetDeviceServices (467)
[2019.01.19-15.25.51:310][705]LogModuleManager: Shutting down and abandoning module AutomationController (464)
[2019.01.19-15.25.51:310][705]LogModuleManager: Shutting down and abandoning module AutomationWindow (462)
[2019.01.19-15.25.51:310][705]LogModuleManager: Shutting down and abandoning module Layers (460)
[2019.01.19-15.25.51:310][705]LogModuleManager: Shutting down and abandoning module ComponentVisualizers (458)
[2019.01.19-15.25.51:310][705]LogModuleManager: Shutting down and abandoning module DetailCustomizations (456)
[2019.01.19-15.25.51:310][705]LogModuleManager: Shutting down and abandoning module PackagesDialog (454)
[2019.01.19-15.25.51:310][705]LogModuleManager: Shutting down and abandoning module Persona (452)
[2019.01.19-15.25.51:310][705]LogModuleManager: Shutting down and abandoning module AdvancedPreviewScene (451)
[2019.01.19-15.25.51:310][705]LogModuleManager: Shutting down and abandoning module AnimGraph (449)
[2019.01.19-15.25.51:310][705]LogModuleManager: Shutting down and abandoning module Kismet (446)
[2019.01.19-15.25.51:315][705]LogModuleManager: Shutting down and abandoning module GraphEditor (444)
[2019.01.19-15.25.51:316][705]LogModuleManager: Shutting down and abandoning module ClassViewer (442)
[2019.01.19-15.25.51:316][705]LogModuleManager: Shutting down and abandoning module Toolbox (440)
[2019.01.19-15.25.51:316][705]LogModuleManager: Shutting down and abandoning module ModuleUI (438)
[2019.01.19-15.25.51:316][705]LogModuleManager: Shutting down and abandoning module MovieSceneTools (436)
[2019.01.19-15.25.51:316][705]LogModuleManager: Shutting down and abandoning module OutputLog (434)
[2019.01.19-15.25.51:316][705]LogModuleManager: Shutting down and abandoning module GammaUI (432)
[2019.01.19-15.25.51:316][705]LogModuleManager: Shutting down and abandoning module Documentation (430)
[2019.01.19-15.25.51:316][705]LogModuleManager: Shutting down and abandoning module MovieSceneTracks (428)
[2019.01.19-15.25.51:316][705]LogModuleManager: Shutting down and abandoning module MovieScene (426)
[2019.01.19-15.25.51:316][705]LogModuleManager: Shutting down and abandoning module StreamingPauseRendering (424)
[2019.01.19-15.25.51:316][705]LogModuleManager: Shutting down and abandoning module LauncherPlatform (422)
[2019.01.19-15.25.51:316][705]LogModuleManager: Shutting down and abandoning module AnalyticsET (420)
[2019.01.19-15.25.51:316][705]LogModuleManager: Shutting down and abandoning module PortalServices (418)
[2019.01.19-15.25.51:316][705]LogModuleManager: Shutting down and abandoning module PortalRpc (416)
[2019.01.19-15.25.51:316][705]LogModuleManager: Shutting down and abandoning module MessagingRpc (414)
[2019.01.19-15.25.51:316][705]LogModuleManager: Shutting down and abandoning module AIModule (412)
[2019.01.19-15.25.51:316][705]LogModuleManager: Shutting down and abandoning module GameplayDebugger (411)
[2019.01.19-15.25.51:316][705]LogModuleManager: Shutting down and abandoning module AITestSuite (409)
[2019.01.19-15.25.51:316][705]LogModuleManager: Shutting down and abandoning module NavigationSystem (407)
[2019.01.19-15.25.51:316][705]LogModuleManager: Shutting down and abandoning module DesktopPlatform (404)
[2019.01.19-15.25.51:316][705]LogModuleManager: Shutting down and abandoning module ImageWriteQueue (402)
[2019.01.19-15.25.51:320][705]LogModuleManager: Shutting down and abandoning module ProfilerService (400)
[2019.01.19-15.25.51:547][705]LogModuleManager: Shutting down and abandoning module TaskGraph (398)
[2019.01.19-15.25.51:547][705]LogModuleManager: Shutting down and abandoning module SteamVRController (396)
[2019.01.19-15.25.51:547][705]LogModuleManager: Shutting down and abandoning module ProceduralMeshComponentEditor (394)
[2019.01.19-15.25.51:547][705]LogModuleManager: Shutting down and abandoning module ProceduralMeshComponent (392)
[2019.01.19-15.25.51:547][705]LogModuleManager: Shutting down and abandoning module OculusInput (390)
[2019.01.19-15.25.51:547][705]LogModuleManager: Shutting down and abandoning module MobilePatchingUtils (388)
[2019.01.19-15.25.51:548][705]LogModuleManager: Shutting down and abandoning module EditableMesh (386)
[2019.01.19-15.25.51:548][705]LogModuleManager: Shutting down and abandoning module CustomMeshComponent (384)
[2019.01.19-15.25.51:548][705]LogModuleManager: Shutting down and abandoning module CableComponent (382)
[2019.01.19-15.25.51:548][705]LogModuleManager: Shutting down and abandoning module AudioCapture (380)
[2019.01.19-15.25.51:548][705]LogModuleManager: Shutting down and abandoning module ArchVisCharacter (378)
[2019.01.19-15.25.51:548][705]LogModuleManager: Shutting down and abandoning module AndroidPermission (376)
[2019.01.19-15.25.51:548][705]LogModuleManager: Shutting down and abandoning module NUTUnrealEngine4 (374)
[2019.01.19-15.25.51:548][705]LogModuleManager: Shutting down and abandoning module NetcodeUnitTest (372)
[2019.01.19-15.25.51:548][705]LogModuleManager: Shutting down and abandoning module MediaCompositing (370)
[2019.01.19-15.25.51:548][705]LogModuleManager: Shutting down and abandoning module LinearTimecode (368)
[2019.01.19-15.25.51:548][705]LogModuleManager: Shutting down and abandoning module ImgMedia (366)
[2019.01.19-15.25.51:552][705]LogModuleManager: Shutting down and abandoning module HTML5Networking (364)
[2019.01.19-15.25.51:552][705]LogModuleManager: Shutting down and abandoning module GeometryCacheTracks (362)
[2019.01.19-15.25.51:552][705]LogModuleManager: Shutting down and abandoning module GeometryCacheSequencer (360)
[2019.01.19-15.25.51:552][705]LogModuleManager: Shutting down and abandoning module BackChannel (358)
[2019.01.19-15.25.51:552][705]LogModuleManager: Shutting down and abandoning module AppleVision (356)
[2019.01.19-15.25.51:552][705]LogModuleManager: Shutting down and abandoning module AppleImageUtilsBlueprintSupport (354)
[2019.01.19-15.25.51:552][705]LogModuleManager: Shutting down and abandoning module AppleImageUtils (352)
[2019.01.19-15.25.51:552][705]LogModuleManager: Shutting down and abandoning module AlembicImporter (350)
[2019.01.19-15.25.51:552][705]LogModuleManager: Shutting down and abandoning module AlembicLibrary (349)
[2019.01.19-15.25.51:552][705]LogModuleManager: Shutting down and abandoning module GeometryCache (348)
[2019.01.19-15.25.51:552][705]LogModuleManager: Shutting down and abandoning module GeometryCacheEd (347)
[2019.01.19-15.25.51:552][705]LogModuleManager: Shutting down and abandoning module VariantManagerContent (342)
[2019.01.19-15.25.51:552][705]LogModuleManager: Shutting down and abandoning module DatasmithContentEditor (340)
[2019.01.19-15.25.51:552][705]LogModuleManager: Shutting down and abandoning module SpeedTreeImporter (338)
[2019.01.19-15.25.51:552][705]LogModuleManager: Shutting down and abandoning module PluginBrowser (336)
[2019.01.19-15.25.51:552][705]LogModuleManager: Shutting down and abandoning module MobileLauncherProfileWizard (334)
[2019.01.19-15.25.51:552][705]LogModuleManager: Shutting down and abandoning module PolygonModeling (332)
[2019.01.19-15.25.51:552][705]LogModuleManager: Shutting down and abandoning module MeshEditor (330)
[2019.01.19-15.25.51:552][705]LogModuleManager: Shutting down and abandoning module CryptoKeysOpenSSL (328)
[2019.01.19-15.25.51:552][705]LogModuleManager: Shutting down and abandoning module CryptoKeys (326)
[2019.01.19-15.25.51:552][705]LogModuleManager: Shutting down and abandoning module VisualStudioSourceCodeAccess (324)
[2019.01.19-15.25.51:552][705]LogModuleManager: Shutting down and abandoning module VisualStudioCodeSourceCodeAccess (322)
[2019.01.19-15.25.51:552][705]LogModuleManager: Shutting down and abandoning module UObjectPlugin (320)
[2019.01.19-15.25.51:552][705]LogModuleManager: Shutting down and abandoning module SubversionSourceControl (318)
[2019.01.19-15.25.51:553][705]LogModuleManager: Shutting down and abandoning module PerforceSourceControl (316)
[2019.01.19-15.25.51:553][705]LogModuleManager: Shutting down and abandoning module GitSourceControl (314)
[2019.01.19-15.25.51:553][705]LogModuleManager: Shutting down and abandoning module SourceControl (313)
[2019.01.19-15.25.51:553][705]LogModuleManager: Shutting down and abandoning module CLionSourceCodeAccess (310)
[2019.01.19-15.25.51:553][705]LogModuleManager: Shutting down and abandoning module ActorLayerUtilitiesEditor (308)
[2019.01.19-15.25.51:553][705]LogModuleManager: Shutting down and abandoning module ActorLayerUtilities (306)
[2019.01.19-15.25.51:553][705]LogModuleManager: Shutting down and abandoning module LightPropagationVolumeEditor (304)
[2019.01.19-15.25.51:553][705]LogModuleManager: Shutting down and abandoning module PaperTiledImporter (302)
[2019.01.19-15.25.51:553][705]LogModuleManager: Shutting down and abandoning module PaperSpriteSheetImporter (300)
[2019.01.19-15.25.51:553][705]LogModuleManager: Shutting down and abandoning module Paper2DEditor (298)
[2019.01.19-15.25.51:553][705]LogModuleManager: Shutting down and abandoning module MeshPaint (297)
[2019.01.19-15.25.51:553][705]LogModuleManager: Shutting down and abandoning module RuntimePhysXCooking (294)
[2019.01.19-15.25.51:553][705]LogModuleManager: Shutting down and abandoning module PhysXVehiclesEditor (292)
[2019.01.19-15.25.51:553][705]LogModuleManager: Shutting down and abandoning module PhysXVehicles (290)
[2019.01.19-15.25.51:553][705]LogModuleManager: Shutting down and abandoning module OculusEditor (288)
[2019.01.19-15.25.51:553][705]LogModuleManager: Shutting down and abandoning module LocationServicesBPLibrary (286)
[2019.01.19-15.25.51:553][705]LogModuleManager: Shutting down and abandoning module ActorSequence (284)
[2019.01.19-15.25.51:553][705]LogModuleManager: Shutting down and abandoning module UdpMessaging (282)
[2019.01.19-15.25.51:654][705]LogModuleManager: Shutting down and abandoning module TcpMessaging (280)
[2019.01.19-15.25.51:755][705]LogModuleManager: Shutting down and abandoning module MagicLeapAudio (278)
[2019.01.19-15.25.51:755][705]LogModuleManager: Shutting down and abandoning module GameplayTagsEditor (276)
[2019.01.19-15.25.51:755][705]LogModuleManager: Shutting down and abandoning module FacialAnimationEditor (274)
[2019.01.19-15.25.51:755][705]LogModuleManager: Shutting down and abandoning module FacialAnimation (272)
[2019.01.19-15.25.51:755][705]LogModuleManager: Shutting down and abandoning module DataValidation (270)
[2019.01.19-15.25.51:755][705]LogModuleManager: Shutting down and abandoning module AssetManagerEditor (268)
[2019.01.19-15.25.51:755][705]LogModuleManager: Shutting down and abandoning module LevelEditor (267)
[2019.01.19-15.25.51:756][705]LogModuleManager: Shutting down and abandoning module PixelInspectorModule (266)
[2019.01.19-15.25.51:756][705]LogModuleManager: Shutting down and abandoning module CommonMenuExtensions (264)
[2019.01.19-15.25.51:756][705]LogModuleManager: Shutting down and abandoning module MainFrame (262)
[2019.01.19-15.25.51:756][705]LogModuleManager: Shutting down and abandoning module HotReload (261)
[2019.01.19-15.25.51:756][705]LogModuleManager: Shutting down and abandoning module ContentBrowser (257)
[2019.01.19-15.25.51:757][705]LogModuleManager: Shutting down and abandoning module TreeMap (255)
[2019.01.19-15.25.51:757][705]LogModuleManager: Shutting down and abandoning module LightPropagationVolumeRuntime (252)
[2019.01.19-15.25.51:757][705]LogModuleManager: Shutting down and abandoning module AISupportModule (250)
[2019.01.19-15.25.51:757][705]LogModuleManager: Shutting down and abandoning module Paper2D (248)
[2019.01.19-15.25.51:757][705]LogModuleManager: Shutting down and abandoning module WindowsMoviePlayer (246)
[2019.01.19-15.25.51:757][705]LogModuleManager: Shutting down and abandoning module WebMMoviePlayer (244)
[2019.01.19-15.25.51:757][705]LogModuleManager: Shutting down and abandoning module WmfMedia (242)
[2019.01.19-15.25.51:759][705]LogModuleManager: Shutting down and abandoning module Media (241)
[2019.01.19-15.25.51:765][705]LogModuleManager: Shutting down and abandoning module PacketHandler (238)
[2019.01.19-15.25.51:765][705]LogModuleManager: Shutting down and abandoning module ClothingSystemEditor (236)
[2019.01.19-15.25.51:765][705]LogModuleManager: Shutting down and abandoning module ClothingSystemRuntime (234)
[2019.01.19-15.25.51:765][705]LogModuleManager: Shutting down and abandoning module MediaAssets (232)
[2019.01.19-15.25.51:765][705]LogModuleManager: Shutting down and abandoning module Overlay (230)
[2019.01.19-15.25.51:765][705]LogModuleManager: Shutting down and abandoning module OverlayEditor (229)
[2019.01.19-15.25.51:765][705]LogModuleManager: Shutting down and abandoning module VREditor (226)
[2019.01.19-15.25.51:766][705]LogModuleManager: Shutting down and abandoning module StringTableEditor (224)
[2019.01.19-15.25.51:766][705]LogModuleManager: Shutting down and abandoning module GameplayTasksEditor (222)
[2019.01.19-15.25.51:766][705]LogModuleManager: Shutting down and abandoning module BehaviorTreeEditor (220)
[2019.01.19-15.25.51:766][705]LogModuleManager: Shutting down and abandoning module FunctionalTesting (218)
[2019.01.19-15.25.51:766][705]LogModuleManager: Shutting down and abandoning module CollisionAnalyzer (216)
[2019.01.19-15.25.51:766][705]LogModuleManager: Shutting down and abandoning module WorkspaceMenuStructure (215)
[2019.01.19-15.25.51:766][705]LogModuleManager: Shutting down and abandoning module UMG (212)
[2019.01.19-15.25.51:766][705]LogModuleManager: Shutting down and abandoning module UMGEditor (211)
[2019.01.19-15.25.51:766][705]LogModuleManager: Shutting down and abandoning module Sequencer (210)
[2019.01.19-15.25.51:766][705]LogModuleManager: Shutting down and abandoning module MessageLog (207)
[2019.01.19-15.25.51:766][705]LogModuleManager: Shutting down and abandoning module SlateReflector (202)
[2019.01.19-15.25.51:766][705]LogModuleManager: Shutting down and abandoning module Slate (200)
[2019.01.19-15.25.51:766][705]LogModuleManager: Shutting down and abandoning module EditorStyle (198)
[2019.01.19-15.25.51:768][705]LogModuleManager: Shutting down and abandoning module MRMesh (196)
[2019.01.19-15.25.51:768][705]LogModuleManager: Shutting down and abandoning module SourceCodeAccess (194)
[2019.01.19-15.25.51:768][705]LogModuleManager: Shutting down and abandoning module HeadMountedDisplay (192)
[2019.01.19-15.25.51:768][705]LogModuleManager: Shutting down and abandoning module XAudio2 (190)
[2019.01.19-15.25.51:768][705]LogModuleManager: Shutting down and abandoning module Networking (188)
[2019.01.19-15.25.51:768][705]LogModuleManager: Shutting down and abandoning module Core (186)
[2019.01.19-15.25.51:768][705]LogModuleManager: Shutting down and abandoning module LevelSequence (184)
[2019.01.19-15.25.51:768][705]LogModuleManager: Shutting down and abandoning module KismetCompiler (182)
[2019.01.19-15.25.51:768][705]LogModuleManager: Shutting down and abandoning module MeshUtilities (180)
[2019.01.19-15.25.51:768][705]LogModuleManager: Shutting down and abandoning module MeshMergeUtilities (179)
[2019.01.19-15.25.51:768][705]LogModuleManager: Shutting down and abandoning module MeshReductionInterface (178)
[2019.01.19-15.25.51:768][705]LogModuleManager: Shutting down and abandoning module SimplygonSwarm (177)
[2019.01.19-15.25.51:769][705]LogModuleManager: Shutting down and abandoning module ProxyLODMeshReduction (175)
[2019.01.19-15.25.51:769][705]LogModuleManager: Shutting down and abandoning module SimplygonMeshReduction (173)
[2019.01.19-15.25.51:769][705]LogModuleManager: Shutting down and abandoning module QuadricMeshReduction (171)
[2019.01.19-15.25.51:769][705]LogModuleManager: Shutting down and abandoning module MaterialBaking (167)
[2019.01.19-15.25.51:769][705]LogModuleManager: Shutting down and abandoning module DirectoryWatcher (163)
[2019.01.19-15.25.51:769][705]LogModuleManager: Shutting down and abandoning module DerivedDataCache (160)
[2019.01.19-15.25.51:822][705]LogDerivedDataCache: Shutdown
[2019.01.19-15.25.51:822][705]LogModuleManager: Shutting down and abandoning module XGEController (158)
[2019.01.19-15.25.51:822][705]LogXGEController: Cleaning working directory: C:/Users/Daniel/AppData/Local/Temp/UnrealXGEWorkingDir/
[2019.01.19-15.25.51:823][705]LogModuleManager: Shutting down and abandoning module TargetPlatform (156)
[2019.01.19-15.25.51:823][705]LogModuleManager: Shutting down and abandoning module VulkanShaderFormat (155)
[2019.01.19-15.25.51:823][705]LogModuleManager: Shutting down and abandoning module ShaderFormatVectorVM (153)
[2019.01.19-15.25.51:823][705]LogModuleManager: Shutting down and abandoning module ShaderFormatOpenGL (151)
[2019.01.19-15.25.51:823][705]LogModuleManager: Shutting down and abandoning module ShaderFormatD3D (149)
[2019.01.19-15.25.51:823][705]LogModuleManager: Shutting down and abandoning module MetalShaderFormat (147)
[2019.01.19-15.25.51:823][705]LogModuleManager: Shutting down and abandoning module TextureFormatUncompressed (145)
[2019.01.19-15.25.51:823][705]LogModuleManager: Shutting down and abandoning module TextureFormatPVR (143)
[2019.01.19-15.25.51:823][705]LogModuleManager: Shutting down and abandoning module TextureFormatDXT (141)
[2019.01.19-15.25.51:823][705]LogModuleManager: Shutting down and abandoning module TextureFormatIntelISPCTexComp (139)
[2019.01.19-15.25.51:823][705]LogModuleManager: Shutting down and abandoning module TextureFormatASTC (137)
[2019.01.19-15.25.51:823][705]LogModuleManager: Shutting down and abandoning module ImageWrapper (136)
[2019.01.19-15.25.51:823][705]LogModuleManager: Shutting down and abandoning module TextureFormatAndroid (133)
[2019.01.19-15.25.51:823][705]LogModuleManager: Shutting down and abandoning module AudioFormatOpus (131)
[2019.01.19-15.25.51:823][705]LogModuleManager: Shutting down and abandoning module AudioFormatOgg (129)
[2019.01.19-15.25.51:823][705]LogModuleManager: Shutting down and abandoning module AudioFormatADPCM (127)
[2019.01.19-15.25.51:823][705]LogModuleManager: Shutting down and abandoning module LuminTargetPlatform (125)
[2019.01.19-15.25.51:824][705]LogModuleManager: Shutting down and abandoning module LinuxTargetPlatform (123)
[2019.01.19-15.25.51:824][705]LogModuleManager: Shutting down and abandoning module LinuxServerTargetPlatform (121)
[2019.01.19-15.25.51:824][705]LogModuleManager: Shutting down and abandoning module LinuxNoEditorTargetPlatform (119)
[2019.01.19-15.25.51:824][705]LogModuleManager: Shutting down and abandoning module LinuxClientTargetPlatform (117)
[2019.01.19-15.25.51:824][705]LogModuleManager: Shutting down and abandoning module TVOSTargetPlatform (115)
[2019.01.19-15.25.51:825][705]LogModuleManager: Shutting down and abandoning module Messaging (113)
[2019.01.19-15.25.51:825][705]LogModuleManager: Shutting down and abandoning module IOSTargetPlatform (111)
[2019.01.19-15.25.51:825][705]LogModuleManager: Shutting down and abandoning module HTML5TargetPlatform (109)
[2019.01.19-15.25.51:825][705]LogModuleManager: Shutting down and abandoning module AndroidTargetPlatform (107)
[2019.01.19-15.25.51:831][705]LogModuleManager: Shutting down and abandoning module WindowsTargetPlatform (105)
[2019.01.19-15.25.51:831][705]LogModuleManager: Shutting down and abandoning module WindowsServerTargetPlatform (103)
[2019.01.19-15.25.51:831][705]LogModuleManager: Shutting down and abandoning module WindowsNoEditorTargetPlatform (101)
[2019.01.19-15.25.51:831][705]LogModuleManager: Shutting down and abandoning module WindowsClientTargetPlatform (99)
[2019.01.19-15.25.51:831][705]LogModuleManager: Shutting down and abandoning module MacTargetPlatform (97)
[2019.01.19-15.25.51:831][705]LogModuleManager: Shutting down and abandoning module MacServerTargetPlatform (95)
[2019.01.19-15.25.51:831][705]LogModuleManager: Shutting down and abandoning module MacNoEditorTargetPlatform (93)
[2019.01.19-15.25.51:831][705]LogModuleManager: Shutting down and abandoning module MacClientTargetPlatform (91)
[2019.01.19-15.25.51:831][705]LogModuleManager: Shutting down and abandoning module AllDesktopTargetPlatform (89)
[2019.01.19-15.25.51:831][705]LogModuleManager: Shutting down and abandoning module InputCore (86)
[2019.01.19-15.25.51:831][705]LogModuleManager: Shutting down and abandoning module Settings (84)
[2019.01.19-15.25.51:831][705]LogModuleManager: Shutting down and abandoning module PhysXCooking (82)
[2019.01.19-15.25.51:832][705]LogModuleManager: Shutting down and abandoning module SteamVR (80)
[2019.01.19-15.25.51:832][705]LogHMD: Freeing OpenVRDLLHandle.
[2019.01.19-15.25.51:832][705]LogModuleManager: Shutting down and abandoning module OculusHMD (78)
[2019.01.19-15.25.51:832][705]LogModuleManager: Shutting down and abandoning module ExampleDeviceProfileSelector (76)
[2019.01.19-15.25.51:832][705]LogModuleManager: Shutting down and abandoning module LauncherChunkInstaller (74)
[2019.01.19-15.25.51:832][705]LogModuleManager: Shutting down and abandoning module OnlineBlueprintSupport (72)
[2019.01.19-15.25.51:832][705]LogModuleManager: Shutting down and abandoning module OnlineSubsystem (68)
[2019.01.19-15.25.51:832][705]LogModuleManager: Shutting down and abandoning module XMPP (63)
[2019.01.19-15.25.51:832][705]LogModuleManager: Shutting down and abandoning module WebSockets (62)
[2019.01.19-15.25.51:867][705]LogModuleManager: Shutting down and abandoning module HTTP (59)
[2019.01.19-15.25.51:867][705]LogHttp: Display: Http module shutting down, but needs to wait on 1 outstanding Http requests:
[2019.01.19-15.25.51:867][705]LogHttp: Display: 	verb=[POST] url=[https://datarouter.ol.epicgames.com/datarouter/api/v1/public/data?SessionID=%7B002BA79C-43C3-0E94-00D6-D189ED6C2640%7D&AppID=UEEditor.Rocket.Release&AppVersion=4.21.1-4613538%2B%2B%2BUE4%2BRelease-4.21&UserID=d56977484a765b469dbbcfb41314e436%7Cf0171e4d6c65458b8813da870a3e9764%7C44a28d15-b1a8-4447-9c1a-8215baa4f8a6&AppEnvironment=datacollector-binary&UploadType=eteventstream] status=Processing
[2019.01.19-15.25.51:891][705]LogModuleManager: Shutting down and abandoning module SSL (58)
[2019.01.19-15.25.51:892][705]LogModuleManager: Shutting down and abandoning module MagicLeapIdentity (54)
[2019.01.19-15.25.51:892][705]LogModuleManager: Shutting down and abandoning module MagicLeapHelperVulkan (52)
[2019.01.19-15.25.51:892][705]LogModuleManager: Shutting down and abandoning module MagicLeapHelperOpenGL (50)
[2019.01.19-15.25.51:892][705]LogModuleManager: Shutting down and abandoning module MagicLeapSecureStorage (48)
[2019.01.19-15.25.51:893][705]LogModuleManager: Shutting down and abandoning module MagicLeapHandTracking (46)
[2019.01.19-15.25.51:893][705]LogModuleManager: Shutting down and abandoning module MagicLeapEyeTracker (44)
[2019.01.19-15.25.51:893][705]LogModuleManager: Shutting down and abandoning module MagicLeapController (42)
[2019.01.19-15.25.51:893][705]LogSlate: Slate User Destroyed.  User Index 0, Is Virtual User: 0
[2019.01.19-15.25.51:893][705]LogModuleManager: Shutting down and abandoning module MagicLeap (40)
[2019.01.19-15.25.51:893][705]LogModuleManager: Shutting down and abandoning module DatasmithContent (38)
[2019.01.19-15.25.51:893][705]LogModuleManager: Shutting down and abandoning module AnimationModifiers (36)
[2019.01.19-15.25.51:893][705]LogModuleManager: Shutting down and abandoning module PropertyEditor (35)
[2019.01.19-15.25.51:893][705]LogModuleManager: Shutting down and abandoning module AudioEditor (32)
[2019.01.19-15.25.51:893][705]LogModuleManager: Shutting down and abandoning module TextureCompressor (30)
[2019.01.19-15.25.51:894][705]LogModuleManager: Shutting down and abandoning module ShaderCore (28)
[2019.01.19-15.25.51:894][705]LogModuleManager: Shutting down and abandoning module Landscape (26)
[2019.01.19-15.25.51:894][705]LogModuleManager: Shutting down and abandoning module SlateRHIRenderer (24)
[2019.01.19-15.25.51:894][705]LogModuleManager: Shutting down and abandoning module OpenGLDrv (22)
[2019.01.19-15.25.51:894][705]LogModuleManager: Shutting down and abandoning module D3D11RHI (20)
[2019.01.19-15.25.51:894][705]LogModuleManager: Shutting down and abandoning module AnimGraphRuntime (18)
[2019.01.19-15.25.51:894][705]LogModuleManager: Shutting down and abandoning module Renderer (16)
[2019.01.19-15.25.51:894][705]LogModuleManager: Shutting down and abandoning module Engine (14)
[2019.01.19-15.25.51:894][705]LogModuleManager: Shutting down and abandoning module CoreUObject (12)
[2019.01.19-15.25.51:895][705]LogModuleManager: Shutting down and abandoning module NetworkFile (10)
[2019.01.19-15.25.51:895][705]LogModuleManager: Shutting down and abandoning module CookedIterativeFile (8)
[2019.01.19-15.25.51:895][705]LogModuleManager: Shutting down and abandoning module StreamingFile (6)
[2019.01.19-15.25.51:895][705]LogModuleManager: Shutting down and abandoning module SandboxFile (4)
[2019.01.19-15.25.51:895][705]LogModuleManager: Shutting down and abandoning module PakFile (2)
[2019.01.19-15.25.51:907][705]LogExit: Exiting.
[2019.01.19-15.25.51:937][705]Log file closed, 01/19/19 17:25:51
